{"C:\\Users\\ioptyu2\\Desktop\\liskov\\lap2\\RecycleBin\\api\\api.js": {"path":"C:\\Users\\ioptyu2\\Desktop\\liskov\\lap2\\RecycleBin\\api\\api.js","statementMap":{"0":{"start":{"line":1,"column":16},"end":{"line":1,"column":34}},"1":{"start":{"line":2,"column":13},"end":{"line":2,"column":28}},"2":{"start":{"line":4,"column":18},"end":{"line":4,"column":48}},"3":{"start":{"line":5,"column":21},"end":{"line":5,"column":58}},"4":{"start":{"line":6,"column":22},"end":{"line":6,"column":50}},"5":{"start":{"line":7,"column":19},"end":{"line":7,"column":44}},"6":{"start":{"line":8,"column":26},"end":{"line":8,"column":58}},"7":{"start":{"line":9,"column":32},"end":{"line":9,"column":70}},"8":{"start":{"line":10,"column":22},"end":{"line":10,"column":50}},"9":{"start":{"line":11,"column":18},"end":{"line":11,"column":42}},"10":{"start":{"line":12,"column":28},"end":{"line":12,"column":62}},"11":{"start":{"line":13,"column":27},"end":{"line":13,"column":59}},"12":{"start":{"line":14,"column":26},"end":{"line":14,"column":58}},"13":{"start":{"line":16,"column":12},"end":{"line":16,"column":21}},"14":{"start":{"line":18,"column":0},"end":{"line":18,"column":16}},"15":{"start":{"line":19,"column":0},"end":{"line":19,"column":24}},"16":{"start":{"line":20,"column":0},"end":{"line":20,"column":19}},"17":{"start":{"line":22,"column":0},"end":{"line":27,"column":2}},"18":{"start":{"line":23,"column":4},"end":{"line":26,"column":6}},"19":{"start":{"line":29,"column":0},"end":{"line":29,"column":35}},"20":{"start":{"line":30,"column":0},"end":{"line":30,"column":33}},"21":{"start":{"line":31,"column":0},"end":{"line":31,"column":30}},"22":{"start":{"line":32,"column":0},"end":{"line":32,"column":42}},"23":{"start":{"line":33,"column":0},"end":{"line":33,"column":55}},"24":{"start":{"line":34,"column":0},"end":{"line":34,"column":35}},"25":{"start":{"line":35,"column":0},"end":{"line":35,"column":27}},"26":{"start":{"line":36,"column":0},"end":{"line":36,"column":42}},"27":{"start":{"line":37,"column":0},"end":{"line":37,"column":37}},"28":{"start":{"line":38,"column":0},"end":{"line":38,"column":43}},"29":{"start":{"line":40,"column":0},"end":{"line":40,"column":21}}},"fnMap":{"0":{"name":"(anonymous_0)","decl":{"start":{"line":22,"column":13},"end":{"line":22,"column":14}},"loc":{"start":{"line":22,"column":27},"end":{"line":27,"column":1}},"line":22}},"branchMap":{},"s":{"0":1,"1":1,"2":1,"3":1,"4":1,"5":1,"6":1,"7":1,"8":1,"9":1,"10":1,"11":1,"12":1,"13":1,"14":1,"15":1,"16":1,"17":1,"18":0,"19":1,"20":1,"21":1,"22":1,"23":1,"24":1,"25":1,"26":1,"27":1,"28":1,"29":1},"f":{"0":0},"b":{},"_coverageSchema":"1a1c01bbd47fc00a2c39e90264f33305004495a9","hash":"0363d5fcffff3c26411f8d437031e7bb8ed05294"}
,"C:\\Users\\ioptyu2\\Desktop\\liskov\\lap2\\RecycleBin\\api\\controllers\\address.js": {"path":"C:\\Users\\ioptyu2\\Desktop\\liskov\\lap2\\RecycleBin\\api\\controllers\\address.js","statementMap":{"0":{"start":{"line":1,"column":16},"end":{"line":1,"column":44}},"1":{"start":{"line":4,"column":4},"end":{"line":9,"column":5}},"2":{"start":{"line":5,"column":26},"end":{"line":5,"column":48}},"3":{"start":{"line":6,"column":8},"end":{"line":6,"column":40}},"4":{"start":{"line":8,"column":8},"end":{"line":8,"column":53}},"5":{"start":{"line":13,"column":4},"end":{"line":19,"column":5}},"6":{"start":{"line":14,"column":21},"end":{"line":14,"column":29}},"7":{"start":{"line":15,"column":23},"end":{"line":15,"column":49}},"8":{"start":{"line":16,"column":8},"end":{"line":16,"column":37}},"9":{"start":{"line":18,"column":8},"end":{"line":18,"column":53}},"10":{"start":{"line":23,"column":4},"end":{"line":29,"column":5}},"11":{"start":{"line":24,"column":19},"end":{"line":24,"column":42}},"12":{"start":{"line":25,"column":24},"end":{"line":25,"column":52}},"13":{"start":{"line":26,"column":8},"end":{"line":26,"column":38}},"14":{"start":{"line":28,"column":8},"end":{"line":28,"column":53}},"15":{"start":{"line":33,"column":4},"end":{"line":39,"column":5}},"16":{"start":{"line":34,"column":21},"end":{"line":34,"column":31}},"17":{"start":{"line":35,"column":24},"end":{"line":35,"column":61}},"18":{"start":{"line":36,"column":8},"end":{"line":36,"column":38}},"19":{"start":{"line":38,"column":8},"end":{"line":38,"column":53}},"20":{"start":{"line":43,"column":4},"end":{"line":50,"column":5}},"21":{"start":{"line":44,"column":19},"end":{"line":44,"column":42}},"22":{"start":{"line":45,"column":24},"end":{"line":45,"column":52}},"23":{"start":{"line":46,"column":23},"end":{"line":46,"column":46}},"24":{"start":{"line":47,"column":8},"end":{"line":47,"column":30}},"25":{"start":{"line":49,"column":8},"end":{"line":49,"column":53}},"26":{"start":{"line":54,"column":4},"end":{"line":62,"column":5}},"27":{"start":{"line":55,"column":19},"end":{"line":55,"column":42}},"28":{"start":{"line":56,"column":21},"end":{"line":56,"column":29}},"29":{"start":{"line":57,"column":24},"end":{"line":57,"column":52}},"30":{"start":{"line":58,"column":23},"end":{"line":58,"column":49}},"31":{"start":{"line":59,"column":8},"end":{"line":59,"column":37}},"32":{"start":{"line":61,"column":8},"end":{"line":61,"column":53}},"33":{"start":{"line":65,"column":0},"end":{"line":65,"column":85}}},"fnMap":{"0":{"name":"showAll","decl":{"start":{"line":3,"column":15},"end":{"line":3,"column":22}},"loc":{"start":{"line":3,"column":34},"end":{"line":10,"column":1}},"line":3},"1":{"name":"create","decl":{"start":{"line":12,"column":15},"end":{"line":12,"column":21}},"loc":{"start":{"line":12,"column":33},"end":{"line":20,"column":1}},"line":12},"2":{"name":"showOneById","decl":{"start":{"line":22,"column":15},"end":{"line":22,"column":26}},"loc":{"start":{"line":22,"column":38},"end":{"line":30,"column":1}},"line":22},"3":{"name":"showOneByUserInput","decl":{"start":{"line":32,"column":15},"end":{"line":32,"column":33}},"loc":{"start":{"line":32,"column":45},"end":{"line":40,"column":1}},"line":32},"4":{"name":"destroy","decl":{"start":{"line":42,"column":15},"end":{"line":42,"column":22}},"loc":{"start":{"line":42,"column":34},"end":{"line":51,"column":1}},"line":42},"5":{"name":"update","decl":{"start":{"line":53,"column":15},"end":{"line":53,"column":21}},"loc":{"start":{"line":53,"column":33},"end":{"line":63,"column":1}},"line":53}},"branchMap":{},"s":{"0":1,"1":1,"2":1,"3":1,"4":0,"5":1,"6":1,"7":1,"8":1,"9":0,"10":1,"11":1,"12":1,"13":1,"14":0,"15":1,"16":1,"17":1,"18":1,"19":0,"20":1,"21":1,"22":1,"23":1,"24":1,"25":0,"26":1,"27":1,"28":1,"29":1,"30":1,"31":1,"32":0,"33":1},"f":{"0":1,"1":1,"2":1,"3":1,"4":1,"5":1},"b":{},"_coverageSchema":"1a1c01bbd47fc00a2c39e90264f33305004495a9","hash":"77b6f44d6741a11dbb3d0ee133eb11d0c3eb3c63"}
,"C:\\Users\\ioptyu2\\Desktop\\liskov\\lap2\\RecycleBin\\api\\controllers\\addressZone.js": {"path":"C:\\Users\\ioptyu2\\Desktop\\liskov\\lap2\\RecycleBin\\api\\controllers\\addressZone.js","statementMap":{"0":{"start":{"line":1,"column":20},"end":{"line":1,"column":52}},"1":{"start":{"line":4,"column":4},"end":{"line":9,"column":5}},"2":{"start":{"line":5,"column":29},"end":{"line":5,"column":55}},"3":{"start":{"line":6,"column":8},"end":{"line":6,"column":43}},"4":{"start":{"line":8,"column":8},"end":{"line":8,"column":53}},"5":{"start":{"line":13,"column":4},"end":{"line":19,"column":5}},"6":{"start":{"line":14,"column":23},"end":{"line":14,"column":33}},"7":{"start":{"line":15,"column":28},"end":{"line":15,"column":80}},"8":{"start":{"line":16,"column":8},"end":{"line":16,"column":42}},"9":{"start":{"line":18,"column":8},"end":{"line":18,"column":53}},"10":{"start":{"line":23,"column":4},"end":{"line":29,"column":5}},"11":{"start":{"line":24,"column":19},"end":{"line":24,"column":42}},"12":{"start":{"line":25,"column":28},"end":{"line":25,"column":60}},"13":{"start":{"line":26,"column":8},"end":{"line":26,"column":42}},"14":{"start":{"line":28,"column":8},"end":{"line":28,"column":53}},"15":{"start":{"line":33,"column":4},"end":{"line":39,"column":5}},"16":{"start":{"line":34,"column":21},"end":{"line":34,"column":29}},"17":{"start":{"line":35,"column":23},"end":{"line":35,"column":53}},"18":{"start":{"line":36,"column":8},"end":{"line":36,"column":37}},"19":{"start":{"line":38,"column":8},"end":{"line":38,"column":53}},"20":{"start":{"line":43,"column":4},"end":{"line":50,"column":5}},"21":{"start":{"line":44,"column":19},"end":{"line":44,"column":42}},"22":{"start":{"line":45,"column":28},"end":{"line":45,"column":60}},"23":{"start":{"line":46,"column":23},"end":{"line":46,"column":50}},"24":{"start":{"line":47,"column":8},"end":{"line":47,"column":30}},"25":{"start":{"line":49,"column":8},"end":{"line":49,"column":53}},"26":{"start":{"line":54,"column":4},"end":{"line":62,"column":5}},"27":{"start":{"line":55,"column":19},"end":{"line":55,"column":42}},"28":{"start":{"line":56,"column":21},"end":{"line":56,"column":29}},"29":{"start":{"line":57,"column":28},"end":{"line":57,"column":60}},"30":{"start":{"line":58,"column":23},"end":{"line":58,"column":53}},"31":{"start":{"line":59,"column":8},"end":{"line":59,"column":37}},"32":{"start":{"line":61,"column":8},"end":{"line":61,"column":53}},"33":{"start":{"line":65,"column":0},"end":{"line":65,"column":82}}},"fnMap":{"0":{"name":"showAll","decl":{"start":{"line":3,"column":15},"end":{"line":3,"column":22}},"loc":{"start":{"line":3,"column":34},"end":{"line":10,"column":1}},"line":3},"1":{"name":"showOneByNumber","decl":{"start":{"line":12,"column":15},"end":{"line":12,"column":30}},"loc":{"start":{"line":12,"column":41},"end":{"line":20,"column":1}},"line":12},"2":{"name":"showOneById","decl":{"start":{"line":22,"column":15},"end":{"line":22,"column":26}},"loc":{"start":{"line":22,"column":38},"end":{"line":30,"column":1}},"line":22},"3":{"name":"create","decl":{"start":{"line":32,"column":15},"end":{"line":32,"column":21}},"loc":{"start":{"line":32,"column":33},"end":{"line":40,"column":1}},"line":32},"4":{"name":"destroy","decl":{"start":{"line":42,"column":15},"end":{"line":42,"column":22}},"loc":{"start":{"line":42,"column":34},"end":{"line":51,"column":1}},"line":42},"5":{"name":"update","decl":{"start":{"line":53,"column":15},"end":{"line":53,"column":21}},"loc":{"start":{"line":53,"column":33},"end":{"line":63,"column":1}},"line":53}},"branchMap":{},"s":{"0":1,"1":1,"2":1,"3":1,"4":0,"5":0,"6":0,"7":0,"8":0,"9":0,"10":1,"11":1,"12":1,"13":1,"14":0,"15":1,"16":1,"17":1,"18":1,"19":0,"20":1,"21":1,"22":1,"23":1,"24":1,"25":0,"26":1,"27":1,"28":1,"29":1,"30":1,"31":1,"32":0,"33":1},"f":{"0":1,"1":0,"2":1,"3":1,"4":1,"5":1},"b":{},"_coverageSchema":"1a1c01bbd47fc00a2c39e90264f33305004495a9","hash":"143bc3cd3988bd26166a9d1aea63d2d1a9b718c9"}
,"C:\\Users\\ioptyu2\\Desktop\\liskov\\lap2\\RecycleBin\\api\\controllers\\appointment.js": {"path":"C:\\Users\\ioptyu2\\Desktop\\liskov\\lap2\\RecycleBin\\api\\controllers\\appointment.js","statementMap":{"0":{"start":{"line":1,"column":21},"end":{"line":1,"column":53}},"1":{"start":{"line":4,"column":4},"end":{"line":9,"column":5}},"2":{"start":{"line":5,"column":28},"end":{"line":5,"column":54}},"3":{"start":{"line":6,"column":8},"end":{"line":6,"column":42}},"4":{"start":{"line":8,"column":8},"end":{"line":8,"column":53}},"5":{"start":{"line":13,"column":4},"end":{"line":19,"column":5}},"6":{"start":{"line":14,"column":21},"end":{"line":14,"column":29}},"7":{"start":{"line":15,"column":23},"end":{"line":15,"column":53}},"8":{"start":{"line":16,"column":8},"end":{"line":16,"column":37}},"9":{"start":{"line":18,"column":8},"end":{"line":18,"column":53}},"10":{"start":{"line":23,"column":4},"end":{"line":29,"column":5}},"11":{"start":{"line":24,"column":19},"end":{"line":24,"column":42}},"12":{"start":{"line":25,"column":28},"end":{"line":25,"column":60}},"13":{"start":{"line":26,"column":8},"end":{"line":26,"column":42}},"14":{"start":{"line":28,"column":8},"end":{"line":28,"column":53}},"15":{"start":{"line":33,"column":4},"end":{"line":40,"column":5}},"16":{"start":{"line":34,"column":19},"end":{"line":34,"column":42}},"17":{"start":{"line":35,"column":28},"end":{"line":35,"column":60}},"18":{"start":{"line":36,"column":23},"end":{"line":36,"column":50}},"19":{"start":{"line":37,"column":8},"end":{"line":37,"column":30}},"20":{"start":{"line":39,"column":8},"end":{"line":39,"column":53}},"21":{"start":{"line":44,"column":4},"end":{"line":52,"column":5}},"22":{"start":{"line":45,"column":19},"end":{"line":45,"column":42}},"23":{"start":{"line":46,"column":21},"end":{"line":46,"column":29}},"24":{"start":{"line":47,"column":28},"end":{"line":47,"column":60}},"25":{"start":{"line":48,"column":23},"end":{"line":48,"column":53}},"26":{"start":{"line":49,"column":8},"end":{"line":49,"column":37}},"27":{"start":{"line":51,"column":8},"end":{"line":51,"column":53}},"28":{"start":{"line":55,"column":0},"end":{"line":55,"column":61}}},"fnMap":{"0":{"name":"showAll","decl":{"start":{"line":3,"column":15},"end":{"line":3,"column":22}},"loc":{"start":{"line":3,"column":34},"end":{"line":10,"column":1}},"line":3},"1":{"name":"create","decl":{"start":{"line":12,"column":15},"end":{"line":12,"column":21}},"loc":{"start":{"line":12,"column":33},"end":{"line":20,"column":1}},"line":12},"2":{"name":"showOne","decl":{"start":{"line":22,"column":15},"end":{"line":22,"column":22}},"loc":{"start":{"line":22,"column":34},"end":{"line":30,"column":1}},"line":22},"3":{"name":"destroy","decl":{"start":{"line":32,"column":15},"end":{"line":32,"column":22}},"loc":{"start":{"line":32,"column":34},"end":{"line":41,"column":1}},"line":32},"4":{"name":"update","decl":{"start":{"line":43,"column":15},"end":{"line":43,"column":21}},"loc":{"start":{"line":43,"column":33},"end":{"line":53,"column":1}},"line":43}},"branchMap":{},"s":{"0":1,"1":1,"2":1,"3":1,"4":0,"5":1,"6":1,"7":1,"8":1,"9":0,"10":1,"11":1,"12":1,"13":1,"14":0,"15":1,"16":1,"17":1,"18":1,"19":1,"20":0,"21":1,"22":1,"23":1,"24":1,"25":1,"26":1,"27":0,"28":1},"f":{"0":1,"1":1,"2":1,"3":1,"4":1},"b":{},"_coverageSchema":"1a1c01bbd47fc00a2c39e90264f33305004495a9","hash":"b4d688be94dc4ab12a5404a68538eef5ace2a83d"}
,"C:\\Users\\ioptyu2\\Desktop\\liskov\\lap2\\RecycleBin\\api\\controllers\\bin.js": {"path":"C:\\Users\\ioptyu2\\Desktop\\liskov\\lap2\\RecycleBin\\api\\controllers\\bin.js","statementMap":{"0":{"start":{"line":1,"column":12},"end":{"line":1,"column":36}},"1":{"start":{"line":4,"column":4},"end":{"line":9,"column":5}},"2":{"start":{"line":5,"column":21},"end":{"line":5,"column":39}},"3":{"start":{"line":6,"column":8},"end":{"line":6,"column":35}},"4":{"start":{"line":8,"column":8},"end":{"line":8,"column":53}},"5":{"start":{"line":13,"column":4},"end":{"line":20,"column":5}},"6":{"start":{"line":14,"column":21},"end":{"line":14,"column":49}},"7":{"start":{"line":15,"column":20},"end":{"line":15,"column":48}},"8":{"start":{"line":17,"column":8},"end":{"line":17,"column":34}},"9":{"start":{"line":19,"column":8},"end":{"line":19,"column":53}},"10":{"start":{"line":24,"column":4},"end":{"line":30,"column":5}},"11":{"start":{"line":25,"column":19},"end":{"line":25,"column":42}},"12":{"start":{"line":26,"column":20},"end":{"line":26,"column":44}},"13":{"start":{"line":27,"column":8},"end":{"line":27,"column":34}},"14":{"start":{"line":29,"column":8},"end":{"line":29,"column":53}},"15":{"start":{"line":34,"column":4},"end":{"line":40,"column":5}},"16":{"start":{"line":35,"column":21},"end":{"line":35,"column":29}},"17":{"start":{"line":36,"column":23},"end":{"line":36,"column":45}},"18":{"start":{"line":37,"column":8},"end":{"line":37,"column":37}},"19":{"start":{"line":39,"column":8},"end":{"line":39,"column":53}},"20":{"start":{"line":44,"column":4},"end":{"line":51,"column":5}},"21":{"start":{"line":45,"column":19},"end":{"line":45,"column":42}},"22":{"start":{"line":46,"column":20},"end":{"line":46,"column":44}},"23":{"start":{"line":47,"column":23},"end":{"line":47,"column":42}},"24":{"start":{"line":48,"column":8},"end":{"line":48,"column":30}},"25":{"start":{"line":50,"column":8},"end":{"line":50,"column":53}},"26":{"start":{"line":55,"column":4},"end":{"line":63,"column":5}},"27":{"start":{"line":56,"column":19},"end":{"line":56,"column":42}},"28":{"start":{"line":57,"column":21},"end":{"line":57,"column":29}},"29":{"start":{"line":58,"column":20},"end":{"line":58,"column":44}},"30":{"start":{"line":59,"column":23},"end":{"line":59,"column":45}},"31":{"start":{"line":60,"column":8},"end":{"line":60,"column":37}},"32":{"start":{"line":62,"column":8},"end":{"line":62,"column":53}},"33":{"start":{"line":66,"column":0},"end":{"line":66,"column":80}}},"fnMap":{"0":{"name":"showAll","decl":{"start":{"line":3,"column":15},"end":{"line":3,"column":22}},"loc":{"start":{"line":3,"column":34},"end":{"line":10,"column":1}},"line":3},"1":{"name":"showOneByName","decl":{"start":{"line":12,"column":15},"end":{"line":12,"column":28}},"loc":{"start":{"line":12,"column":40},"end":{"line":21,"column":1}},"line":12},"2":{"name":"showOneById","decl":{"start":{"line":23,"column":15},"end":{"line":23,"column":26}},"loc":{"start":{"line":23,"column":38},"end":{"line":31,"column":1}},"line":23},"3":{"name":"create","decl":{"start":{"line":33,"column":15},"end":{"line":33,"column":21}},"loc":{"start":{"line":33,"column":33},"end":{"line":41,"column":1}},"line":33},"4":{"name":"destroy","decl":{"start":{"line":43,"column":15},"end":{"line":43,"column":22}},"loc":{"start":{"line":43,"column":34},"end":{"line":52,"column":1}},"line":43},"5":{"name":"update","decl":{"start":{"line":54,"column":15},"end":{"line":54,"column":21}},"loc":{"start":{"line":54,"column":33},"end":{"line":64,"column":1}},"line":54}},"branchMap":{},"s":{"0":1,"1":1,"2":1,"3":1,"4":0,"5":1,"6":1,"7":1,"8":1,"9":0,"10":1,"11":1,"12":1,"13":1,"14":0,"15":1,"16":1,"17":1,"18":1,"19":0,"20":1,"21":1,"22":1,"23":1,"24":1,"25":0,"26":1,"27":1,"28":1,"29":1,"30":1,"31":1,"32":0,"33":1},"f":{"0":1,"1":1,"2":1,"3":1,"4":1,"5":1},"b":{},"_coverageSchema":"1a1c01bbd47fc00a2c39e90264f33305004495a9","hash":"baccb9b25e33a5fc77de31f3abefb9d9f0bd043a"}
,"C:\\Users\\ioptyu2\\Desktop\\liskov\\lap2\\RecycleBin\\api\\controllers\\collectBulkyWaste.js": {"path":"C:\\Users\\ioptyu2\\Desktop\\liskov\\lap2\\RecycleBin\\api\\controllers\\collectBulkyWaste.js","statementMap":{"0":{"start":{"line":1,"column":27},"end":{"line":1,"column":65}},"1":{"start":{"line":4,"column":4},"end":{"line":9,"column":5}},"2":{"start":{"line":5,"column":34},"end":{"line":5,"column":66}},"3":{"start":{"line":6,"column":8},"end":{"line":6,"column":48}},"4":{"start":{"line":8,"column":8},"end":{"line":8,"column":53}},"5":{"start":{"line":13,"column":4},"end":{"line":19,"column":5}},"6":{"start":{"line":14,"column":21},"end":{"line":14,"column":29}},"7":{"start":{"line":15,"column":23},"end":{"line":15,"column":59}},"8":{"start":{"line":16,"column":8},"end":{"line":16,"column":37}},"9":{"start":{"line":18,"column":8},"end":{"line":18,"column":53}},"10":{"start":{"line":23,"column":4},"end":{"line":29,"column":5}},"11":{"start":{"line":24,"column":19},"end":{"line":24,"column":42}},"12":{"start":{"line":25,"column":34},"end":{"line":25,"column":72}},"13":{"start":{"line":26,"column":8},"end":{"line":26,"column":48}},"14":{"start":{"line":28,"column":8},"end":{"line":28,"column":53}},"15":{"start":{"line":33,"column":4},"end":{"line":40,"column":5}},"16":{"start":{"line":34,"column":23},"end":{"line":34,"column":50}},"17":{"start":{"line":35,"column":8},"end":{"line":35,"column":27}},"18":{"start":{"line":36,"column":34},"end":{"line":36,"column":80}},"19":{"start":{"line":37,"column":8},"end":{"line":37,"column":48}},"20":{"start":{"line":39,"column":8},"end":{"line":39,"column":53}},"21":{"start":{"line":44,"column":4},"end":{"line":51,"column":5}},"22":{"start":{"line":45,"column":19},"end":{"line":45,"column":42}},"23":{"start":{"line":46,"column":34},"end":{"line":46,"column":72}},"24":{"start":{"line":47,"column":23},"end":{"line":47,"column":56}},"25":{"start":{"line":48,"column":8},"end":{"line":48,"column":30}},"26":{"start":{"line":50,"column":8},"end":{"line":50,"column":53}},"27":{"start":{"line":55,"column":4},"end":{"line":63,"column":5}},"28":{"start":{"line":56,"column":19},"end":{"line":56,"column":42}},"29":{"start":{"line":57,"column":21},"end":{"line":57,"column":29}},"30":{"start":{"line":58,"column":34},"end":{"line":58,"column":72}},"31":{"start":{"line":59,"column":23},"end":{"line":59,"column":59}},"32":{"start":{"line":60,"column":8},"end":{"line":60,"column":37}},"33":{"start":{"line":62,"column":8},"end":{"line":62,"column":53}},"34":{"start":{"line":66,"column":0},"end":{"line":66,"column":78}}},"fnMap":{"0":{"name":"showAll","decl":{"start":{"line":3,"column":15},"end":{"line":3,"column":22}},"loc":{"start":{"line":3,"column":34},"end":{"line":10,"column":1}},"line":3},"1":{"name":"create","decl":{"start":{"line":12,"column":15},"end":{"line":12,"column":21}},"loc":{"start":{"line":12,"column":33},"end":{"line":20,"column":1}},"line":12},"2":{"name":"showOne","decl":{"start":{"line":22,"column":15},"end":{"line":22,"column":22}},"loc":{"start":{"line":22,"column":34},"end":{"line":30,"column":1}},"line":22},"3":{"name":"showOneByWeight","decl":{"start":{"line":32,"column":15},"end":{"line":32,"column":30}},"loc":{"start":{"line":32,"column":42},"end":{"line":41,"column":1}},"line":32},"4":{"name":"destroy","decl":{"start":{"line":43,"column":15},"end":{"line":43,"column":22}},"loc":{"start":{"line":43,"column":34},"end":{"line":52,"column":1}},"line":43},"5":{"name":"update","decl":{"start":{"line":54,"column":15},"end":{"line":54,"column":21}},"loc":{"start":{"line":54,"column":33},"end":{"line":64,"column":1}},"line":54}},"branchMap":{},"s":{"0":1,"1":1,"2":1,"3":1,"4":0,"5":1,"6":1,"7":1,"8":1,"9":0,"10":1,"11":1,"12":1,"13":1,"14":0,"15":0,"16":0,"17":0,"18":0,"19":0,"20":0,"21":1,"22":1,"23":1,"24":1,"25":1,"26":0,"27":1,"28":1,"29":1,"30":1,"31":1,"32":1,"33":0,"34":1},"f":{"0":1,"1":1,"2":1,"3":0,"4":1,"5":1},"b":{},"_coverageSchema":"1a1c01bbd47fc00a2c39e90264f33305004495a9","hash":"2054eda1a31ca77a099e939a336f55c2a139131c"}
,"C:\\Users\\ioptyu2\\Desktop\\liskov\\lap2\\RecycleBin\\api\\controllers\\collectDays.js": {"path":"C:\\Users\\ioptyu2\\Desktop\\liskov\\lap2\\RecycleBin\\api\\controllers\\collectDays.js","statementMap":{"0":{"start":{"line":1,"column":21},"end":{"line":1,"column":53}},"1":{"start":{"line":4,"column":4},"end":{"line":9,"column":5}},"2":{"start":{"line":5,"column":28},"end":{"line":5,"column":54}},"3":{"start":{"line":6,"column":8},"end":{"line":6,"column":42}},"4":{"start":{"line":8,"column":8},"end":{"line":8,"column":53}},"5":{"start":{"line":13,"column":4},"end":{"line":19,"column":5}},"6":{"start":{"line":14,"column":21},"end":{"line":14,"column":29}},"7":{"start":{"line":15,"column":23},"end":{"line":15,"column":53}},"8":{"start":{"line":16,"column":8},"end":{"line":16,"column":37}},"9":{"start":{"line":18,"column":8},"end":{"line":18,"column":53}},"10":{"start":{"line":23,"column":4},"end":{"line":29,"column":5}},"11":{"start":{"line":24,"column":19},"end":{"line":24,"column":42}},"12":{"start":{"line":25,"column":28},"end":{"line":25,"column":60}},"13":{"start":{"line":26,"column":8},"end":{"line":26,"column":42}},"14":{"start":{"line":28,"column":8},"end":{"line":28,"column":53}},"15":{"start":{"line":33,"column":4},"end":{"line":39,"column":5}},"16":{"start":{"line":34,"column":19},"end":{"line":34,"column":42}},"17":{"start":{"line":35,"column":28},"end":{"line":35,"column":61}},"18":{"start":{"line":36,"column":8},"end":{"line":36,"column":42}},"19":{"start":{"line":38,"column":8},"end":{"line":38,"column":53}},"20":{"start":{"line":43,"column":4},"end":{"line":50,"column":5}},"21":{"start":{"line":44,"column":19},"end":{"line":44,"column":42}},"22":{"start":{"line":45,"column":28},"end":{"line":45,"column":60}},"23":{"start":{"line":46,"column":23},"end":{"line":46,"column":50}},"24":{"start":{"line":47,"column":8},"end":{"line":47,"column":30}},"25":{"start":{"line":49,"column":8},"end":{"line":49,"column":53}},"26":{"start":{"line":54,"column":4},"end":{"line":62,"column":5}},"27":{"start":{"line":55,"column":19},"end":{"line":55,"column":42}},"28":{"start":{"line":56,"column":21},"end":{"line":56,"column":29}},"29":{"start":{"line":57,"column":28},"end":{"line":57,"column":60}},"30":{"start":{"line":58,"column":23},"end":{"line":58,"column":53}},"31":{"start":{"line":59,"column":8},"end":{"line":59,"column":37}},"32":{"start":{"line":61,"column":8},"end":{"line":61,"column":53}},"33":{"start":{"line":65,"column":0},"end":{"line":65,"column":76}}},"fnMap":{"0":{"name":"showAll","decl":{"start":{"line":3,"column":15},"end":{"line":3,"column":22}},"loc":{"start":{"line":3,"column":34},"end":{"line":10,"column":1}},"line":3},"1":{"name":"create","decl":{"start":{"line":12,"column":15},"end":{"line":12,"column":21}},"loc":{"start":{"line":12,"column":33},"end":{"line":20,"column":1}},"line":12},"2":{"name":"showOne","decl":{"start":{"line":22,"column":15},"end":{"line":22,"column":22}},"loc":{"start":{"line":22,"column":34},"end":{"line":30,"column":1}},"line":22},"3":{"name":"showByZoneId","decl":{"start":{"line":32,"column":15},"end":{"line":32,"column":27}},"loc":{"start":{"line":32,"column":39},"end":{"line":40,"column":1}},"line":32},"4":{"name":"destroy","decl":{"start":{"line":42,"column":15},"end":{"line":42,"column":22}},"loc":{"start":{"line":42,"column":34},"end":{"line":51,"column":1}},"line":42},"5":{"name":"update","decl":{"start":{"line":53,"column":15},"end":{"line":53,"column":21}},"loc":{"start":{"line":53,"column":33},"end":{"line":63,"column":1}},"line":53}},"branchMap":{},"s":{"0":1,"1":1,"2":1,"3":1,"4":0,"5":1,"6":1,"7":1,"8":1,"9":0,"10":1,"11":1,"12":1,"13":1,"14":0,"15":1,"16":1,"17":1,"18":1,"19":0,"20":1,"21":1,"22":1,"23":1,"24":1,"25":0,"26":1,"27":1,"28":1,"29":1,"30":1,"31":1,"32":0,"33":1},"f":{"0":1,"1":1,"2":1,"3":1,"4":1,"5":1},"b":{},"_coverageSchema":"1a1c01bbd47fc00a2c39e90264f33305004495a9","hash":"234613f670363f523bba3d1391083804b3ddcadb"}
,"C:\\Users\\ioptyu2\\Desktop\\liskov\\lap2\\RecycleBin\\api\\controllers\\materialsType.js": {"path":"C:\\Users\\ioptyu2\\Desktop\\liskov\\lap2\\RecycleBin\\api\\controllers\\materialsType.js","statementMap":{"0":{"start":{"line":1,"column":22},"end":{"line":1,"column":56}},"1":{"start":{"line":4,"column":4},"end":{"line":9,"column":5}},"2":{"start":{"line":5,"column":31},"end":{"line":5,"column":59}},"3":{"start":{"line":6,"column":8},"end":{"line":6,"column":45}},"4":{"start":{"line":8,"column":8},"end":{"line":8,"column":53}},"5":{"start":{"line":13,"column":4},"end":{"line":19,"column":5}},"6":{"start":{"line":14,"column":21},"end":{"line":14,"column":31}},"7":{"start":{"line":15,"column":30},"end":{"line":15,"column":82}},"8":{"start":{"line":16,"column":8},"end":{"line":16,"column":44}},"9":{"start":{"line":18,"column":8},"end":{"line":18,"column":53}},"10":{"start":{"line":23,"column":4},"end":{"line":29,"column":5}},"11":{"start":{"line":24,"column":19},"end":{"line":24,"column":42}},"12":{"start":{"line":25,"column":30},"end":{"line":25,"column":64}},"13":{"start":{"line":26,"column":8},"end":{"line":26,"column":44}},"14":{"start":{"line":28,"column":8},"end":{"line":28,"column":53}},"15":{"start":{"line":33,"column":4},"end":{"line":39,"column":5}},"16":{"start":{"line":34,"column":21},"end":{"line":34,"column":29}},"17":{"start":{"line":35,"column":23},"end":{"line":35,"column":55}},"18":{"start":{"line":36,"column":8},"end":{"line":36,"column":37}},"19":{"start":{"line":38,"column":8},"end":{"line":38,"column":53}},"20":{"start":{"line":43,"column":4},"end":{"line":50,"column":5}},"21":{"start":{"line":44,"column":19},"end":{"line":44,"column":42}},"22":{"start":{"line":45,"column":30},"end":{"line":45,"column":64}},"23":{"start":{"line":46,"column":23},"end":{"line":46,"column":52}},"24":{"start":{"line":47,"column":8},"end":{"line":47,"column":30}},"25":{"start":{"line":49,"column":8},"end":{"line":49,"column":53}},"26":{"start":{"line":54,"column":4},"end":{"line":62,"column":5}},"27":{"start":{"line":55,"column":19},"end":{"line":55,"column":42}},"28":{"start":{"line":56,"column":21},"end":{"line":56,"column":29}},"29":{"start":{"line":57,"column":30},"end":{"line":57,"column":64}},"30":{"start":{"line":58,"column":23},"end":{"line":58,"column":55}},"31":{"start":{"line":59,"column":8},"end":{"line":59,"column":37}},"32":{"start":{"line":61,"column":8},"end":{"line":61,"column":53}},"33":{"start":{"line":65,"column":0},"end":{"line":65,"column":80}}},"fnMap":{"0":{"name":"showAll","decl":{"start":{"line":3,"column":15},"end":{"line":3,"column":22}},"loc":{"start":{"line":3,"column":34},"end":{"line":10,"column":1}},"line":3},"1":{"name":"showOneByName","decl":{"start":{"line":12,"column":15},"end":{"line":12,"column":28}},"loc":{"start":{"line":12,"column":40},"end":{"line":20,"column":1}},"line":12},"2":{"name":"showOneById","decl":{"start":{"line":22,"column":15},"end":{"line":22,"column":26}},"loc":{"start":{"line":22,"column":38},"end":{"line":30,"column":1}},"line":22},"3":{"name":"create","decl":{"start":{"line":32,"column":15},"end":{"line":32,"column":21}},"loc":{"start":{"line":32,"column":33},"end":{"line":40,"column":1}},"line":32},"4":{"name":"destroy","decl":{"start":{"line":42,"column":15},"end":{"line":42,"column":22}},"loc":{"start":{"line":42,"column":34},"end":{"line":51,"column":1}},"line":42},"5":{"name":"update","decl":{"start":{"line":53,"column":15},"end":{"line":53,"column":21}},"loc":{"start":{"line":53,"column":33},"end":{"line":63,"column":1}},"line":53}},"branchMap":{},"s":{"0":1,"1":1,"2":1,"3":1,"4":0,"5":0,"6":0,"7":0,"8":0,"9":0,"10":1,"11":1,"12":1,"13":1,"14":0,"15":1,"16":1,"17":1,"18":1,"19":0,"20":1,"21":1,"22":1,"23":1,"24":1,"25":0,"26":1,"27":1,"28":1,"29":1,"30":1,"31":1,"32":0,"33":1},"f":{"0":1,"1":0,"2":1,"3":1,"4":1,"5":1},"b":{},"_coverageSchema":"1a1c01bbd47fc00a2c39e90264f33305004495a9","hash":"2de8d45bbd715317209886987300fc9f11963a52"}
,"C:\\Users\\ioptyu2\\Desktop\\liskov\\lap2\\RecycleBin\\api\\controllers\\recyclableObject.js": {"path":"C:\\Users\\ioptyu2\\Desktop\\liskov\\lap2\\RecycleBin\\api\\controllers\\recyclableObject.js","statementMap":{"0":{"start":{"line":1,"column":15},"end":{"line":1,"column":52}},"1":{"start":{"line":4,"column":4},"end":{"line":9,"column":5}},"2":{"start":{"line":5,"column":24},"end":{"line":5,"column":45}},"3":{"start":{"line":6,"column":8},"end":{"line":6,"column":38}},"4":{"start":{"line":8,"column":8},"end":{"line":8,"column":53}},"5":{"start":{"line":13,"column":4},"end":{"line":19,"column":5}},"6":{"start":{"line":14,"column":21},"end":{"line":14,"column":29}},"7":{"start":{"line":15,"column":23},"end":{"line":15,"column":48}},"8":{"start":{"line":16,"column":8},"end":{"line":16,"column":37}},"9":{"start":{"line":18,"column":8},"end":{"line":18,"column":53}},"10":{"start":{"line":23,"column":4},"end":{"line":29,"column":5}},"11":{"start":{"line":24,"column":19},"end":{"line":24,"column":42}},"12":{"start":{"line":25,"column":23},"end":{"line":25,"column":50}},"13":{"start":{"line":26,"column":8},"end":{"line":26,"column":37}},"14":{"start":{"line":28,"column":8},"end":{"line":28,"column":53}},"15":{"start":{"line":33,"column":4},"end":{"line":39,"column":5}},"16":{"start":{"line":34,"column":22},"end":{"line":34,"column":38}},"17":{"start":{"line":35,"column":19},"end":{"line":35,"column":50}},"18":{"start":{"line":36,"column":8},"end":{"line":36,"column":35}},"19":{"start":{"line":38,"column":8},"end":{"line":38,"column":53}},"20":{"start":{"line":43,"column":4},"end":{"line":50,"column":5}},"21":{"start":{"line":44,"column":19},"end":{"line":44,"column":42}},"22":{"start":{"line":45,"column":23},"end":{"line":45,"column":50}},"23":{"start":{"line":46,"column":23},"end":{"line":46,"column":45}},"24":{"start":{"line":47,"column":8},"end":{"line":47,"column":30}},"25":{"start":{"line":49,"column":8},"end":{"line":49,"column":53}},"26":{"start":{"line":54,"column":4},"end":{"line":62,"column":5}},"27":{"start":{"line":55,"column":19},"end":{"line":55,"column":42}},"28":{"start":{"line":56,"column":21},"end":{"line":56,"column":29}},"29":{"start":{"line":57,"column":33},"end":{"line":57,"column":60}},"30":{"start":{"line":58,"column":23},"end":{"line":58,"column":58}},"31":{"start":{"line":59,"column":8},"end":{"line":59,"column":37}},"32":{"start":{"line":61,"column":8},"end":{"line":61,"column":53}},"33":{"start":{"line":65,"column":0},"end":{"line":65,"column":72}}},"fnMap":{"0":{"name":"showAll","decl":{"start":{"line":3,"column":15},"end":{"line":3,"column":22}},"loc":{"start":{"line":3,"column":34},"end":{"line":10,"column":1}},"line":3},"1":{"name":"create","decl":{"start":{"line":12,"column":15},"end":{"line":12,"column":21}},"loc":{"start":{"line":12,"column":33},"end":{"line":20,"column":1}},"line":12},"2":{"name":"showOne","decl":{"start":{"line":22,"column":15},"end":{"line":22,"column":22}},"loc":{"start":{"line":22,"column":34},"end":{"line":30,"column":1}},"line":22},"3":{"name":"findInput","decl":{"start":{"line":32,"column":15},"end":{"line":32,"column":24}},"loc":{"start":{"line":32,"column":36},"end":{"line":40,"column":1}},"line":32},"4":{"name":"destroy","decl":{"start":{"line":42,"column":15},"end":{"line":42,"column":22}},"loc":{"start":{"line":42,"column":34},"end":{"line":51,"column":1}},"line":42},"5":{"name":"update","decl":{"start":{"line":53,"column":15},"end":{"line":53,"column":21}},"loc":{"start":{"line":53,"column":33},"end":{"line":63,"column":1}},"line":53}},"branchMap":{},"s":{"0":1,"1":1,"2":1,"3":1,"4":0,"5":1,"6":1,"7":1,"8":1,"9":0,"10":1,"11":1,"12":1,"13":1,"14":0,"15":1,"16":1,"17":1,"18":1,"19":0,"20":1,"21":1,"22":1,"23":1,"24":1,"25":0,"26":1,"27":1,"28":1,"29":1,"30":1,"31":1,"32":0,"33":1},"f":{"0":1,"1":1,"2":1,"3":1,"4":1,"5":1},"b":{},"_coverageSchema":"1a1c01bbd47fc00a2c39e90264f33305004495a9","hash":"bf31b1f3f46cf8a7e19ecc52cc735f8bf02a1a2e"}
,"C:\\Users\\ioptyu2\\Desktop\\liskov\\lap2\\RecycleBin\\api\\controllers\\user.js": {"path":"C:\\Users\\ioptyu2\\Desktop\\liskov\\lap2\\RecycleBin\\api\\controllers\\user.js","statementMap":{"0":{"start":{"line":1,"column":15},"end":{"line":1,"column":32}},"1":{"start":{"line":2,"column":13},"end":{"line":2,"column":38}},"2":{"start":{"line":3,"column":14},"end":{"line":3,"column":40}},"3":{"start":{"line":4,"column":17},"end":{"line":4,"column":45}},"4":{"start":{"line":7,"column":4},"end":{"line":20,"column":5}},"5":{"start":{"line":8,"column":21},"end":{"line":8,"column":29}},"6":{"start":{"line":9,"column":29},"end":{"line":9,"column":66}},"7":{"start":{"line":10,"column":8},"end":{"line":17,"column":9}},"8":{"start":{"line":11,"column":21},"end":{"line":11,"column":83}},"9":{"start":{"line":12,"column":8},"end":{"line":12,"column":63}},"10":{"start":{"line":13,"column":23},"end":{"line":13,"column":63}},"11":{"start":{"line":14,"column":8},"end":{"line":14,"column":37}},"12":{"start":{"line":16,"column":12},"end":{"line":16,"column":51}},"13":{"start":{"line":19,"column":8},"end":{"line":19,"column":54}},"14":{"start":{"line":24,"column":4},"end":{"line":37,"column":5}},"15":{"start":{"line":25,"column":21},"end":{"line":25,"column":29}},"16":{"start":{"line":26,"column":21},"end":{"line":26,"column":63}},"17":{"start":{"line":27,"column":30},"end":{"line":27,"column":80}},"18":{"start":{"line":28,"column":8},"end":{"line":34,"column":9}},"19":{"start":{"line":29,"column":12},"end":{"line":29,"column":54}},"20":{"start":{"line":31,"column":12},"end":{"line":31,"column":39}},"21":{"start":{"line":32,"column":26},"end":{"line":32,"column":53}},"22":{"start":{"line":33,"column":12},"end":{"line":33,"column":78}},"23":{"start":{"line":36,"column":8},"end":{"line":36,"column":54}},"24":{"start":{"line":41,"column":4},"end":{"line":53,"column":5}},"25":{"start":{"line":42,"column":26},"end":{"line":42,"column":51}},"26":{"start":{"line":43,"column":22},"end":{"line":43,"column":31}},"27":{"start":{"line":44,"column":8},"end":{"line":50,"column":9}},"28":{"start":{"line":45,"column":12},"end":{"line":45,"column":55}},"29":{"start":{"line":47,"column":29},"end":{"line":47,"column":61}},"30":{"start":{"line":48,"column":12},"end":{"line":48,"column":43}},"31":{"start":{"line":49,"column":12},"end":{"line":49,"column":65}},"32":{"start":{"line":52,"column":8},"end":{"line":52,"column":55}},"33":{"start":{"line":57,"column":4},"end":{"line":67,"column":5}},"34":{"start":{"line":58,"column":21},"end":{"line":58,"column":31}},"35":{"start":{"line":59,"column":21},"end":{"line":59,"column":63}},"36":{"start":{"line":60,"column":8},"end":{"line":64,"column":9}},"37":{"start":{"line":61,"column":12},"end":{"line":61,"column":38}},"38":{"start":{"line":63,"column":12},"end":{"line":63,"column":60}},"39":{"start":{"line":66,"column":8},"end":{"line":66,"column":55}},"40":{"start":{"line":71,"column":4},"end":{"line":77,"column":5}},"41":{"start":{"line":72,"column":19},"end":{"line":72,"column":42}},"42":{"start":{"line":73,"column":21},"end":{"line":73,"column":46}},"43":{"start":{"line":74,"column":8},"end":{"line":74,"column":35}},"44":{"start":{"line":76,"column":8},"end":{"line":76,"column":55}},"45":{"start":{"line":81,"column":4},"end":{"line":89,"column":5}},"46":{"start":{"line":82,"column":21},"end":{"line":82,"column":31}},"47":{"start":{"line":83,"column":21},"end":{"line":83,"column":29}},"48":{"start":{"line":84,"column":21},"end":{"line":84,"column":63}},"49":{"start":{"line":85,"column":23},"end":{"line":85,"column":61}},"50":{"start":{"line":86,"column":8},"end":{"line":86,"column":37}},"51":{"start":{"line":88,"column":8},"end":{"line":88,"column":55}},"52":{"start":{"line":93,"column":4},"end":{"line":101,"column":5}},"53":{"start":{"line":94,"column":21},"end":{"line":94,"column":31}},"54":{"start":{"line":95,"column":21},"end":{"line":95,"column":29}},"55":{"start":{"line":96,"column":21},"end":{"line":96,"column":63}},"56":{"start":{"line":97,"column":23},"end":{"line":97,"column":69}},"57":{"start":{"line":98,"column":8},"end":{"line":98,"column":37}},"58":{"start":{"line":100,"column":8},"end":{"line":100,"column":55}},"59":{"start":{"line":105,"column":4},"end":{"line":113,"column":5}},"60":{"start":{"line":106,"column":21},"end":{"line":106,"column":31}},"61":{"start":{"line":107,"column":21},"end":{"line":107,"column":29}},"62":{"start":{"line":108,"column":21},"end":{"line":108,"column":63}},"63":{"start":{"line":109,"column":23},"end":{"line":109,"column":63}},"64":{"start":{"line":110,"column":8},"end":{"line":110,"column":37}},"65":{"start":{"line":112,"column":8},"end":{"line":112,"column":55}},"66":{"start":{"line":117,"column":4},"end":{"line":127,"column":5}},"67":{"start":{"line":118,"column":21},"end":{"line":118,"column":31}},"68":{"start":{"line":119,"column":21},"end":{"line":119,"column":29}},"69":{"start":{"line":120,"column":21},"end":{"line":120,"column":63}},"70":{"start":{"line":121,"column":21},"end":{"line":121,"column":83}},"71":{"start":{"line":122,"column":8},"end":{"line":122,"column":63}},"72":{"start":{"line":123,"column":23},"end":{"line":123,"column":82}},"73":{"start":{"line":124,"column":8},"end":{"line":124,"column":37}},"74":{"start":{"line":126,"column":8},"end":{"line":126,"column":55}},"75":{"start":{"line":131,"column":4},"end":{"line":141,"column":5}},"76":{"start":{"line":132,"column":21},"end":{"line":132,"column":31}},"77":{"start":{"line":133,"column":8},"end":{"line":133,"column":25}},"78":{"start":{"line":134,"column":21},"end":{"line":134,"column":29}},"79":{"start":{"line":135,"column":8},"end":{"line":135,"column":25}},"80":{"start":{"line":136,"column":21},"end":{"line":136,"column":63}},"81":{"start":{"line":137,"column":23},"end":{"line":137,"column":76}},"82":{"start":{"line":138,"column":8},"end":{"line":138,"column":37}},"83":{"start":{"line":140,"column":8},"end":{"line":140,"column":55}},"84":{"start":{"line":145,"column":4},"end":{"line":150,"column":5}},"85":{"start":{"line":146,"column":22},"end":{"line":146,"column":41}},"86":{"start":{"line":147,"column":8},"end":{"line":147,"column":36}},"87":{"start":{"line":149,"column":8},"end":{"line":149,"column":53}},"88":{"start":{"line":154,"column":4},"end":{"line":169,"column":5}},"89":{"start":{"line":155,"column":19},"end":{"line":155,"column":42}},"90":{"start":{"line":156,"column":21},"end":{"line":156,"column":46}},"91":{"start":{"line":157,"column":22},"end":{"line":157,"column":52}},"92":{"start":{"line":159,"column":8},"end":{"line":164,"column":9}},"93":{"start":{"line":160,"column":12},"end":{"line":160,"column":40}},"94":{"start":{"line":161,"column":12},"end":{"line":161,"column":42}},"95":{"start":{"line":163,"column":12},"end":{"line":163,"column":42}},"96":{"start":{"line":166,"column":8},"end":{"line":166,"column":37}},"97":{"start":{"line":168,"column":8},"end":{"line":168,"column":55}},"98":{"start":{"line":171,"column":0},"end":{"line":171,"column":171}}},"fnMap":{"0":{"name":"register","decl":{"start":{"line":6,"column":15},"end":{"line":6,"column":23}},"loc":{"start":{"line":6,"column":34},"end":{"line":21,"column":1}},"line":6},"1":{"name":"login","decl":{"start":{"line":23,"column":15},"end":{"line":23,"column":20}},"loc":{"start":{"line":23,"column":31},"end":{"line":38,"column":1}},"line":23},"2":{"name":"logout","decl":{"start":{"line":40,"column":15},"end":{"line":40,"column":21}},"loc":{"start":{"line":40,"column":32},"end":{"line":54,"column":1}},"line":40},"3":{"name":"getUserByUsername","decl":{"start":{"line":56,"column":15},"end":{"line":56,"column":32}},"loc":{"start":{"line":56,"column":43},"end":{"line":68,"column":1}},"line":56},"4":{"name":"getUserById","decl":{"start":{"line":70,"column":15},"end":{"line":70,"column":26}},"loc":{"start":{"line":70,"column":37},"end":{"line":78,"column":1}},"line":70},"5":{"name":"updateIsAdmin","decl":{"start":{"line":80,"column":15},"end":{"line":80,"column":28}},"loc":{"start":{"line":80,"column":39},"end":{"line":90,"column":1}},"line":80},"6":{"name":"updatePoints","decl":{"start":{"line":92,"column":15},"end":{"line":92,"column":27}},"loc":{"start":{"line":92,"column":38},"end":{"line":102,"column":1}},"line":92},"7":{"name":"updateUsername","decl":{"start":{"line":104,"column":15},"end":{"line":104,"column":29}},"loc":{"start":{"line":104,"column":40},"end":{"line":114,"column":1}},"line":104},"8":{"name":"updatePassword","decl":{"start":{"line":116,"column":15},"end":{"line":116,"column":29}},"loc":{"start":{"line":116,"column":40},"end":{"line":128,"column":1}},"line":116},"9":{"name":"updateAddressId","decl":{"start":{"line":130,"column":15},"end":{"line":130,"column":30}},"loc":{"start":{"line":130,"column":41},"end":{"line":142,"column":1}},"line":130},"10":{"name":"showAll","decl":{"start":{"line":144,"column":15},"end":{"line":144,"column":22}},"loc":{"start":{"line":144,"column":34},"end":{"line":151,"column":1}},"line":144},"11":{"name":"destroy","decl":{"start":{"line":153,"column":15},"end":{"line":153,"column":22}},"loc":{"start":{"line":153,"column":34},"end":{"line":170,"column":1}},"line":153}},"branchMap":{"0":{"loc":{"start":{"line":10,"column":8},"end":{"line":17,"column":9}},"type":"if","locations":[{"start":{"line":10,"column":8},"end":{"line":17,"column":9}},{"start":{"line":15,"column":14},"end":{"line":17,"column":9}}],"line":10},"1":{"loc":{"start":{"line":28,"column":8},"end":{"line":34,"column":9}},"type":"if","locations":[{"start":{"line":28,"column":8},"end":{"line":34,"column":9}},{"start":{"line":30,"column":15},"end":{"line":34,"column":9}}],"line":28},"2":{"loc":{"start":{"line":44,"column":8},"end":{"line":50,"column":9}},"type":"if","locations":[{"start":{"line":44,"column":8},"end":{"line":50,"column":9}},{"start":{"line":46,"column":15},"end":{"line":50,"column":9}}],"line":44},"3":{"loc":{"start":{"line":60,"column":8},"end":{"line":64,"column":9}},"type":"if","locations":[{"start":{"line":60,"column":8},"end":{"line":64,"column":9}},{"start":{"line":62,"column":15},"end":{"line":64,"column":9}}],"line":60},"4":{"loc":{"start":{"line":159,"column":8},"end":{"line":164,"column":9}},"type":"if","locations":[{"start":{"line":159,"column":8},"end":{"line":164,"column":9}},{"start":{"line":162,"column":13},"end":{"line":164,"column":9}}],"line":159}},"s":{"0":1,"1":1,"2":1,"3":1,"4":1,"5":1,"6":1,"7":1,"8":1,"9":1,"10":1,"11":1,"12":0,"13":0,"14":1,"15":1,"16":1,"17":1,"18":1,"19":0,"20":1,"21":1,"22":1,"23":0,"24":0,"25":0,"26":0,"27":0,"28":0,"29":0,"30":0,"31":0,"32":0,"33":1,"34":1,"35":1,"36":1,"37":1,"38":0,"39":0,"40":1,"41":1,"42":1,"43":1,"44":0,"45":1,"46":1,"47":1,"48":1,"49":1,"50":1,"51":0,"52":1,"53":1,"54":1,"55":1,"56":1,"57":1,"58":0,"59":1,"60":1,"61":1,"62":1,"63":1,"64":1,"65":0,"66":1,"67":1,"68":1,"69":1,"70":1,"71":1,"72":1,"73":1,"74":0,"75":1,"76":1,"77":1,"78":1,"79":1,"80":1,"81":1,"82":1,"83":0,"84":1,"85":1,"86":1,"87":0,"88":1,"89":1,"90":1,"91":1,"92":1,"93":1,"94":1,"95":0,"96":1,"97":0,"98":1},"f":{"0":1,"1":1,"2":0,"3":1,"4":1,"5":1,"6":1,"7":1,"8":1,"9":1,"10":1,"11":1},"b":{"0":[1,0],"1":[0,1],"2":[0,0],"3":[1,0],"4":[1,0]},"_coverageSchema":"1a1c01bbd47fc00a2c39e90264f33305004495a9","hash":"8f5bff8a29b75007623e978f65069380f10301f3"}
,"C:\\Users\\ioptyu2\\Desktop\\liskov\\lap2\\RecycleBin\\api\\controllers\\weekday.js": {"path":"C:\\Users\\ioptyu2\\Desktop\\liskov\\lap2\\RecycleBin\\api\\controllers\\weekday.js","statementMap":{"0":{"start":{"line":1,"column":16},"end":{"line":1,"column":44}},"1":{"start":{"line":4,"column":4},"end":{"line":9,"column":5}},"2":{"start":{"line":5,"column":25},"end":{"line":5,"column":47}},"3":{"start":{"line":6,"column":8},"end":{"line":6,"column":39}},"4":{"start":{"line":8,"column":8},"end":{"line":8,"column":53}},"5":{"start":{"line":13,"column":4},"end":{"line":19,"column":5}},"6":{"start":{"line":14,"column":21},"end":{"line":14,"column":31}},"7":{"start":{"line":15,"column":24},"end":{"line":15,"column":64}},"8":{"start":{"line":16,"column":8},"end":{"line":16,"column":38}},"9":{"start":{"line":18,"column":8},"end":{"line":18,"column":53}},"10":{"start":{"line":23,"column":4},"end":{"line":29,"column":5}},"11":{"start":{"line":24,"column":19},"end":{"line":24,"column":42}},"12":{"start":{"line":25,"column":24},"end":{"line":25,"column":52}},"13":{"start":{"line":26,"column":8},"end":{"line":26,"column":38}},"14":{"start":{"line":28,"column":8},"end":{"line":28,"column":53}},"15":{"start":{"line":33,"column":4},"end":{"line":39,"column":5}},"16":{"start":{"line":34,"column":21},"end":{"line":34,"column":29}},"17":{"start":{"line":35,"column":23},"end":{"line":35,"column":49}},"18":{"start":{"line":36,"column":8},"end":{"line":36,"column":37}},"19":{"start":{"line":38,"column":8},"end":{"line":38,"column":53}},"20":{"start":{"line":43,"column":4},"end":{"line":50,"column":5}},"21":{"start":{"line":44,"column":19},"end":{"line":44,"column":42}},"22":{"start":{"line":45,"column":24},"end":{"line":45,"column":52}},"23":{"start":{"line":46,"column":23},"end":{"line":46,"column":46}},"24":{"start":{"line":47,"column":8},"end":{"line":47,"column":30}},"25":{"start":{"line":49,"column":8},"end":{"line":49,"column":53}},"26":{"start":{"line":54,"column":4},"end":{"line":62,"column":5}},"27":{"start":{"line":55,"column":19},"end":{"line":55,"column":42}},"28":{"start":{"line":56,"column":21},"end":{"line":56,"column":29}},"29":{"start":{"line":57,"column":24},"end":{"line":57,"column":52}},"30":{"start":{"line":58,"column":23},"end":{"line":58,"column":49}},"31":{"start":{"line":59,"column":8},"end":{"line":59,"column":37}},"32":{"start":{"line":61,"column":8},"end":{"line":61,"column":53}},"33":{"start":{"line":65,"column":0},"end":{"line":65,"column":80}}},"fnMap":{"0":{"name":"showAll","decl":{"start":{"line":3,"column":15},"end":{"line":3,"column":22}},"loc":{"start":{"line":3,"column":34},"end":{"line":10,"column":1}},"line":3},"1":{"name":"showOneByName","decl":{"start":{"line":12,"column":15},"end":{"line":12,"column":28}},"loc":{"start":{"line":12,"column":40},"end":{"line":20,"column":1}},"line":12},"2":{"name":"showOneById","decl":{"start":{"line":22,"column":15},"end":{"line":22,"column":26}},"loc":{"start":{"line":22,"column":38},"end":{"line":30,"column":1}},"line":22},"3":{"name":"create","decl":{"start":{"line":32,"column":15},"end":{"line":32,"column":21}},"loc":{"start":{"line":32,"column":33},"end":{"line":40,"column":1}},"line":32},"4":{"name":"destroy","decl":{"start":{"line":42,"column":15},"end":{"line":42,"column":22}},"loc":{"start":{"line":42,"column":34},"end":{"line":51,"column":1}},"line":42},"5":{"name":"update","decl":{"start":{"line":53,"column":15},"end":{"line":53,"column":21}},"loc":{"start":{"line":53,"column":33},"end":{"line":63,"column":1}},"line":53}},"branchMap":{},"s":{"0":1,"1":1,"2":1,"3":1,"4":0,"5":1,"6":1,"7":1,"8":1,"9":0,"10":1,"11":1,"12":1,"13":1,"14":0,"15":1,"16":1,"17":1,"18":1,"19":0,"20":1,"21":1,"22":1,"23":1,"24":1,"25":0,"26":1,"27":1,"28":1,"29":1,"30":1,"31":1,"32":0,"33":1},"f":{"0":1,"1":1,"2":1,"3":1,"4":1,"5":1},"b":{},"_coverageSchema":"1a1c01bbd47fc00a2c39e90264f33305004495a9","hash":"ecf4c83680e41c4b17246c6874a59c7cd3102880"}
,"C:\\Users\\ioptyu2\\Desktop\\liskov\\lap2\\RecycleBin\\api\\database\\connect.js": {"path":"C:\\Users\\ioptyu2\\Desktop\\liskov\\lap2\\RecycleBin\\api\\database\\connect.js","statementMap":{"0":{"start":{"line":1,"column":17},"end":{"line":1,"column":30}},"1":{"start":{"line":2,"column":0},"end":{"line":2,"column":27}},"2":{"start":{"line":5,"column":11},"end":{"line":7,"column":2}},"3":{"start":{"line":9,"column":0},"end":{"line":9,"column":41}},"4":{"start":{"line":11,"column":0},"end":{"line":11,"column":20}}},"fnMap":{},"branchMap":{},"s":{"0":1,"1":1,"2":1,"3":1,"4":1},"f":{},"b":{},"_coverageSchema":"1a1c01bbd47fc00a2c39e90264f33305004495a9","hash":"5699960e87eaaaa216021fd3675bdf37042861ba"}
,"C:\\Users\\ioptyu2\\Desktop\\liskov\\lap2\\RecycleBin\\api\\middleware\\authenticator.js": {"path":"C:\\Users\\ioptyu2\\Desktop\\liskov\\lap2\\RecycleBin\\api\\middleware\\authenticator.js","statementMap":{"0":{"start":{"line":1,"column":14},"end":{"line":1,"column":40}},"1":{"start":{"line":4,"column":4},"end":{"line":14,"column":5}},"2":{"start":{"line":5,"column":26},"end":{"line":5,"column":54}},"3":{"start":{"line":6,"column":8},"end":{"line":11,"column":9}},"4":{"start":{"line":7,"column":12},"end":{"line":7,"column":55}},"5":{"start":{"line":9,"column":31},"end":{"line":9,"column":56}},"6":{"start":{"line":10,"column":12},"end":{"line":10,"column":19}},"7":{"start":{"line":13,"column":8},"end":{"line":13,"column":57}},"8":{"start":{"line":17,"column":0},"end":{"line":17,"column":31}}},"fnMap":{"0":{"name":"authenticator","decl":{"start":{"line":3,"column":15},"end":{"line":3,"column":28}},"loc":{"start":{"line":3,"column":45},"end":{"line":15,"column":1}},"line":3}},"branchMap":{"0":{"loc":{"start":{"line":6,"column":8},"end":{"line":11,"column":9}},"type":"if","locations":[{"start":{"line":6,"column":8},"end":{"line":11,"column":9}},{"start":{"line":8,"column":15},"end":{"line":11,"column":9}}],"line":6}},"s":{"0":1,"1":3,"2":3,"3":3,"4":0,"5":3,"6":3,"7":0,"8":1},"f":{"0":3},"b":{"0":[0,3]},"_coverageSchema":"1a1c01bbd47fc00a2c39e90264f33305004495a9","hash":"0e99d945ffb081629ee9e95becff72125832d25f"}
,"C:\\Users\\ioptyu2\\Desktop\\liskov\\lap2\\RecycleBin\\api\\middleware\\logger.js": {"path":"C:\\Users\\ioptyu2\\Desktop\\liskov\\lap2\\RecycleBin\\api\\middleware\\logger.js","statementMap":{"0":{"start":{"line":2,"column":4},"end":{"line":2,"column":45}},"1":{"start":{"line":3,"column":4},"end":{"line":3,"column":11}},"2":{"start":{"line":6,"column":0},"end":{"line":6,"column":27}}},"fnMap":{"0":{"name":"logRoutes","decl":{"start":{"line":1,"column":9},"end":{"line":1,"column":18}},"loc":{"start":{"line":1,"column":35},"end":{"line":4,"column":1}},"line":1}},"branchMap":{},"s":{"0":61,"1":61,"2":1},"f":{"0":61},"b":{},"_coverageSchema":"1a1c01bbd47fc00a2c39e90264f33305004495a9","hash":"6c0cf39f042e6d13ff4dd5db4f4c86b474c0bdf3"}
,"C:\\Users\\ioptyu2\\Desktop\\liskov\\lap2\\RecycleBin\\api\\models\\Address.js": {"path":"C:\\Users\\ioptyu2\\Desktop\\liskov\\lap2\\RecycleBin\\api\\models\\Address.js","statementMap":{"0":{"start":{"line":1,"column":12},"end":{"line":1,"column":42}},"1":{"start":{"line":5,"column":8},"end":{"line":5,"column":29}},"2":{"start":{"line":6,"column":8},"end":{"line":6,"column":39}},"3":{"start":{"line":7,"column":8},"end":{"line":7,"column":41}},"4":{"start":{"line":8,"column":8},"end":{"line":8,"column":33}},"5":{"start":{"line":9,"column":8},"end":{"line":9,"column":31}},"6":{"start":{"line":13,"column":8},"end":{"line":18,"column":9}},"7":{"start":{"line":14,"column":29},"end":{"line":14,"column":77}},"8":{"start":{"line":15,"column":12},"end":{"line":15,"column":58}},"9":{"start":{"line":15,"column":42},"end":{"line":15,"column":56}},"10":{"start":{"line":17,"column":12},"end":{"line":17,"column":31}},"11":{"start":{"line":22,"column":8},"end":{"line":27,"column":9}},"12":{"start":{"line":23,"column":29},"end":{"line":23,"column":105}},"13":{"start":{"line":24,"column":12},"end":{"line":24,"column":49}},"14":{"start":{"line":26,"column":12},"end":{"line":26,"column":31}},"15":{"start":{"line":31,"column":8},"end":{"line":38,"column":9}},"16":{"start":{"line":32,"column":33},"end":{"line":32,"column":61}},"17":{"start":{"line":33,"column":29},"end":{"line":33,"column":43}},"18":{"start":{"line":34,"column":29},"end":{"line":34,"column":145}},"19":{"start":{"line":35,"column":12},"end":{"line":35,"column":49}},"20":{"start":{"line":37,"column":12},"end":{"line":37,"column":31}},"21":{"start":{"line":42,"column":8},"end":{"line":48,"column":9}},"22":{"start":{"line":43,"column":68},"end":{"line":43,"column":72}},"23":{"start":{"line":44,"column":27},"end":{"line":44,"column":204}},"24":{"start":{"line":45,"column":12},"end":{"line":45,"column":49}},"25":{"start":{"line":47,"column":12},"end":{"line":47,"column":31}},"26":{"start":{"line":52,"column":8},"end":{"line":57,"column":9}},"27":{"start":{"line":53,"column":29},"end":{"line":53,"column":130}},"28":{"start":{"line":54,"column":12},"end":{"line":54,"column":49}},"29":{"start":{"line":56,"column":12},"end":{"line":56,"column":31}},"30":{"start":{"line":61,"column":8},"end":{"line":67,"column":9}},"31":{"start":{"line":62,"column":58},"end":{"line":62,"column":62}},"32":{"start":{"line":63,"column":29},"end":{"line":63,"column":208}},"33":{"start":{"line":64,"column":12},"end":{"line":64,"column":49}},"34":{"start":{"line":66,"column":12},"end":{"line":66,"column":31}},"35":{"start":{"line":70,"column":0},"end":{"line":70,"column":25}}},"fnMap":{"0":{"name":"(anonymous_0)","decl":{"start":{"line":4,"column":4},"end":{"line":4,"column":5}},"loc":{"start":{"line":4,"column":77},"end":{"line":10,"column":5}},"line":4},"1":{"name":"(anonymous_1)","decl":{"start":{"line":12,"column":4},"end":{"line":12,"column":5}},"loc":{"start":{"line":12,"column":26},"end":{"line":19,"column":5}},"line":12},"2":{"name":"(anonymous_2)","decl":{"start":{"line":15,"column":37},"end":{"line":15,"column":38}},"loc":{"start":{"line":15,"column":42},"end":{"line":15,"column":56}},"line":15},"3":{"name":"(anonymous_3)","decl":{"start":{"line":21,"column":4},"end":{"line":21,"column":5}},"loc":{"start":{"line":21,"column":32},"end":{"line":28,"column":5}},"line":21},"4":{"name":"(anonymous_4)","decl":{"start":{"line":30,"column":4},"end":{"line":30,"column":5}},"loc":{"start":{"line":30,"column":42},"end":{"line":39,"column":5}},"line":30},"5":{"name":"(anonymous_5)","decl":{"start":{"line":41,"column":4},"end":{"line":41,"column":5}},"loc":{"start":{"line":41,"column":30},"end":{"line":49,"column":5}},"line":41},"6":{"name":"(anonymous_6)","decl":{"start":{"line":51,"column":4},"end":{"line":51,"column":5}},"loc":{"start":{"line":51,"column":20},"end":{"line":58,"column":5}},"line":51},"7":{"name":"(anonymous_7)","decl":{"start":{"line":60,"column":4},"end":{"line":60,"column":5}},"loc":{"start":{"line":60,"column":23},"end":{"line":68,"column":5}},"line":60}},"branchMap":{},"s":{"0":1,"1":145,"2":145,"3":145,"4":145,"5":145,"6":1,"7":1,"8":1,"9":137,"10":0,"11":3,"12":3,"13":3,"14":0,"15":2,"16":2,"17":2,"18":2,"19":2,"20":0,"21":1,"22":1,"23":1,"24":1,"25":0,"26":1,"27":1,"28":1,"29":0,"30":1,"31":1,"32":1,"33":1,"34":0,"35":1},"f":{"0":145,"1":1,"2":137,"3":3,"4":2,"5":1,"6":1,"7":1},"b":{},"_coverageSchema":"1a1c01bbd47fc00a2c39e90264f33305004495a9","hash":"1f55bc2303f3011762bd3fd026352fa1cb0545c9"}
,"C:\\Users\\ioptyu2\\Desktop\\liskov\\lap2\\RecycleBin\\api\\models\\AddressZone.js": {"path":"C:\\Users\\ioptyu2\\Desktop\\liskov\\lap2\\RecycleBin\\api\\models\\AddressZone.js","statementMap":{"0":{"start":{"line":1,"column":12},"end":{"line":1,"column":42}},"1":{"start":{"line":5,"column":8},"end":{"line":5,"column":26}},"2":{"start":{"line":6,"column":8},"end":{"line":6,"column":39}},"3":{"start":{"line":10,"column":8},"end":{"line":15,"column":9}},"4":{"start":{"line":11,"column":29},"end":{"line":11,"column":74}},"5":{"start":{"line":12,"column":12},"end":{"line":12,"column":62}},"6":{"start":{"line":12,"column":42},"end":{"line":12,"column":60}},"7":{"start":{"line":14,"column":12},"end":{"line":14,"column":31}},"8":{"start":{"line":19,"column":8},"end":{"line":24,"column":9}},"9":{"start":{"line":20,"column":29},"end":{"line":20,"column":107}},"10":{"start":{"line":21,"column":12},"end":{"line":21,"column":53}},"11":{"start":{"line":23,"column":12},"end":{"line":23,"column":31}},"12":{"start":{"line":28,"column":8},"end":{"line":33,"column":9}},"13":{"start":{"line":29,"column":29},"end":{"line":29,"column":99}},"14":{"start":{"line":30,"column":12},"end":{"line":30,"column":53}},"15":{"start":{"line":32,"column":12},"end":{"line":32,"column":31}},"16":{"start":{"line":37,"column":8},"end":{"line":43,"column":9}},"17":{"start":{"line":38,"column":35},"end":{"line":38,"column":39}},"18":{"start":{"line":39,"column":29},"end":{"line":39,"column":126}},"19":{"start":{"line":40,"column":12},"end":{"line":40,"column":53}},"20":{"start":{"line":42,"column":12},"end":{"line":42,"column":31}},"21":{"start":{"line":47,"column":8},"end":{"line":54,"column":9}},"22":{"start":{"line":48,"column":12},"end":{"line":48,"column":117}},"23":{"start":{"line":49,"column":12},"end":{"line":49,"column":113}},"24":{"start":{"line":50,"column":29},"end":{"line":50,"column":115}},"25":{"start":{"line":51,"column":12},"end":{"line":51,"column":53}},"26":{"start":{"line":53,"column":12},"end":{"line":53,"column":31}},"27":{"start":{"line":58,"column":8},"end":{"line":64,"column":9}},"28":{"start":{"line":59,"column":34},"end":{"line":59,"column":38}},"29":{"start":{"line":60,"column":29},"end":{"line":60,"column":144}},"30":{"start":{"line":61,"column":12},"end":{"line":61,"column":53}},"31":{"start":{"line":63,"column":12},"end":{"line":63,"column":31}},"32":{"start":{"line":67,"column":0},"end":{"line":67,"column":29}}},"fnMap":{"0":{"name":"(anonymous_0)","decl":{"start":{"line":4,"column":4},"end":{"line":4,"column":5}},"loc":{"start":{"line":4,"column":41},"end":{"line":7,"column":5}},"line":4},"1":{"name":"(anonymous_1)","decl":{"start":{"line":9,"column":4},"end":{"line":9,"column":5}},"loc":{"start":{"line":9,"column":26},"end":{"line":16,"column":5}},"line":9},"2":{"name":"(anonymous_2)","decl":{"start":{"line":12,"column":37},"end":{"line":12,"column":38}},"loc":{"start":{"line":12,"column":42},"end":{"line":12,"column":60}},"line":12},"3":{"name":"(anonymous_3)","decl":{"start":{"line":18,"column":4},"end":{"line":18,"column":5}},"loc":{"start":{"line":18,"column":40},"end":{"line":25,"column":5}},"line":18},"4":{"name":"(anonymous_4)","decl":{"start":{"line":27,"column":4},"end":{"line":27,"column":5}},"loc":{"start":{"line":27,"column":32},"end":{"line":34,"column":5}},"line":27},"5":{"name":"(anonymous_5)","decl":{"start":{"line":36,"column":4},"end":{"line":36,"column":5}},"loc":{"start":{"line":36,"column":30},"end":{"line":44,"column":5}},"line":36},"6":{"name":"(anonymous_6)","decl":{"start":{"line":46,"column":4},"end":{"line":46,"column":5}},"loc":{"start":{"line":46,"column":20},"end":{"line":55,"column":5}},"line":46},"7":{"name":"(anonymous_7)","decl":{"start":{"line":57,"column":4},"end":{"line":57,"column":5}},"loc":{"start":{"line":57,"column":23},"end":{"line":65,"column":5}},"line":57}},"branchMap":{},"s":{"0":1,"1":17,"2":17,"3":1,"4":1,"5":1,"6":11,"7":0,"8":0,"9":0,"10":0,"11":0,"12":3,"13":3,"14":3,"15":0,"16":1,"17":1,"18":1,"19":1,"20":0,"21":1,"22":1,"23":1,"24":1,"25":1,"26":0,"27":1,"28":1,"29":1,"30":1,"31":0,"32":1},"f":{"0":17,"1":1,"2":11,"3":0,"4":3,"5":1,"6":1,"7":1},"b":{},"_coverageSchema":"1a1c01bbd47fc00a2c39e90264f33305004495a9","hash":"72b5fb47308ff82cac32615a50c0153ba1d7be05"}
,"C:\\Users\\ioptyu2\\Desktop\\liskov\\lap2\\RecycleBin\\api\\models\\Appointment.js": {"path":"C:\\Users\\ioptyu2\\Desktop\\liskov\\lap2\\RecycleBin\\api\\models\\Appointment.js","statementMap":{"0":{"start":{"line":1,"column":12},"end":{"line":1,"column":42}},"1":{"start":{"line":5,"column":8},"end":{"line":5,"column":33}},"2":{"start":{"line":6,"column":8},"end":{"line":6,"column":31}},"3":{"start":{"line":7,"column":8},"end":{"line":7,"column":39}},"4":{"start":{"line":8,"column":8},"end":{"line":8,"column":35}},"5":{"start":{"line":9,"column":8},"end":{"line":9,"column":37}},"6":{"start":{"line":13,"column":8},"end":{"line":18,"column":9}},"7":{"start":{"line":14,"column":29},"end":{"line":14,"column":73}},"8":{"start":{"line":15,"column":12},"end":{"line":15,"column":62}},"9":{"start":{"line":15,"column":42},"end":{"line":15,"column":60}},"10":{"start":{"line":17,"column":12},"end":{"line":17,"column":31}},"11":{"start":{"line":22,"column":8},"end":{"line":27,"column":9}},"12":{"start":{"line":23,"column":29},"end":{"line":23,"column":105}},"13":{"start":{"line":24,"column":12},"end":{"line":24,"column":53}},"14":{"start":{"line":26,"column":12},"end":{"line":26,"column":31}},"15":{"start":{"line":31,"column":8},"end":{"line":37,"column":9}},"16":{"start":{"line":32,"column":68},"end":{"line":32,"column":72}},"17":{"start":{"line":33,"column":29},"end":{"line":33,"column":201}},"18":{"start":{"line":34,"column":12},"end":{"line":34,"column":53}},"19":{"start":{"line":36,"column":12},"end":{"line":36,"column":31}},"20":{"start":{"line":41,"column":8},"end":{"line":46,"column":9}},"21":{"start":{"line":42,"column":29},"end":{"line":42,"column":121}},"22":{"start":{"line":43,"column":12},"end":{"line":43,"column":53}},"23":{"start":{"line":45,"column":12},"end":{"line":45,"column":31}},"24":{"start":{"line":50,"column":8},"end":{"line":56,"column":9}},"25":{"start":{"line":51,"column":66},"end":{"line":51,"column":70}},"26":{"start":{"line":52,"column":29},"end":{"line":52,"column":229}},"27":{"start":{"line":53,"column":12},"end":{"line":53,"column":53}},"28":{"start":{"line":55,"column":12},"end":{"line":55,"column":31}},"29":{"start":{"line":59,"column":0},"end":{"line":59,"column":29}}},"fnMap":{"0":{"name":"(anonymous_0)","decl":{"start":{"line":4,"column":4},"end":{"line":4,"column":5}},"loc":{"start":{"line":4,"column":80},"end":{"line":10,"column":5}},"line":4},"1":{"name":"(anonymous_1)","decl":{"start":{"line":12,"column":4},"end":{"line":12,"column":5}},"loc":{"start":{"line":12,"column":26},"end":{"line":19,"column":5}},"line":12},"2":{"name":"(anonymous_2)","decl":{"start":{"line":15,"column":37},"end":{"line":15,"column":38}},"loc":{"start":{"line":15,"column":42},"end":{"line":15,"column":60}},"line":15},"3":{"name":"(anonymous_3)","decl":{"start":{"line":21,"column":4},"end":{"line":21,"column":5}},"loc":{"start":{"line":21,"column":32},"end":{"line":28,"column":5}},"line":21},"4":{"name":"(anonymous_4)","decl":{"start":{"line":30,"column":4},"end":{"line":30,"column":5}},"loc":{"start":{"line":30,"column":30},"end":{"line":38,"column":5}},"line":30},"5":{"name":"(anonymous_5)","decl":{"start":{"line":40,"column":4},"end":{"line":40,"column":5}},"loc":{"start":{"line":40,"column":20},"end":{"line":47,"column":5}},"line":40},"6":{"name":"(anonymous_6)","decl":{"start":{"line":49,"column":4},"end":{"line":49,"column":5}},"loc":{"start":{"line":49,"column":23},"end":{"line":57,"column":5}},"line":49}},"branchMap":{},"s":{"0":1,"1":7,"2":7,"3":7,"4":7,"5":7,"6":1,"7":1,"8":1,"9":1,"10":0,"11":3,"12":3,"13":3,"14":0,"15":1,"16":1,"17":1,"18":1,"19":0,"20":1,"21":1,"22":1,"23":0,"24":1,"25":1,"26":1,"27":1,"28":0,"29":1},"f":{"0":7,"1":1,"2":1,"3":3,"4":1,"5":1,"6":1},"b":{},"_coverageSchema":"1a1c01bbd47fc00a2c39e90264f33305004495a9","hash":"9b6b575ee6fff24c993c93d2a85e1a9a52789ce9"}
,"C:\\Users\\ioptyu2\\Desktop\\liskov\\lap2\\RecycleBin\\api\\models\\Bin.js": {"path":"C:\\Users\\ioptyu2\\Desktop\\liskov\\lap2\\RecycleBin\\api\\models\\Bin.js","statementMap":{"0":{"start":{"line":1,"column":12},"end":{"line":1,"column":42}},"1":{"start":{"line":5,"column":8},"end":{"line":5,"column":39}},"2":{"start":{"line":6,"column":8},"end":{"line":6,"column":43}},"3":{"start":{"line":10,"column":8},"end":{"line":15,"column":9}},"4":{"start":{"line":11,"column":29},"end":{"line":11,"column":70}},"5":{"start":{"line":12,"column":12},"end":{"line":12,"column":54}},"6":{"start":{"line":12,"column":42},"end":{"line":12,"column":52}},"7":{"start":{"line":14,"column":12},"end":{"line":14,"column":31}},"8":{"start":{"line":19,"column":8},"end":{"line":24,"column":9}},"9":{"start":{"line":20,"column":29},"end":{"line":20,"column":121}},"10":{"start":{"line":21,"column":12},"end":{"line":21,"column":36}},"11":{"start":{"line":28,"column":8},"end":{"line":33,"column":9}},"12":{"start":{"line":29,"column":28},"end":{"line":29,"column":98}},"13":{"start":{"line":30,"column":11},"end":{"line":30,"column":44}},"14":{"start":{"line":32,"column":12},"end":{"line":32,"column":31}},"15":{"start":{"line":37,"column":8},"end":{"line":43,"column":9}},"16":{"start":{"line":38,"column":37},"end":{"line":38,"column":41}},"17":{"start":{"line":39,"column":29},"end":{"line":39,"column":126}},"18":{"start":{"line":40,"column":12},"end":{"line":40,"column":45}},"19":{"start":{"line":42,"column":12},"end":{"line":42,"column":31}},"20":{"start":{"line":47,"column":8},"end":{"line":54,"column":9}},"21":{"start":{"line":48,"column":12},"end":{"line":48,"column":111}},"22":{"start":{"line":49,"column":12},"end":{"line":49,"column":93}},"23":{"start":{"line":50,"column":29},"end":{"line":50,"column":124}},"24":{"start":{"line":51,"column":12},"end":{"line":51,"column":45}},"25":{"start":{"line":53,"column":12},"end":{"line":53,"column":31}},"26":{"start":{"line":58,"column":8},"end":{"line":64,"column":9}},"27":{"start":{"line":59,"column":36},"end":{"line":59,"column":40}},"28":{"start":{"line":60,"column":29},"end":{"line":60,"column":157}},"29":{"start":{"line":61,"column":12},"end":{"line":61,"column":45}},"30":{"start":{"line":63,"column":12},"end":{"line":63,"column":31}},"31":{"start":{"line":67,"column":0},"end":{"line":67,"column":21}}},"fnMap":{"0":{"name":"(anonymous_0)","decl":{"start":{"line":4,"column":4},"end":{"line":4,"column":5}},"loc":{"start":{"line":4,"column":47},"end":{"line":7,"column":5}},"line":4},"1":{"name":"(anonymous_1)","decl":{"start":{"line":9,"column":4},"end":{"line":9,"column":5}},"loc":{"start":{"line":9,"column":26},"end":{"line":16,"column":5}},"line":9},"2":{"name":"(anonymous_2)","decl":{"start":{"line":12,"column":37},"end":{"line":12,"column":38}},"loc":{"start":{"line":12,"column":42},"end":{"line":12,"column":52}},"line":12},"3":{"name":"(anonymous_3)","decl":{"start":{"line":18,"column":4},"end":{"line":18,"column":5}},"loc":{"start":{"line":18,"column":36},"end":{"line":25,"column":5}},"line":18},"4":{"name":"(anonymous_4)","decl":{"start":{"line":27,"column":4},"end":{"line":27,"column":5}},"loc":{"start":{"line":27,"column":32},"end":{"line":34,"column":5}},"line":27},"5":{"name":"(anonymous_5)","decl":{"start":{"line":36,"column":4},"end":{"line":36,"column":5}},"loc":{"start":{"line":36,"column":30},"end":{"line":44,"column":5}},"line":36},"6":{"name":"(anonymous_6)","decl":{"start":{"line":46,"column":4},"end":{"line":46,"column":5}},"loc":{"start":{"line":46,"column":20},"end":{"line":55,"column":5}},"line":46},"7":{"name":"(anonymous_7)","decl":{"start":{"line":57,"column":4},"end":{"line":57,"column":5}},"loc":{"start":{"line":57,"column":23},"end":{"line":65,"column":5}},"line":57}},"branchMap":{},"s":{"0":1,"1":14,"2":14,"3":1,"4":1,"5":1,"6":8,"7":0,"8":1,"9":1,"10":1,"11":3,"12":3,"13":3,"14":0,"15":1,"16":1,"17":1,"18":1,"19":0,"20":1,"21":1,"22":1,"23":1,"24":1,"25":0,"26":1,"27":1,"28":1,"29":1,"30":0,"31":1},"f":{"0":14,"1":1,"2":8,"3":1,"4":3,"5":1,"6":1,"7":1},"b":{},"_coverageSchema":"1a1c01bbd47fc00a2c39e90264f33305004495a9","hash":"61514a1b0a39e409d20d6275680115d800fdc2c7"}
,"C:\\Users\\ioptyu2\\Desktop\\liskov\\lap2\\RecycleBin\\api\\models\\CollectBulkyWaste.js": {"path":"C:\\Users\\ioptyu2\\Desktop\\liskov\\lap2\\RecycleBin\\api\\models\\CollectBulkyWaste.js","statementMap":{"0":{"start":{"line":1,"column":12},"end":{"line":1,"column":42}},"1":{"start":{"line":5,"column":8},"end":{"line":5,"column":33}},"2":{"start":{"line":6,"column":8},"end":{"line":6,"column":35}},"3":{"start":{"line":7,"column":8},"end":{"line":7,"column":27}},"4":{"start":{"line":11,"column":8},"end":{"line":16,"column":9}},"5":{"start":{"line":12,"column":29},"end":{"line":12,"column":80}},"6":{"start":{"line":13,"column":12},"end":{"line":13,"column":68}},"7":{"start":{"line":13,"column":42},"end":{"line":13,"column":66}},"8":{"start":{"line":15,"column":12},"end":{"line":15,"column":31}},"9":{"start":{"line":20,"column":8},"end":{"line":25,"column":9}},"10":{"start":{"line":21,"column":29},"end":{"line":21,"column":112}},"11":{"start":{"line":22,"column":12},"end":{"line":22,"column":59}},"12":{"start":{"line":24,"column":12},"end":{"line":24,"column":31}},"13":{"start":{"line":29,"column":8},"end":{"line":34,"column":9}},"14":{"start":{"line":30,"column":29},"end":{"line":30,"column":111}},"15":{"start":{"line":31,"column":12},"end":{"line":31,"column":59}},"16":{"start":{"line":33,"column":12},"end":{"line":33,"column":31}},"17":{"start":{"line":38,"column":8},"end":{"line":44,"column":9}},"18":{"start":{"line":39,"column":41},"end":{"line":39,"column":45}},"19":{"start":{"line":40,"column":29},"end":{"line":40,"column":146}},"20":{"start":{"line":41,"column":12},"end":{"line":41,"column":59}},"21":{"start":{"line":43,"column":12},"end":{"line":43,"column":31}},"22":{"start":{"line":48,"column":8},"end":{"line":53,"column":9}},"23":{"start":{"line":49,"column":27},"end":{"line":49,"column":126}},"24":{"start":{"line":50,"column":12},"end":{"line":50,"column":59}},"25":{"start":{"line":52,"column":12},"end":{"line":52,"column":31}},"26":{"start":{"line":57,"column":8},"end":{"line":63,"column":9}},"27":{"start":{"line":58,"column":39},"end":{"line":58,"column":43}},"28":{"start":{"line":59,"column":29},"end":{"line":59,"column":172}},"29":{"start":{"line":60,"column":12},"end":{"line":60,"column":59}},"30":{"start":{"line":62,"column":12},"end":{"line":62,"column":31}},"31":{"start":{"line":66,"column":0},"end":{"line":66,"column":35}}},"fnMap":{"0":{"name":"(anonymous_0)","decl":{"start":{"line":4,"column":4},"end":{"line":4,"column":5}},"loc":{"start":{"line":4,"column":53},"end":{"line":8,"column":5}},"line":4},"1":{"name":"(anonymous_1)","decl":{"start":{"line":10,"column":4},"end":{"line":10,"column":5}},"loc":{"start":{"line":10,"column":26},"end":{"line":17,"column":5}},"line":10},"2":{"name":"(anonymous_2)","decl":{"start":{"line":13,"column":37},"end":{"line":13,"column":38}},"loc":{"start":{"line":13,"column":42},"end":{"line":13,"column":66}},"line":13},"3":{"name":"(anonymous_3)","decl":{"start":{"line":19,"column":4},"end":{"line":19,"column":5}},"loc":{"start":{"line":19,"column":32},"end":{"line":26,"column":5}},"line":19},"4":{"name":"(anonymous_4)","decl":{"start":{"line":28,"column":4},"end":{"line":28,"column":5}},"loc":{"start":{"line":28,"column":40},"end":{"line":35,"column":5}},"line":28},"5":{"name":"(anonymous_5)","decl":{"start":{"line":37,"column":4},"end":{"line":37,"column":5}},"loc":{"start":{"line":37,"column":30},"end":{"line":45,"column":5}},"line":37},"6":{"name":"(anonymous_6)","decl":{"start":{"line":47,"column":4},"end":{"line":47,"column":5}},"loc":{"start":{"line":47,"column":20},"end":{"line":54,"column":5}},"line":47},"7":{"name":"(anonymous_7)","decl":{"start":{"line":56,"column":4},"end":{"line":56,"column":5}},"loc":{"start":{"line":56,"column":23},"end":{"line":64,"column":5}},"line":56}},"branchMap":{},"s":{"0":1,"1":10,"2":10,"3":10,"4":1,"5":1,"6":1,"7":4,"8":0,"9":3,"10":3,"11":3,"12":0,"13":0,"14":0,"15":0,"16":0,"17":1,"18":1,"19":1,"20":1,"21":0,"22":1,"23":1,"24":1,"25":0,"26":1,"27":1,"28":1,"29":1,"30":0,"31":1},"f":{"0":10,"1":1,"2":4,"3":3,"4":0,"5":1,"6":1,"7":1},"b":{},"_coverageSchema":"1a1c01bbd47fc00a2c39e90264f33305004495a9","hash":"b90d38f074d34c39ce6f497ac5e1ca505589940d"}
,"C:\\Users\\ioptyu2\\Desktop\\liskov\\lap2\\RecycleBin\\api\\models\\CollectDays.js": {"path":"C:\\Users\\ioptyu2\\Desktop\\liskov\\lap2\\RecycleBin\\api\\models\\CollectDays.js","statementMap":{"0":{"start":{"line":1,"column":12},"end":{"line":1,"column":42}},"1":{"start":{"line":5,"column":8},"end":{"line":5,"column":33}},"2":{"start":{"line":6,"column":8},"end":{"line":6,"column":31}},"3":{"start":{"line":7,"column":8},"end":{"line":7,"column":39}},"4":{"start":{"line":8,"column":8},"end":{"line":8,"column":37}},"5":{"start":{"line":12,"column":8},"end":{"line":17,"column":9}},"6":{"start":{"line":13,"column":29},"end":{"line":13,"column":73}},"7":{"start":{"line":14,"column":12},"end":{"line":14,"column":62}},"8":{"start":{"line":14,"column":42},"end":{"line":14,"column":60}},"9":{"start":{"line":16,"column":12},"end":{"line":16,"column":31}},"10":{"start":{"line":21,"column":8},"end":{"line":26,"column":9}},"11":{"start":{"line":22,"column":29},"end":{"line":22,"column":105}},"12":{"start":{"line":23,"column":12},"end":{"line":23,"column":53}},"13":{"start":{"line":25,"column":12},"end":{"line":25,"column":31}},"14":{"start":{"line":30,"column":8},"end":{"line":35,"column":9}},"15":{"start":{"line":31,"column":29},"end":{"line":31,"column":103}},"16":{"start":{"line":32,"column":12},"end":{"line":32,"column":33}},"17":{"start":{"line":34,"column":12},"end":{"line":34,"column":31}},"18":{"start":{"line":39,"column":8},"end":{"line":45,"column":9}},"19":{"start":{"line":40,"column":57},"end":{"line":40,"column":61}},"20":{"start":{"line":41,"column":29},"end":{"line":41,"column":175}},"21":{"start":{"line":42,"column":12},"end":{"line":42,"column":53}},"22":{"start":{"line":44,"column":12},"end":{"line":44,"column":31}},"23":{"start":{"line":49,"column":8},"end":{"line":54,"column":9}},"24":{"start":{"line":50,"column":27},"end":{"line":50,"column":119}},"25":{"start":{"line":51,"column":12},"end":{"line":51,"column":53}},"26":{"start":{"line":53,"column":12},"end":{"line":53,"column":31}},"27":{"start":{"line":58,"column":8},"end":{"line":64,"column":9}},"28":{"start":{"line":59,"column":55},"end":{"line":59,"column":59}},"29":{"start":{"line":60,"column":29},"end":{"line":60,"column":201}},"30":{"start":{"line":61,"column":12},"end":{"line":61,"column":53}},"31":{"start":{"line":63,"column":12},"end":{"line":63,"column":31}},"32":{"start":{"line":67,"column":0},"end":{"line":67,"column":29}}},"fnMap":{"0":{"name":"(anonymous_0)","decl":{"start":{"line":4,"column":4},"end":{"line":4,"column":5}},"loc":{"start":{"line":4,"column":69},"end":{"line":9,"column":5}},"line":4},"1":{"name":"(anonymous_1)","decl":{"start":{"line":11,"column":4},"end":{"line":11,"column":5}},"loc":{"start":{"line":11,"column":26},"end":{"line":18,"column":5}},"line":11},"2":{"name":"(anonymous_2)","decl":{"start":{"line":14,"column":37},"end":{"line":14,"column":38}},"loc":{"start":{"line":14,"column":42},"end":{"line":14,"column":60}},"line":14},"3":{"name":"(anonymous_3)","decl":{"start":{"line":20,"column":4},"end":{"line":20,"column":5}},"loc":{"start":{"line":20,"column":32},"end":{"line":27,"column":5}},"line":20},"4":{"name":"(anonymous_4)","decl":{"start":{"line":29,"column":4},"end":{"line":29,"column":5}},"loc":{"start":{"line":29,"column":38},"end":{"line":36,"column":5}},"line":29},"5":{"name":"(anonymous_5)","decl":{"start":{"line":38,"column":4},"end":{"line":38,"column":5}},"loc":{"start":{"line":38,"column":30},"end":{"line":46,"column":5}},"line":38},"6":{"name":"(anonymous_6)","decl":{"start":{"line":48,"column":4},"end":{"line":48,"column":5}},"loc":{"start":{"line":48,"column":20},"end":{"line":55,"column":5}},"line":48},"7":{"name":"(anonymous_7)","decl":{"start":{"line":57,"column":4},"end":{"line":57,"column":5}},"loc":{"start":{"line":57,"column":23},"end":{"line":65,"column":5}},"line":57}},"branchMap":{},"s":{"0":1,"1":33,"2":33,"3":33,"4":33,"5":1,"6":1,"7":1,"8":27,"9":0,"10":3,"11":3,"12":3,"13":0,"14":1,"15":1,"16":1,"17":0,"18":1,"19":1,"20":1,"21":1,"22":0,"23":1,"24":1,"25":1,"26":0,"27":1,"28":1,"29":1,"30":1,"31":0,"32":1},"f":{"0":33,"1":1,"2":27,"3":3,"4":1,"5":1,"6":1,"7":1},"b":{},"_coverageSchema":"1a1c01bbd47fc00a2c39e90264f33305004495a9","hash":"89fce49168697fa61926a43d48cfed8079579523"}
,"C:\\Users\\ioptyu2\\Desktop\\liskov\\lap2\\RecycleBin\\api\\models\\MaterialsType.js": {"path":"C:\\Users\\ioptyu2\\Desktop\\liskov\\lap2\\RecycleBin\\api\\models\\MaterialsType.js","statementMap":{"0":{"start":{"line":1,"column":12},"end":{"line":1,"column":42}},"1":{"start":{"line":5,"column":8},"end":{"line":5,"column":35}},"2":{"start":{"line":6,"column":8},"end":{"line":6,"column":25}},"3":{"start":{"line":10,"column":8},"end":{"line":15,"column":9}},"4":{"start":{"line":11,"column":29},"end":{"line":11,"column":75}},"5":{"start":{"line":12,"column":12},"end":{"line":12,"column":64}},"6":{"start":{"line":12,"column":42},"end":{"line":12,"column":62}},"7":{"start":{"line":14,"column":12},"end":{"line":14,"column":31}},"8":{"start":{"line":20,"column":8},"end":{"line":25,"column":9}},"9":{"start":{"line":21,"column":29},"end":{"line":21,"column":99}},"10":{"start":{"line":22,"column":12},"end":{"line":22,"column":55}},"11":{"start":{"line":24,"column":12},"end":{"line":24,"column":31}},"12":{"start":{"line":29,"column":8},"end":{"line":34,"column":9}},"13":{"start":{"line":30,"column":29},"end":{"line":30,"column":109}},"14":{"start":{"line":31,"column":12},"end":{"line":31,"column":55}},"15":{"start":{"line":33,"column":12},"end":{"line":33,"column":30}},"16":{"start":{"line":38,"column":8},"end":{"line":44,"column":9}},"17":{"start":{"line":39,"column":28},"end":{"line":39,"column":32}},"18":{"start":{"line":40,"column":27},"end":{"line":40,"column":111}},"19":{"start":{"line":41,"column":12},"end":{"line":41,"column":55}},"20":{"start":{"line":43,"column":12},"end":{"line":43,"column":31}},"21":{"start":{"line":48,"column":8},"end":{"line":54,"column":9}},"22":{"start":{"line":49,"column":12},"end":{"line":49,"column":134}},"23":{"start":{"line":50,"column":29},"end":{"line":50,"column":125}},"24":{"start":{"line":51,"column":12},"end":{"line":51,"column":55}},"25":{"start":{"line":53,"column":12},"end":{"line":53,"column":31}},"26":{"start":{"line":58,"column":8},"end":{"line":64,"column":9}},"27":{"start":{"line":59,"column":27},"end":{"line":59,"column":31}},"28":{"start":{"line":60,"column":29},"end":{"line":60,"column":140}},"29":{"start":{"line":61,"column":12},"end":{"line":61,"column":55}},"30":{"start":{"line":63,"column":12},"end":{"line":63,"column":31}},"31":{"start":{"line":67,"column":0},"end":{"line":67,"column":31}}},"fnMap":{"0":{"name":"(anonymous_0)","decl":{"start":{"line":4,"column":4},"end":
[...]
ine":64,"column":31}},"33":{"start":{"line":69,"column":8},"end":{"line":74,"column":9}},"34":{"start":{"line":70,"column":30},"end":{"line":70,"column":136}},"35":{"start":{"line":71,"column":12},"end":{"line":71,"column":46}},"36":{"start":{"line":73,"column":12},"end":{"line":73,"column":31}},"37":{"start":{"line":78,"column":8},"end":{"line":83,"column":9}},"38":{"start":{"line":79,"column":30},"end":{"line":79,"column":131}},"39":{"start":{"line":80,"column":12},"end":{"line":80,"column":46}},"40":{"start":{"line":82,"column":12},"end":{"line":82,"column":31}},"41":{"start":{"line":87,"column":8},"end":{"line":92,"column":9}},"42":{"start":{"line":88,"column":30},"end":{"line":88,"column":134}},"43":{"start":{"line":89,"column":12},"end":{"line":89,"column":46}},"44":{"start":{"line":91,"column":12},"end":{"line":91,"column":31}},"45":{"start":{"line":96,"column":8},"end":{"line":101,"column":9}},"46":{"start":{"line":97,"column":27},"end":{"line":97,"column":112}},"47":{"start":{"line":98,"column":12},"end":{"line":98,"column":46}},"48":{"start":{"line":100,"column":12},"end":{"line":100,"column":31}},"49":{"start":{"line":104,"column":0},"end":{"line":104,"column":22}}},"fnMap":{"0":{"name":"(anonymous_0)","decl":{"start":{"line":4,"column":4},"end":{"line":4,"column":5}},"loc":{"start":{"line":4,"column":75},"end":{"line":11,"column":5}},"line":4},"1":{"name":"(anonymous_1)","decl":{"start":{"line":13,"column":4},"end":{"line":13,"column":5}},"loc":{"start":{"line":13,"column":26},"end":{"line":20,"column":5}},"line":13},"2":{"name":"(anonymous_2)","decl":{"start":{"line":16,"column":37},"end":{"line":16,"column":38}},"loc":{"start":{"line":16,"column":42},"end":{"line":16,"column":53}},"line":16},"3":{"name":"(anonymous_3)","decl":{"start":{"line":22,"column":4},"end":{"line":22,"column":5}},"loc":{"start":{"line":22,"column":32},"end":{"line":29,"column":5}},"line":22},"4":{"name":"(anonymous_4)","decl":{"start":{"line":31,"column":4},"end":{"line":31,"column":5}},"loc":{"start":{"line":31,"column":44},"end":{"line":38,"column":5}},"line":31},"5":{"name":"(anonymous_5)","decl":{"start":{"line":40,"column":4},"end":{"line":40,"column":5}},"loc":{"start":{"line":40,"column":42},"end":{"line":48,"column":5}},"line":40},"6":{"name":"(anonymous_6)","decl":{"start":{"line":50,"column":4},"end":{"line":50,"column":5}},"loc":{"start":{"line":50,"column":30},"end":{"line":57,"column":5}},"line":50},"7":{"name":"(anonymous_7)","decl":{"start":{"line":59,"column":4},"end":{"line":59,"column":5}},"loc":{"start":{"line":59,"column":29},"end":{"line":66,"column":5}},"line":59},"8":{"name":"(anonymous_8)","decl":{"start":{"line":68,"column":4},"end":{"line":68,"column":5}},"loc":{"start":{"line":68,"column":32},"end":{"line":75,"column":5}},"line":68},"9":{"name":"(anonymous_9)","decl":{"start":{"line":77,"column":4},"end":{"line":77,"column":5}},"loc":{"start":{"line":77,"column":37},"end":{"line":84,"column":5}},"line":77},"10":{"name":"(anonymous_10)","decl":{"start":{"line":86,"column":4},"end":{"line":86,"column":5}},"loc":{"start":{"line":86,"column":31},"end":{"line":93,"column":5}},"line":86},"11":{"name":"(anonymous_11)","decl":{"start":{"line":95,"column":4},"end":{"line":95,"column":5}},"loc":{"start":{"line":95,"column":20},"end":{"line":102,"column":5}},"line":95}},"branchMap":{"0":{"loc":{"start":{"line":42,"column":39},"end":{"line":42,"column":54}},"type":"default-arg","locations":[{"start":{"line":42,"column":49},"end":{"line":42,"column":54}}],"line":42}},"s":{"0":1,"1":19,"2":19,"3":19,"4":19,"5":19,"6":19,"7":1,"8":1,"9":1,"10":3,"11":0,"12":2,"13":2,"14":2,"15":0,"16":7,"17":7,"18":7,"19":0,"20":1,"21":1,"22":1,"23":1,"24":0,"25":1,"26":1,"27":1,"28":0,"29":1,"30":1,"31":1,"32":0,"33":1,"34":1,"35":1,"36":0,"37":1,"38":1,"39":1,"40":0,"41":1,"42":1,"43":1,"44":0,"45":1,"46":1,"47":1,"48":0,"49":1},"f":{"0":19,"1":1,"2":3,"3":2,"4":7,"5":1,"6":1,"7":1,"8":1,"9":1,"10":1,"11":1},"b":{"0":[1]},"_coverageSchema":"1a1c01bbd47fc00a2c39e90264f33305004495a9","hash":"d69a6365174f6e653d5ac26f40a6c16a548c6f1a"}
,"C:\\Users\\ioptyu2\\Desktop\\liskov\\lap2\\RecycleBin\\api\\models\\Weekday.js": {"path":"C:\\Users\\ioptyu2\\Desktop\\liskov\\lap2\\RecycleBin\\api\\models\\Weekday.js","statementMap":{"0":{"start":{"line":1,"column":12},"end":{"line":1,"column":42}},"1":{"start":{"line":5,"column":8},"end":{"line":5,"column":29}},"2":{"start":{"line":6,"column":8},"end":{"line":6,"column":31}},"3":{"start":{"line":10,"column":8},"end":{"line":15,"column":9}},"4":{"start":{"line":11,"column":29},"end":{"line":11,"column":69}},"5":{"start":{"line":12,"column":12},"end":{"line":12,"column":58}},"6":{"start":{"line":12,"column":42},"end":{"line":12,"column":56}},"7":{"start":{"line":14,"column":12},"end":{"line":14,"column":30}},"8":{"start":{"line":19,"column":8},"end":{"line":24,"column":9}},"9":{"start":{"line":20,"column":29},"end":{"line":20,"column":96}},"10":{"start":{"line":21,"column":12},"end":{"line":21,"column":49}},"11":{"start":{"line":23,"column":12},"end":{"line":23,"column":30}},"12":{"start":{"line":28,"column":8},"end":{"line":33,"column":9}},"13":{"start":{"line":29,"column":29},"end":{"line":29,"column":97}},"14":{"start":{"line":30,"column":12},"end":{"line":30,"column":49}},"15":{"start":{"line":32,"column":12},"end":{"line":32,"column":30}},"16":{"start":{"line":37,"column":8},"end":{"line":43,"column":9}},"17":{"start":{"line":38,"column":30},"end":{"line":38,"column":34}},"18":{"start":{"line":39,"column":27},"end":{"line":39,"column":111}},"19":{"start":{"line":40,"column":12},"end":{"line":40,"column":49}},"20":{"start":{"line":42,"column":12},"end":{"line":42,"column":30}},"21":{"start":{"line":47,"column":8},"end":{"line":52,"column":9}},"22":{"start":{"line":48,"column":29},"end":{"line":48,"column":113}},"23":{"start":{"line":49,"column":12},"end":{"line":49,"column":49}},"24":{"start":{"line":51,"column":12},"end":{"line":51,"column":30}},"25":{"start":{"line":56,"column":8},"end":{"line":63,"column":9}},"26":{"start":{"line":57,"column":30},"end":{"line":57,"column":34}},"27":{"start":{"line":58,"column":29},"end":{"line":58,"column":134}},"28":{"start":{"line":59,"column":12},"end":{"line":59,"column":49}},"29":{"start":{"line":62,"column":12},"end":{"line":62,"column":30}},"30":{"start":{"line":66,"column":0},"end":{"line":66,"column":25}}},"fnMap":{"0":{"name":"(anonymous_0)","decl":{"start":{"line":4,"column":4},"end":{"line":4,"column":5}},"loc":{"start":{"line":4,"column":40},"end":{"line":7,"column":5}},"line":4},"1":{"name":"(anonymous_1)","decl":{"start":{"line":9,"column":4},"end":{"line":9,"column":5}},"loc":{"start":{"line":9,"column":26},"end":{"line":16,"column":5}},"line":9},"2":{"name":"(anonymous_2)","decl":{"start":{"line":12,"column":37},"end":{"line":12,"column":38}},"loc":{"start":{"line":12,"column":42},"end":{"line":12,"column":56}},"line":12},"3":{"name":"(anonymous_3)","decl":{"start":{"line":18,"column":4},"end":{"line":18,"column":5}},"loc":{"start":{"line":18,"column":36},"end":{"line":25,"column":5}},"line":18},"4":{"name":"(anonymous_4)","decl":{"start":{"line":27,"column":4},"end":{"line":27,"column":5}},"loc":{"start":{"line":27,"column":32},"end":{"line":34,"column":5}},"line":27},"5":{"name":"(anonymous_5)","decl":{"start":{"line":36,"column":4},"end":{"line":36,"column":5}},"loc":{"start":{"line":36,"column":30},"end":{"line":44,"column":5}},"line":36},"6":{"name":"(anonymous_6)","decl":{"start":{"line":46,"column":4},"end":{"line":46,"column":5}},"loc":{"start":{"line":46,"column":20},"end":{"line":53,"column":5}},"line":46},"7":{"name":"(anonymous_7)","decl":{"start":{"line":55,"column":4},"end":{"line":55,"column":5}},"loc":{"start":{"line":55,"column":23},"end":{"line":64,"column":5}},"line":55}},"branchMap":{},"s":{"0":1,"1":15,"2":15,"3":1,"4":1,"5":1,"6":8,"7":0,"8":1,"9":1,"10":1,"11":0,"12":3,"13":3,"14":3,"15":0,"16":1,"17":1,"18":1,"19":1,"20":0,"21":1,"22":1,"23":1,"24":0,"25":1,"26":1,"27":1,"28":1,"29":0,"30":1},"f":{"0":15,"1":1,"2":8,"3":1,"4":3,"5":1,"6":1,"7":1},"b":{},"_coverageSchema":"1a1c01bbd47fc00a2c39e90264f33305004495a9","hash":"593bf4dea1cbeb7bc469aa2da41263d9535877f1"}
,"C:\\Users\\ioptyu2\\Desktop\\liskov\\lap2\\RecycleBin\\api\\routers\\address.js": {"path":"C:\\Users\\ioptyu2\\Desktop\\liskov\\lap2\\RecycleBin\\api\\routers\\address.js","statementMap":{"0":{"start":{"line":1,"column":16},"end":{"line":1,"column":34}},"1":{"start":{"line":2,"column":26},"end":{"line":2,"column":62}},"2":{"start":{"line":3,"column":22},"end":{"line":3,"column":60}},"3":{"start":{"line":4,"column":22},"end":{"line":4,"column":38}},"4":{"start":{"line":6,"column":0},"end":{"line":6,"column":50}},"5":{"start":{"line":7,"column":0},"end":{"line":7,"column":89}},"6":{"start":{"line":8,"column":0},"end":{"line":8,"column":57}},"7":{"start":{"line":9,"column":0},"end":{"line":9,"column":50}},"8":{"start":{"line":10,"column":0},"end":{"line":10,"column":56}},"9":{"start":{"line":11,"column":0},"end":{"line":11,"column":54}},"10":{"start":{"line":13,"column":0},"end":{"line":13,"column":31}}},"fnMap":{},"branchMap":{},"s":{"0":1,"1":1,"2":1,"3":1,"4":1,"5":1,"6":1,"7":1,"8":1,"9":1,"10":1},"f":{},"b":{},"_coverageSchema":"1a1c01bbd47fc00a2c39e90264f33305004495a9","hash":"1314958a91f1880b5936a6b2d4af4ad9fde9b0f5"}
,"C:\\Users\\ioptyu2\\Desktop\\liskov\\lap2\\RecycleBin\\api\\routers\\addressZone.js": {"path":"C:\\Users\\ioptyu2\\Desktop\\liskov\\lap2\\RecycleBin\\api\\routers\\addressZone.js","statementMap":{"0":{"start":{"line":1,"column":16},"end":{"line":1,"column":34}},"1":{"start":{"line":2,"column":30},"end":{"line":2,"column":67}},"2":{"start":{"line":3,"column":22},"end":{"line":3,"column":60}},"3":{"start":{"line":4,"column":26},"end":{"line":4,"column":42}},"4":{"start":{"line":6,"column":0},"end":{"line":6,"column":58}},"5":{"start":{"line":7,"column":0},"end":{"line":7,"column":65}},"6":{"start":{"line":8,"column":0},"end":{"line":8,"column":58}},"7":{"start":{"line":9,"column":0},"end":{"line":9,"column":64}},"8":{"start":{"line":10,"column":0},"end":{"line":10,"column":62}},"9":{"start":{"line":12,"column":0},"end":{"line":12,"column":35}}},"fnMap":{},"branchMap":{},"s":{"0":1,"1":1,"2":1,"3":1,"4":1,"5":1,"6":1,"7":1,"8":1,"9":1},"f":{},"b":{},"_coverageSchema":"1a1c01bbd47fc00a2c39e90264f33305004495a9","hash":"655c162deaea3d0d24c87a6822d0ba40551db797"}
,"C:\\Users\\ioptyu2\\Desktop\\liskov\\lap2\\RecycleBin\\api\\routers\\appointment.js": {"path":"C:\\Users\\ioptyu2\\Desktop\\liskov\\lap2\\RecycleBin\\api\\routers\\appointment.js","statementMap":{"0":{"start":{"line":1,"column":16},"end":{"line":1,"column":34}},"1":{"start":{"line":2,"column":30},"end":{"line":2,"column":67}},"2":{"start":{"line":3,"column":22},"end":{"line":3,"column":60}},"3":{"start":{"line":4,"column":26},"end":{"line":4,"column":42}},"4":{"start":{"line":6,"column":0},"end":{"line":6,"column":73}},"5":{"start":{"line":7,"column":0},"end":{"line":7,"column":61}},"6":{"start":{"line":8,"column":0},"end":{"line":8,"column":58}},"7":{"start":{"line":9,"column":0},"end":{"line":9,"column":64}},"8":{"start":{"line":10,"column":0},"end":{"line":10,"column":62}},"9":{"start":{"line":12,"column":0},"end":{"line":12,"column":35}}},"fnMap":{},"branchMap":{},"s":{"0":1,"1":1,"2":1,"3":1,"4":1,"5":1,"6":1,"7":1,"8":1,"9":1},"f":{},"b":{},"_coverageSchema":"1a1c01bbd47fc00a2c39e90264f33305004495a9","hash":"539ec278bf9cceb50a13bd24633b91b9e369a5bc"}
,"C:\\Users\\ioptyu2\\Desktop\\liskov\\lap2\\RecycleBin\\api\\routers\\bin.js": {"path":"C:\\Users\\ioptyu2\\Desktop\\liskov\\lap2\\RecycleBin\\api\\routers\\bin.js","statementMap":{"0":{"start":{"line":1,"column":16},"end":{"line":1,"column":34}},"1":{"start":{"line":2,"column":22},"end":{"line":2,"column":51}},"2":{"start":{"line":3,"column":22},"end":{"line":3,"column":60}},"3":{"start":{"line":4,"column":18},"end":{"line":4,"column":34}},"4":{"start":{"line":6,"column":0},"end":{"line":6,"column":42}},"5":{"start":{"line":7,"column":0},"end":{"line":7,"column":49}},"6":{"start":{"line":8,"column":0},"end":{"line":8,"column":58}},"7":{"start":{"line":9,"column":0},"end":{"line":9,"column":42}},"8":{"start":{"line":10,"column":0},"end":{"line":10,"column":48}},"9":{"start":{"line":11,"column":0},"end":{"line":11,"column":46}},"10":{"start":{"line":13,"column":0},"end":{"line":13,"column":27}}},"fnMap":{},"branchMap":{},"s":{"0":1,"1":1,"2":1,"3":1,"4":1,"5":1,"6":1,"7":1,"8":1,"9":1,"10":1},"f":{},"b":{},"_coverageSchema":"1a1c01bbd47fc00a2c39e90264f33305004495a9","hash":"502eabc7e563e1a6c9b774f17a3170528d2af4d3"}
,"C:\\Users\\ioptyu2\\Desktop\\liskov\\lap2\\RecycleBin\\api\\routers\\collectBulkyWaste.js": {"path":"C:\\Users\\ioptyu2\\Desktop\\liskov\\lap2\\RecycleBin\\api\\routers\\collectBulkyWaste.js","statementMap":{"0":{"start":{"line":1,"column":16},"end":{"line":1,"column":34}},"1":{"start":{"line":2,"column":36},"end":{"line":2,"column":79}},"2":{"start":{"line":3,"column":22},"end":{"line":3,"column":60}},"3":{"start":{"line":4,"column":32},"end":{"line":4,"column":48}},"4":{"start":{"line":6,"column":0},"end":{"line":6,"column":70}},"5":{"start":{"line":7,"column":0},"end":{"line":7,"column":73}},"6":{"start":{"line":8,"column":0},"end":{"line":8,"column":92}},"7":{"start":{"line":9,"column":0},"end":{"line":9,"column":70}},"8":{"start":{"line":10,"column":0},"end":{"line":10,"column":76}},"9":{"start":{"line":11,"column":0},"end":{"line":11,"column":74}},"10":{"start":{"line":13,"column":0},"end":{"line":13,"column":41}}},"fnMap":{},"branchMap":{},"s":{"0":1,"1":1,"2":1,"3":1,"4":1,"5":1,"6":1,"7":1,"8":1,"9":1,"10":1},"f":{},"b":{},"_coverageSchema":"1a1c01bbd47fc00a2c39e90264f33305004495a9","hash":"3173be221c23b2ea07134b0a9f3729990a222e6f"}
,"C:\\Users\\ioptyu2\\Desktop\\liskov\\lap2\\RecycleBin\\api\\routers\\collectDays.js": {"path":"C:\\Users\\ioptyu2\\Desktop\\liskov\\lap2\\RecycleBin\\api\\routers\\collectDays.js","statementMap":{"0":{"start":{"line":1,"column":16},"end":{"line":1,"column":34}},"1":{"start":{"line":2,"column":30},"end":{"line":2,"column":67}},"2":{"start":{"line":3,"column":22},"end":{"line":3,"column":60}},"3":{"start":{"line":4,"column":26},"end":{"line":4,"column":42}},"4":{"start":{"line":6,"column":0},"end":{"line":6,"column":58}},"5":{"start":{"line":7,"column":0},"end":{"line":7,"column":61}},"6":{"start":{"line":8,"column":0},"end":{"line":8,"column":58}},"7":{"start":{"line":9,"column":0},"end":{"line":9,"column":64}},"8":{"start":{"line":10,"column":0},"end":{"line":10,"column":62}},"9":{"start":{"line":11,"column":0},"end":{"line":11,"column":71}},"10":{"start":{"line":13,"column":0},"end":{"line":13,"column":35}}},"fnMap":{},"branchMap":{},"s":{"0":1,"1":1,"2":1,"3":1,"4":1,"5":1,"6":1,"7":1,"8":1,"9":1,"10":1},"f":{},"b":{},"_coverageSchema":"1a1c01bbd47fc00a2c39e90264f33305004495a9","hash":"b730add5614d45bc07b9f96879984f9b6f21d189"}
,"C:\\Users\\ioptyu2\\Desktop\\liskov\\lap2\\RecycleBin\\api\\routers\\materialsType.js": {"path":"C:\\Users\\ioptyu2\\Desktop\\liskov\\lap2\\RecycleBin\\api\\routers\\materialsType.js","statementMap":{"0":{"start":{"line":1,"column":16},"end":{"line":1,"column":34}},"1":{"start":{"line":2,"column":32},"end":{"line":2,"column":71}},"2":{"start":{"line":3,"column":22},"end":{"line":3,"column":60}},"3":{"start":{"line":4,"column":28},"end":{"line":4,"column":44}},"4":{"start":{"line":6,"column":0},"end":{"line":6,"column":62}},"5":{"start":{"line":7,"column":0},"end":{"line":7,"column":69}},"6":{"start":{"line":8,"column":0},"end":{"line":8,"column":62}},"7":{"start":{"line":9,"column":0},"end":{"line":9,"column":68}},"8":{"start":{"line":10,"column":0},"end":{"line":10,"column":66}},"9":{"start":{"line":12,"column":0},"end":{"line":12,"column":37}}},"fnMap":{},"branchMap":{},"s":{"0":1,"1":1,"2":1,"3":1,"4":1,"5":1,"6":1,"7":1,"8":1,"9":1},"f":{},"b":{},"_coverageSchema":"1a1c01bbd47fc00a2c39e90264f33305004495a9","hash":"897c65c479d64906ff4997bb73ce917d0bf810eb"}
,"C:\\Users\\ioptyu2\\Desktop\\liskov\\lap2\\RecycleBin\\api\\routers\\recyclableObject.js": {"path":"C:\\Users\\ioptyu2\\Desktop\\liskov\\lap2\\RecycleBin\\api\\routers\\recyclableObject.js","statementMap":{"0":{"start":{"line":1,"column":16},"end":{"line":1,"column":34}},"1":{"start":{"line":2,"column":25},"end":{"line":2,"column":70}},"2":{"start":{"line":3,"column":22},"end":{"line":3,"column":63}},"3":{"start":{"line":4,"column":21},"end":{"line":4,"column":37}},"4":{"start":{"line":6,"column":0},"end":{"line":6,"column":48}},"5":{"start":{"line":7,"column":0},"end":{"line":7,"column":63}},"6":{"start":{"line":8,"column":0},"end":{"line":8,"column":51}},"7":{"start":{"line":9,"column":0},"end":{"line":9,"column":48}},"8":{"start":{"line":10,"column":0},"end":{"line":10,"column":54}},"9":{"start":{"line":11,"column":0},"end":{"line":11,"column":52}},"10":{"start":{"line":13,"column":0},"end":{"line":13,"column":30}}},"fnMap":{},"branchMap":{},"s":{"0":1,"1":1,"2":1,"3":1,"4":1,"5":1,"6":1,"7":1,"8":1,"9":1,"10":1},"f":{},"b":{},"_coverageSchema":"1a1c01bbd47fc00a2c39e90264f33305004495a9","hash":"bae4d82aedc292f55faf4522bb9867cd7f6ba159"}
,"C:\\Users\\ioptyu2\\Desktop\\liskov\\lap2\\RecycleBin\\api\\routers\\user.js": {"path":"C:\\Users\\ioptyu2\\Desktop\\liskov\\lap2\\RecycleBin\\api\\routers\\user.js","statementMap":{"0":{"start":{"line":1,"column":19},"end":{"line":1,"column":37}},"1":{"start":{"line":3,"column":23},"end":{"line":3,"column":56}},"2":{"start":{"line":4,"column":22},"end":{"line":4,"column":63}},"3":{"start":{"line":5,"column":19},"end":{"line":5,"column":27}},"4":{"start":{"line":7,"column":0},"end":{"line":7,"column":44}},"5":{"start":{"line":8,"column":0},"end":{"line":8,"column":49}},"6":{"start":{"line":9,"column":0},"end":{"line":9,"column":77}},"7":{"start":{"line":10,"column":0},"end":{"line":10,"column":51}},"8":{"start":{"line":11,"column":0},"end":{"line":11,"column":50}},"9":{"start":{"line":12,"column":0},"end":{"line":12,"column":54}},"10":{"start":{"line":13,"column":0},"end":{"line":13,"column":48}},"11":{"start":{"line":14,"column":0},"end":{"line":14,"column":87}},"12":{"start":{"line":15,"column":0},"end":{"line":15,"column":67}},"13":{"start":{"line":16,"column":0},"end":{"line":16,"column":71}},"14":{"start":{"line":17,"column":0},"end":{"line":17,"column":67}},"15":{"start":{"line":18,"column":0},"end":{"line":18,"column":71}},"16":{"start":{"line":19,"column":0},"end":{"line":19,"column":71}},"17":{"start":{"line":21,"column":0},"end":{"line":21,"column":28}}},"fnMap":{},"branchMap":{},"s":{"0":1,"1":1,"2":1,"3":1,"4":1,"5":1,"6":1,"7":1,"8":1,"9":1,"10":1,"11":1,"12":1,"13":1,"14":1,"15":1,"16":1,"17":1},"f":{},"b":{},"_coverageSchema":"1a1c01bbd47fc00a2c39e90264f33305004495a9","hash":"a1fe6ee28b991112311d109a37d43f42cd4e728d"}
,"C:\\Users\\ioptyu2\\Desktop\\liskov\\lap2\\RecycleBin\\api\\routers\\weekday.js": {"path":"C:\\Users\\ioptyu2\\Desktop\\liskov\\lap2\\RecycleBin\\api\\routers\\weekday.js","statementMap":{"0":{"start":{"line":1,"column":16},"end":{"line":1,"column":34}},"1":{"start":{"line":2,"column":26},"end":{"line":2,"column":59}},"2":{"start":{"line":3,"column":22},"end":{"line":3,"column":60}},"3":{"start":{"line":4,"column":22},"end":{"line":4,"column":38}},"4":{"start":{"line":6,"column":0},"end":{"line":6,"column":65}},"5":{"start":{"line":7,"column":0},"end":{"line":7,"column":72}},"6":{"start":{"line":8,"column":0},"end":{"line":8,"column":57}},"7":{"start":{"line":9,"column":0},"end":{"line":9,"column":50}},"8":{"start":{"line":10,"column":0},"end":{"line":10,"column":56}},"9":{"start":{"line":11,"column":0},"end":{"line":11,"column":54}},"10":{"start":{"line":13,"column":0},"end":{"line":13,"column":31}}},"fnMap":{},"branchMap":{},"s":{"0":1,"1":1,"2":1,"3":1,"4":1,"5":1,"6":1,"7":1,"8":1,"9":1,"10":1},"f":{},"b":{},"_coverageSchema":"1a1c01bbd47fc00a2c39e90264f33305004495a9","hash":"5a8b90a304ba8a2f359b759ac69e0e6b075d2ebc"}
}
