{"C:\\Users\\ioptyu2\\Desktop\\liskov\\lap2\\RecycleBin\\api\\api.js": {"path":"C:\\Users\\ioptyu2\\Desktop\\liskov\\lap2\\RecycleBin\\api\\api.js","statementMap":{"0":{"start":{"line":1,"column":16},"end":{"line":1,"column":34}},"1":{"start":{"line":2,"column":13},"end":{"line":2,"column":28}},"2":{"start":{"line":4,"column":18},"end":{"line":4,"column":48}},"3":{"start":{"line":5,"column":21},"end":{"line":5,"column":58}},"4":{"start":{"line":6,"column":22},"end":{"line":6,"column":50}},"5":{"start":{"line":7,"column":19},"end":{"line":7,"column":44}},"6":{"start":{"line":8,"column":26},"end":{"line":8,"column":58}},"7":{"start":{"line":9,"column":32},"end":{"line":9,"column":70}},"8":{"start":{"line":10,"column":22},"end":{"line":10,"column":50}},"9":{"start":{"line":11,"column":18},"end":{"line":11,"column":42}},"10":{"start":{"line":12,"column":28},"end":{"line":12,"column":62}},"11":{"start":{"line":13,"column":27},"end":{"line":13,"column":59}},"12":{"start":{"line":14,"column":26},"end":{"line":14,"column":58}},"13":{"start":{"line":16,"column":12},"end":{"line":16,"column":21}},"14":{"start":{"line":18,"column":0},"end":{"line":18,"column":16}},"15":{"start":{"line":19,"column":0},"end":{"line":19,"column":24}},"16":{"start":{"line":20,"column":0},"end":{"line":20,"column":19}},"17":{"start":{"line":22,"column":0},"end":{"line":27,"column":2}},"18":{"start":{"line":23,"column":4},"end":{"line":26,"column":6}},"19":{"start":{"line":29,"column":0},"end":{"line":29,"column":35}},"20":{"start":{"line":30,"column":0},"end":{"line":30,"column":33}},"21":{"start":{"line":31,"column":0},"end":{"line":31,"column":30}},"22":{"start":{"line":32,"column":0},"end":{"line":32,"column":42}},"23":{"start":{"line":33,"column":0},"end":{"line":33,"column":55}},"24":{"start":{"line":34,"column":0},"end":{"line":34,"column":35}},"25":{"start":{"line":35,"column":0},"end":{"line":35,"column":27}},"26":{"start":{"line":36,"column":0},"end":{"line":36,"column":42}},"27":{"start":{"line":37,"column":0},"end":{"line":37,"column":37}},"28":{"start":{"line":38,"column":0},"end":{"line":38,"column":43}},"29":{"start":{"line":40,"column":0},"end":{"line":40,"column":21}}},"fnMap":{"0":{"name":"(anonymous_0)","decl":{"start":{"line":22,"column":13},"end":{"line":22,"column":14}},"loc":{"start":{"line":22,"column":27},"end":{"line":27,"column":1}},"line":22}},"branchMap":{},"s":{"0":1,"1":1,"2":1,"3":1,"4":1,"5":1,"6":1,"7":1,"8":1,"9":1,"10":1,"11":1,"12":1,"13":1,"14":1,"15":1,"16":1,"17":1,"18":0,"19":1,"20":1,"21":1,"22":1,"23":1,"24":1,"25":1,"26":1,"27":1,"28":1,"29":1},"f":{"0":0},"b":{},"_coverageSchema":"1a1c01bbd47fc00a2c39e90264f33305004495a9","hash":"0363d5fcffff3c26411f8d437031e7bb8ed05294"}
,"C:\\Users\\ioptyu2\\Desktop\\liskov\\lap2\\RecycleBin\\api\\controllers\\address.js": {"path":"C:\\Users\\ioptyu2\\Desktop\\liskov\\lap2\\RecycleBin\\api\\controllers\\address.js","statementMap":{"0":{"start":{"line":1,"column":16},"end":{"line":1,"column":44}},"1":{"start":{"line":4,"column":4},"end":{"line":9,"column":5}},"2":{"start":{"line":5,"column":26},"end":{"line":5,"column":48}},"3":{"start":{"line":6,"column":8},"end":{"line":6,"column":40}},"4":{"start":{"line":8,"column":8},"end":{"line":8,"column":53}},"5":{"start":{"line":13,"column":4},"end":{"line":19,"column":5}},"6":{"start":{"line":14,"column":21},"end":{"line":14,"column":29}},"7":{"start":{"line":15,"column":23},"end":{"line":15,"column":49}},"8":{"start":{"line":16,"column":8},"end":{"line":16,"column":37}},"9":{"start":{"line":18,"column":8},"end":{"line":18,"column":53}},"10":{"start":{"line":23,"column":4},"end":{"line":29,"column":5}},"11":{"start":{"line":24,"column":19},"end":{"line":24,"column":42}},"12":{"start":{"line":25,"column":24},"end":{"line":25,"column":52}},"13":{"start":{"line":26,"column":8},"end":{"line":26,"column":38}},"14":{"start":{"line":28,"column":8},"end":{"line":28,"column":53}},"15":{"start":{"line":33,"column":4},"end":{"line":39,"column":5}},"16":{"start":{"line":34,"column":21},"end":{"line":34,"column":29}},"17":{"start":{"line":35,"column":24},"end":{"line":35,"column":61}},"18":{"start":{"line":36,"column":8},"end":{"line":36,"column":38}},"19":{"start":{"line":38,"column":8},"end":{"line":38,"column":53}},"20":{"start":{"line":43,"column":4},"end":{"line":50,"column":5}},"21":{"start":{"line":44,"column":19},"end":{"line":44,"column":42}},"22":{"start":{"line":45,"column":24},"end":{"line":45,"column":52}},"23":{"start":{"line":46,"column":23},"end":{"line":46,"column":46}},"24":{"start":{"line":47,"column":8},"end":{"line":47,"column":30}},"25":{"start":{"line":49,"column":8},"end":{"line":49,"column":53}},"26":{"start":{"line":54,"column":4},"end":{"line":62,"column":5}},"27":{"start":{"line":55,"column":19},"end":{"line":55,"column":42}},"28":{"start":{"line":56,"column":21},"end":{"line":56,"column":29}},"29":{"start":{"line":57,"column":24},"end":{"line":57,"column":52}},"30":{"start":{"line":58,"column":23},"end":{"line":58,"column":49}},"31":{"start":{"line":59,"column":8},"end":{"line":59,"column":37}},"32":{"start":{"line":61,"column":8},"end":{"line":61,"column":53}},"33":{"start":{"line":65,"column":0},"end":{"line":65,"column":85}}},"fnMap":{"0":{"name":"showAll","decl":{"start":{"line":3,"column":15},"end":{"line":3,"column":22}},"loc":{"start":{"line":3,"column":34},"end":{"line":10,"column":1}},"line":3},"1":{"name":"create","decl":{"start":{"line":12,"column":15},"end":{"line":12,"column":21}},"loc":{"start":{"line":12,"column":33},"end":{"line":20,"column":1}},"line":12},"2":{"name":"showOneById","decl":{"start":{"line":22,"column":15},"end":{"line":22,"column":26}},"loc":{"start":{"line":22,"column":38},"end":{"line":30,"column":1}},"line":22},"3":{"name":"showOneByUserInput","decl":{"start":{"line":32,"column":15},"end":{"line":32,"column":33}},"loc":{"start":{"line":32,"column":45},"end":{"line":40,"column":1}},"line":32},"4":{"name":"destroy","decl":{"start":{"line":42,"column":15},"end":{"line":42,"column":22}},"loc":{"start":{"line":42,"column":34},"end":{"line":51,"column":1}},"line":42},"5":{"name":"update","decl":{"start":{"line":53,"column":15},"end":{"line":53,"column":21}},"loc":{"start":{"line":53,"column":33},"end":{"line":63,"column":1}},"line":53}},"branchMap":{},"s":{"0":1,"1":1,"2":1,"3":1,"4":0,"5":1,"6":1,"7":1,"8":1,"9":0,"10":1,"11":1,"12":1,"13":1,"14":0,"15":1,"16":1,"17":1,"18":1,"19":0,"20":1,"21":1,"22":1,"23":1,"24":1,"25":0,"26":1,"27":1,"28":1,"29":1,"30":1,"31":1,"32":0,"33":1},"f":{"0":1,"1":1,"2":1,"3":1,"4":1,"5":1},"b":{},"_coverageSchema":"1a1c01bbd47fc00a2c39e90264f33305004495a9","hash":"e107ca14ebc36e76d3df5dfdec0c4dd988f4d963"}
,"C:\\Users\\ioptyu2\\Desktop\\liskov\\lap2\\RecycleBin\\api\\controllers\\addressZone.js": {"path":"C:\\Users\\ioptyu2\\Desktop\\liskov\\lap2\\RecycleBin\\api\\controllers\\addressZone.js","statementMap":{"0":{"start":{"line":1,"column":20},"end":{"line":1,"column":52}},"1":{"start":{"line":4,"column":4},"end":{"line":9,"column":5}},"2":{"start":{"line":5,"column":29},"end":{"line":5,"column":55}},"3":{"start":{"line":6,"column":8},"end":{"line":6,"column":43}},"4":{"start":{"line":8,"column":8},"end":{"line":8,"column":53}},"5":{"start":{"line":13,"column":4},"end":{"line":19,"column":5}},"6":{"start":{"line":14,"column":23},"end":{"line":14,"column":33}},"7":{"start":{"line":15,"column":28},"end":{"line":15,"column":80}},"8":{"start":{"line":16,"column":8},"end":{"line":16,"column":42}},"9":{"start":{"line":18,"column":8},"end":{"line":18,"column":53}},"10":{"start":{"line":23,"column":4},"end":{"line":29,"column":5}},"11":{"start":{"line":24,"column":19},"end":{"line":24,"column":42}},"12":{"start":{"line":25,"column":28},"end":{"line":25,"column":60}},"13":{"start":{"line":26,"column":8},"end":{"line":26,"column":42}},"14":{"start":{"line":28,"column":8},"end":{"line":28,"column":53}},"15":{"start":{"line":33,"column":4},"end":{"line":39,"column":5}},"16":{"start":{"line":34,"column":21},"end":{"line":34,"column":29}},"17":{"start":{"line":35,"column":23},"end":{"line":35,"column":53}},"18":{"start":{"line":36,"column":8},"end":{"line":36,"column":37}},"19":{"start":{"line":38,"column":8},"end":{"line":38,"column":53}},"20":{"start":{"line":43,"column":4},"end":{"line":50,"column":5}},"21":{"start":{"line":44,"column":19},"end":{"line":44,"column":42}},"22":{"start":{"line":45,"column":28},"end":{"line":45,"column":60}},"23":{"start":{"line":46,"column":23},"end":{"line":46,"column":50}},"24":{"start":{"line":47,"column":8},"end":{"line":47,"column":30}},"25":{"start":{"line":49,"column":8},"end":{"line":49,"column":53}},"26":{"start":{"line":54,"column":4},"end":{"line":62,"column":5}},"27":{"start":{"line":55,"column":19},"end":{"line":55,"column":42}},"28":{"start":{"line":56,"column":21},"end":{"line":56,"column":29}},"29":{"start":{"line":57,"column":28},"end":{"line":57,"column":60}},"30":{"start":{"line":58,"column":23},"end":{"line":58,"column":53}},"31":{"start":{"line":59,"column":8},"end":{"line":59,"column":37}},"32":{"start":{"line":61,"column":8},"end":{"line":61,"column":53}},"33":{"start":{"line":65,"column":0},"end":{"line":65,"column":82}}},"fnMap":{"0":{"name":"showAll","decl":{"start":{"line":3,"column":15},"end":{"line":3,"column":22}},"loc":{"start":{"line":3,"column":34},"end":{"line":10,"column":1}},"line":3},"1":{"name":"showOneByNumber","decl":{"start":{"line":12,"column":15},"end":{"line":12,"column":30}},"loc":{"start":{"line":12,"column":41},"end":{"line":20,"column":1}},"line":12},"2":{"name":"showOneById","decl":{"start":{"line":22,"column":15},"end":{"line":22,"column":26}},"loc":{"start":{"line":22,"column":38},"end":{"line":30,"column":1}},"line":22},"3":{"name":"create","decl":{"start":{"line":32,"column":15},"end":{"line":32,"column":21}},"loc":{"start":{"line":32,"column":33},"end":{"line":40,"column":1}},"line":32},"4":{"name":"destroy","decl":{"start":{"line":42,"column":15},"end":{"line":42,"column":22}},"loc":{"start":{"line":42,"column":34},"end":{"line":51,"column":1}},"line":42},"5":{"name":"update","decl":{"start":{"line":53,"column":15},"end":{"line":53,"column":21}},"loc":{"start":{"line":53,"column":33},"end":{"line":63,"column":1}},"line":53}},"branchMap":{},"s":{"0":1,"1":0,"2":0,"3":0,"4":0,"5":0,"6":0,"7":0,"8":0,"9":0,"10":0,"11":0,"12":0,"13":0,"14":0,"15":0,"16":0,"17":0,"18":0,"19":0,"20":0,"21":0,"22":0,"23":0,"24":0,"25":0,"26":0,"27":0,"28":0,"29":0,"30":0,"31":0,"32":0,"33":1},"f":{"0":0,"1":0,"2":0,"3":0,"4":0,"5":0},"b":{},"_coverageSchema":"1a1c01bbd47fc00a2c39e90264f33305004495a9","hash":"143bc3cd3988bd26166a9d1aea63d2d1a9b718c9"}
,"C:\\Users\\ioptyu2\\Desktop\\liskov\\lap2\\RecycleBin\\api\\controllers\\appointment.js": {"path":"C:\\Users\\ioptyu2\\Desktop\\liskov\\lap2\\RecycleBin\\api\\controllers\\appointment.js","statementMap":{"0":{"start":{"line":1,"column":21},"end":{"line":1,"column":53}},"1":{"start":{"line":4,"column":4},"end":{"line":9,"column":5}},"2":{"start":{"line":5,"column":28},"end":{"line":5,"column":54}},"3":{"start":{"line":6,"column":8},"end":{"line":6,"column":42}},"4":{"start":{"line":8,"column":8},"end":{"line":8,"column":53}},"5":{"start":{"line":13,"column":4},"end":{"line":19,"column":5}},"6":{"start":{"line":14,"column":21},"end":{"line":14,"column":29}},"7":{"start":{"line":15,"column":23},"end":{"line":15,"column":53}},"8":{"start":{"line":16,"column":8},"end":{"line":16,"column":37}},"9":{"start":{"line":18,"column":8},"end":{"line":18,"column":53}},"10":{"start":{"line":23,"column":4},"end":{"line":29,"column":5}},"11":{"start":{"line":24,"column":19},"end":{"line":24,"column":42}},"12":{"start":{"line":25,"column":28},"end":{"line":25,"column":60}},"13":{"start":{"line":26,"column":8},"end":{"line":26,"column":42}},"14":{"start":{"line":28,"column":8},"end":{"line":28,"column":53}},"15":{"start":{"line":33,"column":4},"end":{"line":40,"column":5}},"16":{"start":{"line":34,"column":19},"end":{"line":34,"column":42}},"17":{"start":{"line":35,"column":28},"end":{"line":35,"column":60}},"18":{"start":{"line":36,"column":23},"end":{"line":36,"column":50}},"19":{"start":{"line":37,"column":8},"end":{"line":37,"column":30}},"20":{"start":{"line":39,"column":8},"end":{"line":39,"column":53}},"21":{"start":{"line":44,"column":4},"end":{"line":52,"column":5}},"22":{"start":{"line":45,"column":19},"end":{"line":45,"column":42}},"23":{"start":{"line":46,"column":21},"end":{"line":46,"column":29}},"24":{"start":{"line":47,"column":28},"end":{"line":47,"column":60}},"25":{"start":{"line":48,"column":23},"end":{"line":48,"column":53}},"26":{"start":{"line":49,"column":8},"end":{"line":49,"column":37}},"27":{"start":{"line":51,"column":8},"end":{"line":51,"column":53}},"28":{"start":{"line":55,"column":0},"end":{"line":55,"column":61}}},"fnMap":{"0":{"name":"showAll","decl":{"start":{"line":3,"column":15},"end":{"line":3,"column":22}},"loc":{"start":{"line":3,"column":34},"end":{"line":10,"column":1}},"line":3},"1":{"name":"create","decl":{"start":{"line":12,"column":15},"end":{"line":12,"column":21}},"loc":{"start":{"line":12,"column":33},"end":{"line":20,"column":1}},"line":12},"2":{"name":"showOne","decl":{"start":{"line":22,"column":15},"end":{"line":22,"column":22}},"loc":{"start":{"line":22,"column":34},"end":{"line":30,"column":1}},"line":22},"3":{"name":"destroy","decl":{"start":{"line":32,"column":15},"end":{"line":32,"column":22}},"loc":{"start":{"line":32,"column":34},"end":{"line":41,"column":1}},"line":32},"4":{"name":"update","decl":{"start":{"line":43,"column":15},"end":{"line":43,"column":21}},"loc":{"start":{"line":43,"column":33},"end":{"line":53,"column":1}},"line":43}},"branchMap":{},"s":{"0":1,"1":1,"2":1,"3":1,"4":0,"5":1,"6":1,"7":1,"8":1,"9":0,"10":1,"11":1,"12":1,"13":1,"14":0,"15":1,"16":1,"17":1,"18":1,"19":1,"20":0,"21":1,"22":1,"23":1,"24":1,"25":1,"26":1,"27":0,"28":1},"f":{"0":1,"1":1,"2":1,"3":1,"4":1},"b":{},"_coverageSchema":"1a1c01bbd47fc00a2c39e90264f33305004495a9","hash":"b4d688be94dc4ab12a5404a68538eef5ace2a83d"}
,"C:\\Users\\ioptyu2\\Desktop\\liskov\\lap2\\RecycleBin\\api\\controllers\\bin.js": {"path":"C:\\Users\\ioptyu2\\Desktop\\liskov\\lap2\\RecycleBin\\api\\controllers\\bin.js","statementMap":{"0":{"start":{"line":1,"column":12},"end":{"line":1,"column":36}},"1":{"start":{"line":4,"column":4},"end":{"line":9,"column":5}},"2":{"start":{"line":5,"column":21},"end":{"line":5,"column":39}},"3":{"start":{"line":6,"column":8},"end":{"line":6,"column":35}},"4":{"start":{"line":8,"column":8},"end":{"line":8,"column":53}},"5":{"start":{"line":13,"column":4},"end":{"line":20,"column":5}},"6":{"start":{"line":14,"column":21},"end":{"line":14,"column":31}},"7":{"start":{"line":15,"column":20},"end":{"line":15,"column":52}},"8":{"start":{"line":16,"column":8},"end":{"line":16,"column":24}},"9":{"start":{"line":17,"column":8},"end":{"line":17,"column":34}},"10":{"start":{"line":19,"column":8},"end":{"line":19,"column":53}},"11":{"start":{"line":24,"column":4},"end":{"line":30,"column":5}},"12":{"start":{"line":25,"column":19},"end":{"line":25,"column":42}},"13":{"start":{"line":26,"column":20},"end":{"line":26,"column":44}},"14":{"start":{"line":27,"column":8},"end":{"line":27,"column":34}},"15":{"start":{"line":29,"column":8},"end":{"line":29,"column":53}},"16":{"start":{"line":34,"column":4},"end":{"line":40,"column":5}},"17":{"start":{"line":35,"column":21},"end":{"line":35,"column":29}},"18":{"start":{"line":36,"column":23},"end":{"line":36,"column":45}},"19":{"start":{"line":37,"column":8},"end":{"line":37,"column":37}},"20":{"start":{"line":39,"column":8},"end":{"line":39,"column":53}},"21":{"start":{"line":44,"column":4},"end":{"line":51,"column":5}},"22":{"start":{"line":45,"column":19},"end":{"line":45,"column":42}},"23":{"start":{"line":46,"column":20},"end":{"line":46,"column":44}},"24":{"start":{"line":47,"column":23},"end":{"line":47,"column":42}},"25":{"start":{"line":48,"column":8},"end":{"line":48,"column":30}},"26":{"start":{"line":50,"column":8},"end":{"line":50,"column":53}},"27":{"start":{"line":55,"column":4},"end":{"line":63,"column":5}},"28":{"start":{"line":56,"column":19},"end":{"line":56,"column":42}},"29":{"start":{"line":57,"column":21},"end":{"line":57,"column":29}},"30":{"start":{"line":58,"column":20},"end":{"line":58,"column":44}},"31":{"start":{"line":59,"column":23},"end":{"line":59,"column":45}},"32":{"start":{"line":60,"column":8},"end":{"line":60,"column":37}},"33":{"start":{"line":62,"column":8},"end":{"line":62,"column":53}},"34":{"start":{"line":66,"column":0},"end":{"line":66,"column":80}}},"fnMap":{"0":{"name":"showAll","decl":{"start":{"line":3,"column":15},"end":{"line":3,"column":22}},"loc":{"start":{"line":3,"column":34},"end":{"line":10,"column":1}},"line":3},"1":{"name":"showOneByName","decl":{"start":{"line":12,"column":15},"end":{"line":12,"column":28}},"loc":{"start":{"line":12,"column":40},"end":{"line":21,"column":1}},"line":12},"2":{"name":"showOneById","decl":{"start":{"line":23,"column":15},"end":{"line":23,"column":26}},"loc":{"start":{"line":23,"column":38},"end":{"line":31,"column":1}},"line":23},"3":{"name":"create","decl":{"start":{"line":33,"column":15},"end":{"line":33,"column":21}},"loc":{"start":{"line":33,"column":33},"end":{"line":41,"column":1}},"line":33},"4":{"name":"destroy","decl":{"start":{"line":43,"column":15},"end":{"line":43,"column":22}},"loc":{"start":{"line":43,"column":34},"end":{"line":52,"column":1}},"line":43},"5":{"name":"update","decl":{"start":{"line":54,"column":15},"end":{"line":54,"column":21}},"loc":{"start":{"line":54,"column":33},"end":{"line":64,"column":1}},"line":54}},"branchMap":{},"s":{"0":1,"1":1,"2":1,"3":1,"4":0,"5":0,"6":0,"7":0,"8":0,"9":0,"10":0,"11":1,"12":1,"13":1,"14":1,"15":0,"16":1,"17":1,"18":1,"19":1,"20":0,"21":1,"22":1,"23":1,"24":1,"25":1,"26":0,"27":1,"28":1,"29":1,"30":1,"31":1,"32":1,"33":0,"34":1},"f":{"0":1,"1":0,"2":1,"3":1,"4":1,"5":1},"b":{},"_coverageSchema":"1a1c01bbd47fc00a2c39e90264f33305004495a9","hash":"b99f95b08510946fd233f32cbcd37b3242eb0c36"}
,"C:\\Users\\ioptyu2\\Desktop\\liskov\\lap2\\RecycleBin\\api\\controllers\\collectBulkyWaste.js": {"path":"C:\\Users\\ioptyu2\\Desktop\\liskov\\lap2\\RecycleBin\\api\\controllers\\collectBulkyWaste.js","statementMap":{"0":{"start":{"line":1,"column":27},"end":{"line":1,"column":65}},"1":{"start":{"line":4,"column":4},"end":{"line":9,"column":5}},"2":{"start":{"line":5,"column":34},"end":{"line":5,"column":66}},"3":{"start":{"line":6,"column":8},"end":{"line":6,"column":48}},"4":{"start":{"line":8,"column":8},"end":{"line":8,"column":53}},"5":{"start":{"line":13,"column":4},"end":{"line":19,"column":5}},"6":{"start":{"line":14,"column":21},"end":{"line":14,"column":29}},"7":{"start":{"line":15,"column":23},"end":{"line":15,"column":59}},"8":{"start":{"line":16,"column":8},"end":{"line":16,"column":37}},"9":{"start":{"line":18,"column":8},"end":{"line":18,"column":53}},"10":{"start":{"line":23,"column":4},"end":{"line":29,"column":5}},"11":{"start":{"line":24,"column":19},"end":{"line":24,"column":42}},"12":{"start":{"line":25,"column":34},"end":{"line":25,"column":72}},"13":{"start":{"line":26,"column":8},"end":{"line":26,"column":48}},"14":{"start":{"line":28,"column":8},"end":{"line":28,"column":53}},"15":{"start":{"line":33,"column":4},"end":{"line":40,"column":5}},"16":{"start":{"line":34,"column":19},"end":{"line":34,"column":42}},"17":{"start":{"line":35,"column":34},"end":{"line":35,"column":72}},"18":{"start":{"line":36,"column":23},"end":{"line":36,"column":56}},"19":{"start":{"line":37,"column":8},"end":{"line":37,"column":30}},"20":{"start":{"line":39,"column":8},"end":{"line":39,"column":53}},"21":{"start":{"line":44,"column":4},"end":{"line":52,"column":5}},"22":{"start":{"line":45,"column":19},"end":{"line":45,"column":42}},"23":{"start":{"line":46,"column":21},"end":{"line":46,"column":29}},"24":{"start":{"line":47,"column":34},"end":{"line":47,"column":72}},"25":{"start":{"line":48,"column":23},"end":{"line":48,"column":59}},"26":{"start":{"line":49,"column":8},"end":{"line":49,"column":37}},"27":{"start":{"line":51,"column":8},"end":{"line":51,"column":53}},"28":{"start":{"line":55,"column":0},"end":{"line":55,"column":61}}},"fnMap":{"0":{"name":"showAll","decl":{"start":{"line":3,"column":15},"end":{"line":3,"column":22}},"loc":{"start":{"line":3,"column":34},"end":{"line":10,"column":1}},"line":3},"1":{"name":"create","decl":{"start":{"line":12,"column":15},"end":{"line":12,"column":21}},"loc":{"start":{"line":12,"column":33},"end":{"line":20,"column":1}},"line":12},"2":{"name":"showOne","decl":{"start":{"line":22,"column":15},"end":{"line":22,"column":22}},"loc":{"start":{"line":22,"column":34},"end":{"line":30,"column":1}},"line":22},"3":{"name":"destroy","decl":{"start":{"line":32,"column":15},"end":{"line":32,"column":22}},"loc":{"start":{"line":32,"column":34},"end":{"line":41,"column":1}},"line":32},"4":{"name":"update","decl":{"start":{"line":43,"column":15},"end":{"line":43,"column":21}},"loc":{"start":{"line":43,"column":33},"end":{"line":53,"column":1}},"line":43}},"branchMap":{},"s":{"0":1,"1":1,"2":1,"3":1,"4":0,"5":1,"6":1,"7":1,"8":1,"9":0,"10":1,"11":1,"12":1,"13":1,"14":0,"15":1,"16":1,"17":1,"18":1,"19":1,"20":0,"21":1,"22":1,"23":1,"24":1,"25":1,"26":1,"27":0,"28":1},"f":{"0":1,"1":1,"2":1,"3":1,"4":1},"b":{},"_coverageSchema":"1a1c01bbd47fc00a2c39e90264f33305004495a9","hash":"e8aa0d7c084248527064f5912a976ebfbdee6193"}
,"C:\\Users\\ioptyu2\\Desktop\\liskov\\lap2\\RecycleBin\\api\\controllers\\collectDays.js": {"path":"C:\\Users\\ioptyu2\\Desktop\\liskov\\lap2\\RecycleBin\\api\\controllers\\collectDays.js","statementMap":{"0":{"start":{"line":1,"column":21},"end":{"line":1,"column":53}},"1":{"start":{"line":4,"column":4},"end":{"line":9,"column":5}},"2":{"start":{"line":5,"column":28},"end":{"line":5,"column":54}},"3":{"start":{"line":6,"column":8},"end":{"line":6,"column":42}},"4":{"start":{"line":8,"column":8},"end":{"line":8,"column":53}},"5":{"start":{"line":13,"column":4},"end":{"line":19,"column":5}},"6":{"start":{"line":14,"column":21},"end":{"line":14,"column":29}},"7":{"start":{"line":15,"column":23},"end":{"line":15,"column":53}},"8":{"start":{"line":16,"column":8},"end":{"line":16,"column":37}},"9":{"start":{"line":18,"column":8},"end":{"line":18,"column":53}},"10":{"start":{"line":23,"column":4},"end":{"line":29,"column":5}},"11":{"start":{"line":24,"column":19},"end":{"line":24,"column":42}},"12":{"start":{"line":25,"column":28},"end":{"line":25,"column":60}},"13":{"start":{"line":26,"column":8},"end":{"line":26,"column":42}},"14":{"start":{"line":28,"column":8},"end":{"line":28,"column":53}},"15":{"start":{"line":33,"column":4},"end":{"line":40,"column":5}},"16":{"start":{"line":34,"column":19},"end":{"line":34,"column":42}},"17":{"start":{"line":35,"column":28},"end":{"line":35,"column":61}},"18":{"start":{"line":36,"column":8},"end":{"line":36,"column":58}},"19":{"start":{"line":37,"column":8},"end":{"line":37,"column":42}},"20":{"start":{"line":39,"column":8},"end":{"line":39,"column":53}},"21":{"start":{"line":44,"column":4},"end":{"line":51,"column":5}},"22":{"start":{"line":45,"column":19},"end":{"line":45,"column":42}},"23":{"start":{"line":46,"column":28},"end":{"line":46,"column":60}},"24":{"start":{"line":47,"column":23},"end":{"line":47,"column":50}},"25":{"start":{"line":48,"column":8},"end":{"line":48,"column":30}},"26":{"start":{"line":50,"column":8},"end":{"line":50,"column":53}},"27":{"start":{"line":55,"column":4},"end":{"line":63,"column":5}},"28":{"start":{"line":56,"column":19},"end":{"line":56,"column":42}},"29":{"start":{"line":57,"column":21},"end":{"line":57,"column":29}},"30":{"start":{"line":58,"column":28},"end":{"line":58,"column":60}},"31":{"start":{"line":59,"column":23},"end":{"line":59,"column":53}},"32":{"start":{"line":60,"column":8},"end":{"line":60,"column":37}},"33":{"start":{"line":62,"column":8},"end":{"line":62,"column":53}},"34":{"start":{"line":66,"column":0},"end":{"line":66,"column":76}}},"fnMap":{"0":{"name":"showAll","decl":{"start":{"line":3,"column":15},"end":{"line":3,"column":22}},"loc":{"start":{"line":3,"column":34},"end":{"line":10,"column":1}},"line":3},"1":{"name":"create","decl":{"start":{"line":12,"column":15},"end":{"line":12,"column":21}},"loc":{"start":{"line":12,"column":33},"end":{"line":20,"column":1}},"line":12},"2":{"name":"showOne","decl":{"start":{"line":22,"column":15},"end":{"line":22,"column":22}},"loc":{"start":{"line":22,"column":34},"end":{"line":30,"column":1}},"line":22},"3":{"name":"showByZoneId","decl":{"start":{"line":32,"column":15},"end":{"line":32,"column":27}},"loc":{"start":{"line":32,"column":39},"end":{"line":41,"column":1}},"line":32},"4":{"name":"destroy","decl":{"start":{"line":43,"column":15},"end":{"line":43,"column":22}},"loc":{"start":{"line":43,"column":34},"end":{"line":52,"column":1}},"line":43},"5":{"name":"update","decl":{"start":{"line":54,"column":15},"end":{"line":54,"column":21}},"loc":{"start":{"line":54,"column":33},"end":{"line":64,"column":1}},"line":54}},"branchMap":{},"s":{"0":1,"1":1,"2":1,"3":1,"4":0,"5":1,"6":1,"7":1,"8":1,"9":0,"10":1,"11":1,"12":1,"13":1,"14":0,"15":0,"16":0,"17":0,"18":0,"19":0,"20":0,"21":1,"22":1,"23":1,"24":1,"25":1,"26":0,"27":1,"28":1,"29":1,"30":1,"31":1,"32":1,"33":0,"34":1},"f":{"0":1,"1":1,"2":1,"3":0,"4":1,"5":1},"b":{},"_coverageSchema":"1a1c01bbd47fc00a2c39e90264f33305004495a9","hash":"ff7db7096096dd5e6ce5a5b4a413a4f6234408b1"}
,"C:\\Users\\ioptyu2\\Desktop\\liskov\\lap2\\RecycleBin\\api\\controllers\\materialsType.js": {"path":"C:\\Users\\ioptyu2\\Desktop\\liskov\\lap2\\RecycleBin\\api\\controllers\\materialsType.js","statementMap":{"0":{"start":{"line":1,"column":22},"end":{"line":1,"column":56}},"1":{"start":{"line":4,"column":4},"end":{"line":9,"column":5}},"2":{"start":{"line":5,"column":31},"end":{"line":5,"column":59}},"3":{"start":{"line":6,"column":8},"end":{"line":6,"column":45}},"4":{"start":{"line":8,"column":8},"end":{"line":8,"column":53}},"5":{"start":{"line":13,"column":4},"end":{"line":19,"column":5}},"6":{"start":{"line":14,"column":21},"end":{"line":14,"column":31}},"7":{"start":{"line":15,"column":30},"end":{"line":15,"column":82}},"8":{"start":{"line":16,"column":8},"end":{"line":16,"column":44}},"9":{"start":{"line":18,"column":8},"end":{"line":18,"column":53}},"10":{"start":{"line":23,"column":4},"end":{"line":29,"column":5}},"11":{"start":{"line":24,"column":19},"end":{"line":24,"column":42}},"12":{"start":{"line":25,"column":30},"end":{"line":25,"column":64}},"13":{"start":{"line":26,"column":8},"end":{"line":26,"column":44}},"14":{"start":{"line":28,"column":8},"end":{"line":28,"column":53}},"15":{"start":{"line":33,"column":4},"end":{"line":39,"column":5}},"16":{"start":{"line":34,"column":21},"end":{"line":34,"column":29}},"17":{"start":{"line":35,"column":23},"end":{"line":35,"column":55}},"18":{"start":{"line":36,"column":8},"end":{"line":36,"column":37}},"19":{"start":{"line":38,"column":8},"end":{"line":38,"column":53}},"20":{"start":{"line":43,"column":4},"end":{"line":50,"column":5}},"21":{"start":{"line":44,"column":19},"end":{"line":44,"column":42}},"22":{"start":{"line":45,"column":30},"end":{"line":45,"column":64}},"23":{"start":{"line":46,"column":23},"end":{"line":46,"column":52}},"24":{"start":{"line":47,"column":8},"end":{"line":47,"column":30}},"25":{"start":{"line":49,"column":8},"end":{"line":49,"column":53}},"26":{"start":{"line":54,"column":4},"end":{"line":62,"column":5}},"27":{"start":{"line":55,"column":19},"end":{"line":55,"column":42}},"28":{"start":{"line":56,"column":21},"end":{"line":56,"column":29}},"29":{"start":{"line":57,"column":30},"end":{"line":57,"column":64}},"30":{"start":{"line":58,"column":23},"end":{"line":58,"column":55}},"31":{"start":{"line":59,"column":8},"end":{"line":59,"column":37}},"32":{"start":{"line":61,"column":8},"end":{"line":61,"column":53}},"33":{"start":{"line":65,"column":0},"end":{"line":65,"column":80}}},"fnMap":{"0":{"name":"showAll","decl":{"start":{"line":3,"column":15},"end":{"line":3,"column":22}},"loc":{"start":{"line":3,"column":34},"end":{"line":10,"column":1}},"line":3},"1":{"name":"showOneByName","decl":{"start":{"line":12,"column":15},"end":{"line":12,"column":28}},"loc":{"start":{"line":12,"column":40},"end":{"line":20,"column":1}},"line":12},"2":{"name":"showOneById","decl":{"start":{"line":22,"column":15},"end":{"line":22,"column":26}},"loc":{"start":{"line":22,"column":38},"end":{"line":30,"column":1}},"line":22},"3":{"name":"create","decl":{"start":{"line":32,"column":15},"end":{"line":32,"column":21}},"loc":{"start":{"line":32,"column":33},"end":{"line":40,"column":1}},"line":32},"4":{"name":"destroy","decl":{"start":{"line":42,"column":15},"end":{"line":42,"column":22}},"loc":{"start":{"line":42,"column":34},"end":{"line":51,"column":1}},"line":42},"5":{"name":"update","decl":{"start":{"line":53,"column":15},"end":{"line":53,"column":21}},"loc":{"start":{"line":53,"column":33},"end":{"line":63,"column":1}},"line":53}},"branchMap":{},"s":{"0":1,"1":0,"2":0,"3":0,"4":0,"5":0,"6":0,"7":0,"8":0,"9":0,"10":0,"11":0,"12":0,"13":0,"14":0,"15":0,"16":0,"17":0,"18":0,"19":0,"20":0,"21":0,"22":0,"23":0,"24":0,"25":0,"26":0,"27":0,"28":0,"29":0,"30":0,"31":0,"32":0,"33":1},"f":{"0":0,"1":0,"2":0,"3":0,"4":0,"5":0},"b":{},"_coverageSchema":"1a1c01bbd47fc00a2c39e90264f33305004495a9","hash":"2de8d45bbd715317209886987300fc9f11963a52"}
,"C:\\Users\\ioptyu2\\Desktop\\liskov\\lap2\\RecycleBin\\api\\controllers\\recyclableObject.js": {"path":"C:\\Users\\ioptyu2\\Desktop\\liskov\\lap2\\RecycleBin\\api\\controllers\\recyclableObject.js","statementMap":{"0":{"start":{"line":1,"column":15},"end":{"line":1,"column":52}},"1":{"start":{"line":4,"column":4},"end":{"line":9,"column":5}},"2":{"start":{"line":5,"column":24},"end":{"line":5,"column":45}},"3":{"start":{"line":6,"column":8},"end":{"line":6,"column":38}},"4":{"start":{"line":8,"column":8},"end":{"line":8,"column":53}},"5":{"start":{"line":13,"column":4},"end":{"line":19,"column":5}},"6":{"start":{"line":14,"column":21},"end":{"line":14,"column":29}},"7":{"start":{"line":15,"column":23},"end":{"line":15,"column":48}},"8":{"start":{"line":16,"column":8},"end":{"line":16,"column":37}},"9":{"start":{"line":18,"column":8},"end":{"line":18,"column":53}},"10":{"start":{"line":23,"column":4},"end":{"line":29,"column":5}},"11":{"start":{"line":24,"column":19},"end":{"line":24,"column":42}},"12":{"start":{"line":25,"column":23},"end":{"line":25,"column":50}},"13":{"start":{"line":26,"column":8},"end":{"line":26,"column":37}},"14":{"start":{"line":28,"column":8},"end":{"line":28,"column":53}},"15":{"start":{"line":33,"column":4},"end":{"line":39,"column":5}},"16":{"start":{"line":34,"column":22},"end":{"line":34,"column":38}},"17":{"start":{"line":35,"column":19},"end":{"line":35,"column":50}},"18":{"start":{"line":36,"column":8},"end":{"line":36,"column":35}},"19":{"start":{"line":38,"column":8},"end":{"line":38,"column":53}},"20":{"start":{"line":43,"column":4},"end":{"line":50,"column":5}},"21":{"start":{"line":44,"column":19},"end":{"line":44,"column":42}},"22":{"start":{"line":45,"column":23},"end":{"line":45,"column":50}},"23":{"start":{"line":46,"column":23},"end":{"line":46,"column":45}},"24":{"start":{"line":47,"column":8},"end":{"line":47,"column":30}},"25":{"start":{"line":49,"column":8},"end":{"line":49,"column":53}},"26":{"start":{"line":54,"column":4},"end":{"line":62,"column":5}},"27":{"start":{"line":55,"column":19},"end":{"line":55,"column":42}},"28":{"start":{"line":56,"column":21},"end":{"line":56,"column":29}},"29":{"start":{"line":57,"column":33},"end":{"line":57,"column":60}},"30":{"start":{"line":58,"column":23},"end":{"line":58,"column":58}},"31":{"start":{"line":59,"column":8},"end":{"line":59,"column":37}},"32":{"start":{"line":61,"column":8},"end":{"line":61,"column":53}},"33":{"start":{"line":65,"column":0},"end":{"line":65,"column":72}}},"fnMap":{"0":{"name":"showAll","decl":{"start":{"line":3,"column":15},"end":{"line":3,"column":22}},"loc":{"start":{"line":3,"column":34},"end":{"line":10,"column":1}},"line":3},"1":{"name":"create","decl":{"start":{"line":12,"column":15},"end":{"line":12,"column":21}},"loc":{"start":{"line":12,"column":33},"end":{"line":20,"column":1}},"line":12},"2":{"name":"showOne","decl":{"start":{"line":22,"column":15},"end":{"line":22,"column":22}},"loc":{"start":{"line":22,"column":34},"end":{"line":30,"column":1}},"line":22},"3":{"name":"findInput","decl":{"start":{"line":32,"column":15},"end":{"line":32,"column":24}},"loc":{"start":{"line":32,"column":36},"end":{"line":40,"column":1}},"line":32},"4":{"name":"destroy","decl":{"start":{"line":42,"column":15},"end":{"line":42,"column":22}},"loc":{"start":{"line":42,"column":34},"end":{"line":51,"column":1}},"line":42},"5":{"name":"update","decl":{"start":{"line":53,"column":15},"end":{"line":53,"column":21}},"loc":{"start":{"line":53,"column":33},"end":{"line":63,"column":1}},"line":53}},"branchMap":{},"s":{"0":1,"1":1,"2":1,"3":1,"4":0,"5":1,"6":1,"7":1,"8":1,"9":0,"10":1,"11":1,"12":1,"13":1,"14":0,"15":1,"16":1,"17":1,"18":1,"19":0,"20":1,"21":1,"22":1,"23":1,"24":1,"25":0,"26":1,"27":1,"28":1,"29":1,"30":1,"31":1,"32":0,"33":1},"f":{"0":1,"1":1,"2":1,"3":1,"4":1,"5":1},"b":{},"_coverageSchema":"1a1c01bbd47fc00a2c39e90264f33305004495a9","hash":"bf31b1f3f46cf8a7e19ecc52cc735f8bf02a1a2e"}
,"C:\\Users\\ioptyu2\\Desktop\\liskov\\lap2\\RecycleBin\\api\\controllers\\user.js": {"path":"C:\\Users\\ioptyu2\\Desktop\\liskov\\lap2\\RecycleBin\\api\\controllers\\user.js","statementMap":{"0":{"start":{"line":1,"column":15},"end":{"line":1,"column":32}},"1":{"start":{"line":2,"column":13},"end":{"line":2,"column":38}},"2":{"start":{"line":3,"column":14},"end":{"line":3,"column":40}},"3":{"start":{"line":4,"column":17},"end":{"line":4,"column":45}},"4":{"start":{"line":7,"column":4},"end":{"line":20,"column":5}},"5":{"start":{"line":8,"column":21},"end":{"line":8,"column":29}},"6":{"start":{"line":9,"column":29},"end":{"line":9,"column":66}},"7":{"start":{"line":10,"column":8},"end":{"line":17,"column":9}},"8":{"start":{"line":11,"column":21},"end":{"line":11,"column":83}},"9":{"start":{"line":12,"column":8},"end":{"line":12,"column":63}},"10":{"start":{"line":13,"column":23},"end":{"line":13,"column":63}},"11":{"start":{"line":14,"column":8},"end":{"line":14,"column":37}},"12":{"start":{"line":16,"column":12},"end":{"line":16,"column":41}},"13":{"start":{"line":19,"column":8},"end":{"line":19,"column":54}},"14":{"start":{"line":24,"column":4},"end":{"line":37,"column":5}},"15":{"start":{"line":25,"column":21},"end":{"line":25,"column":29}},"16":{"start":{"line":26,"column":21},"end":{"line":26,"column":63}},"17":{"start":{"line":27,"column":30},"end":{"line":27,"column":80}},"18":{"start":{"line":28,"column":8},"end":{"line":34,"column":9}},"19":{"start":{"line":29,"column":12},"end":{"line":29,"column":54}},"20":{"start":{"line":31,"column":12},"end":{"line":31,"column":39}},"21":{"start":{"line":32,"column":26},"end":{"line":32,"column":53}},"22":{"start":{"line":33,"column":12},"end":{"line":33,"column":78}},"23":{"start":{"line":36,"column":8},"end":{"line":36,"column":54}},"24":{"start":{"line":41,"column":4},"end":{"line":53,"column":5}},"25":{"start":{"line":42,"column":26},"end":{"line":42,"column":51}},"26":{"start":{"line":43,"column":22},"end":{"line":43,"column":31}},"27":{"start":{"line":44,"column":8},"end":{"line":50,"column":9}},"28":{"start":{"line":45,"column":12},"end":{"line":45,"column":56}},"29":{"start":{"line":47,"column":29},"end":{"line":47,"column":61}},"30":{"start":{"line":48,"column":12},"end":{"line":48,"column":43}},"31":{"start":{"line":49,"column":12},"end":{"line":49,"column":63}},"32":{"start":{"line":52,"column":8},"end":{"line":52,"column":53}},"33":{"start":{"line":57,"column":4},"end":{"line":63,"column":5}},"34":{"start":{"line":58,"column":21},"end":{"line":58,"column":31}},"35":{"start":{"line":59,"column":21},"end":{"line":59,"column":63}},"36":{"start":{"line":60,"column":8},"end":{"line":60,"column":35}},"37":{"start":{"line":62,"column":8},"end":{"line":62,"column":55}},"38":{"start":{"line":67,"column":4},"end":{"line":73,"column":5}},"39":{"start":{"line":68,"column":19},"end":{"line":68,"column":42}},"40":{"start":{"line":69,"column":21},"end":{"line":69,"column":46}},"41":{"start":{"line":70,"column":8},"end":{"line":70,"column":35}},"42":{"start":{"line":72,"column":8},"end":{"line":72,"column":55}},"43":{"start":{"line":77,"column":4},"end":{"line":85,"column":5}},"44":{"start":{"line":78,"column":21},"end":{"line":78,"column":31}},"45":{"start":{"line":79,"column":21},"end":{"line":79,"column":29}},"46":{"start":{"line":80,"column":21},"end":{"line":80,"column":63}},"47":{"start":{"line":81,"column":23},"end":{"line":81,"column":61}},"48":{"start":{"line":82,"column":8},"end":{"line":82,"column":37}},"49":{"start":{"line":84,"column":8},"end":{"line":84,"column":55}},"50":{"start":{"line":89,"column":4},"end":{"line":97,"column":5}},"51":{"start":{"line":90,"column":21},"end":{"line":90,"column":31}},"52":{"start":{"line":91,"column":21},"end":{"line":91,"column":29}},"53":{"start":{"line":92,"column":21},"end":{"line":92,"column":63}},"54":{"start":{"line":93,"column":23},"end":{"line":93,"column":69}},"55":{"start":{"line":94,"column":8},"end":{"line":94,"column":37}},"56":{"start":{"line":96,"column":8},"end":{"line":96,"column":55}},"57":{"start":{"line":101,"column":4},"end":{"line":109,"column":5}},"58":{"start":{"line":102,"column":21},"end":{"line":102,"column":31}},"59":{"start":{"line":103,"column":21},"end":{"line":103,"column":29}},"60":{"start":{"line":104,"column":21},"end":{"line":104,"column":63}},"61":{"start":{"line":105,"column":23},"end":{"line":105,"column":76}},"62":{"start":{"line":106,"column":8},"end":{"line":106,"column":37}},"63":{"start":{"line":108,"column":8},"end":{"line":108,"column":55}},"64":{"start":{"line":113,"column":4},"end":{"line":118,"column":5}},"65":{"start":{"line":114,"column":22},"end":{"line":114,"column":41}},"66":{"start":{"line":115,"column":8},"end":{"line":115,"column":36}},"67":{"start":{"line":117,"column":8},"end":{"line":117,"column":53}},"68":{"start":{"line":122,"column":4},"end":{"line":131,"column":5}},"69":{"start":{"line":123,"column":19},"end":{"line":123,"column":42}},"70":{"start":{"line":124,"column":21},"end":{"line":124,"column":46}},"71":{"start":{"line":125,"column":22},"end":{"line":125,"column":52}},"72":{"start":{"line":126,"column":12},"end":{"line":126,"column":40}},"73":{"start":{"line":127,"column":27},"end":{"line":127,"column":47}},"74":{"start":{"line":128,"column":12},"end":{"line":128,"column":41}},"75":{"start":{"line":130,"column":8},"end":{"line":130,"column":53}},"76":{"start":{"line":135,"column":0},"end":{"line":135,"column":139}}},"fnMap":{"0":{"name":"register","decl":{"start":{"line":6,"column":15},"end":{"line":6,"column":23}},"loc":{"start":{"line":6,"column":34},"end":{"line":21,"column":1}},"line":6},"1":{"name":"login","decl":{"start":{"line":23,"column":15},"end":{"line":23,"column":20}},"loc":{"start":{"line":23,"column":31},"end":{"line":38,"column":1}},"line":23},"2":{"name":"logout","decl":{"start":{"line":40,"column":15},"end":{"line":40,"column":21}},"loc":{"start":{"line":40,"column":32},"end":{"line":54,"column":1}},"line":40},"3":{"name":"getUserByUsername","decl":{"start":{"line":56,"column":15},"end":{"line":56,"column":32}},"loc":{"start":{"line":56,"column":43},"end":{"line":64,"column":1}},"line":56},"4":{"name":"getUserById","decl":{"start":{"line":66,"column":15},"end":{"line":66,"column":26}},"loc":{"start":{"line":66,"column":37},"end":{"line":74,"column":1}},"line":66},"5":{"name":"updateIsAdmin","decl":{"start":{"line":76,"column":15},"end":{"line":76,"column":28}},"loc":{"start":{"line":76,"column":39},"end":{"line":86,"column":1}},"line":76},"6":{"name":"updatePoints","decl":{"start":{"line":88,"column":15},"end":{"line":88,"column":27}},"loc":{"start":{"line":88,"column":38},"end":{"line":98,"column":1}},"line":88},"7":{"name":"updateAddressId","decl":{"start":{"line":100,"column":15},"end":{"line":100,"column":30}},"loc":{"start":{"line":100,"column":41},"end":{"line":110,"column":1}},"line":100},"8":{"name":"showAll","decl":{"start":{"line":112,"column":15},"end":{"line":112,"column":22}},"loc":{"start":{"line":112,"column":34},"end":{"line":119,"column":1}},"line":112},"9":{"name":"destroy","decl":{"start":{"line":121,"column":15},"end":{"line":121,"column":22}},"loc":{"start":{"line":121,"column":34},"end":{"line":132,"column":1}},"line":121}},"branchMap":{"0":{"loc":{"start":{"line":10,"column":8},"end":{"line":17,"column":9}},"type":"if","locations":[{"start":{"line":10,"column":8},"end":{"line":17,"column":9}},{"start":{"line":15,"column":14},"end":{"line":17,"column":9}}],"line":10},"1":{"loc":{"start":{"line":28,"column":8},"end":{"line":34,"column":9}},"type":"if","locations":[{"start":{"line":28,"column":8},"end":{"line":34,"column":9}},{"start":{"line":30,"column":15},"end":{"line":34,"column":9}}],"line":28},"2":{"loc":{"start":{"line":44,"column":8},"end":{"line":50,"column":9}},"type":"if","locations":[{"start":{"line":44,"column":8},"end":{"line":50,"column":9}},{"start":{"line":46,"column":15},"end":{"line":50,"column":9}}],"line":44}},"s":{"0":1,"1":1,"2":1,"3":1,"4":1,"5":1,"6":1,"7":1,"8":1,"9":1,"10":1,"11":1,"12":0,"13":0,"14":1,"15":1,"16":1,"17":1,"18":1,"19":0,"20":1,"21":1,"22":1,"23":0,"24":0,"25":0,"26":0,"27":0,"28":0,"29":0,"30":0,"31":0,"32":0,"33":1,"34":1,"35":1,"36":1,"37":0,"38":2,"39":2,"40":2,"41":2,"42":0,"43":1,"44":1,"45":1,"46":1,"47":1,"48":1,"49":0,"50":1,"51":1,"52":1,"53":1,"54":1,"55":1,"56":0,"57":1,"58":1,"59":1,"60":1,"61":1,"62":1,"63":0,"64":1,"65":1,"66":1,"67":0,"68":1,"69":1,"70":1,"71":1,"72":1,"73":1,"74":1,"75":0,"76":1},"f":{"0":1,"1":1,"2":0,"3":1,"4":2,"5":1,"6":1,"7":1,"8":1,"9":1},"b":{"0":[1,0],"1":[0,1],"2":[0,0]},"_coverageSchema":"1a1c01bbd47fc00a2c39e90264f33305004495a9","hash":"74bd56739531dce06bcb2403b14f01f4df8e58a3"}
,"C:\\Users\\ioptyu2\\Desktop\\liskov\\lap2\\RecycleBin\\api\\controllers\\weekday.js": {"path":"C:\\Users\\ioptyu2\\Desktop\\liskov\\lap2\\RecycleBin\\api\\controllers\\weekday.js","statementMap":{"0":{"start":{"line":1,"column":16},"end":{"line":1,"column":44}},"1":{"start":{"line":4,"column":4},"end":{"line":9,"column":5}},"2":{"start":{"line":5,"column":25},"end":{"line":5,"column":47}},"3":{"start":{"line":6,"column":8},"end":{"line":6,"column":39}},"4":{"start":{"line":8,"column":8},"end":{"line":8,"column":53}},"5":{"start":{"line":13,"column":4},"end":{"line":20,"column":5}},"6":{"start":{"line":14,"column":21},"end":{"line":14,"column":31}},"7":{"start":{"line":15,"column":24},"end":{"line":15,"column":64}},"8":{"start":{"line":16,"column":8},"end":{"line":16,"column":28}},"9":{"start":{"line":17,"column":8},"end":{"line":17,"column":38}},"10":{"start":{"line":19,"column":8},"end":{"line":19,"column":53}},"11":{"start":{"line":24,"column":4},"end":{"line":31,"column":5}},"12":{"start":{"line":25,"column":19},"end":{"line":25,"column":42}},"13":{"start":{"line":26,"column":24},"end":{"line":26,"column":52}},"14":{"start":{"line":27,"column":8},"end":{"line":27,"column":28}},"15":{"start":{"line":28,"column":8},"end":{"line":28,"column":38}},"16":{"start":{"line":30,"column":8},"end":{"line":30,"column":53}},"17":{"start":{"line":35,"column":4},"end":{"line":41,"column":5}},"18":{"start":{"line":36,"column":21},"end":{"line":36,"column":29}},"19":{"start":{"line":37,"column":23},"end":{"line":37,"column":49}},"20":{"start":{"line":38,"column":8},"end":{"line":38,"column":37}},"21":{"start":{"line":40,"column":8},"end":{"line":40,"column":53}},"22":{"start":{"line":45,"column":4},"end":{"line":52,"column":5}},"23":{"start":{"line":46,"column":19},"end":{"line":46,"column":42}},"24":{"start":{"line":47,"column":24},"end":{"line":47,"column":52}},"25":{"start":{"line":48,"column":23},"end":{"line":48,"column":46}},"26":{"start":{"line":49,"column":8},"end":{"line":49,"column":30}},"27":{"start":{"line":51,"column":8},"end":{"line":51,"column":53}},"28":{"start":{"line":56,"column":4},"end":{"line":64,"column":5}},"29":{"start":{"line":57,"column":19},"end":{"line":57,"column":42}},"30":{"start":{"line":58,"column":21},"end":{"line":58,"column":29}},"31":{"start":{"line":59,"column":24},"end":{"line":59,"column":52}},"32":{"start":{"line":60,"column":23},"end":{"line":60,"column":49}},"33":{"start":{"line":61,"column":8},"end":{"line":61,"column":37}},"34":{"start":{"line":63,"column":8},"end":{"line":63,"column":53}},"35":{"start":{"line":67,"column":0},"end":{"line":67,"column":80}}},"fnMap":{"0":{"name":"showAll","decl":{"start":{"line":3,"column":15},"end":{"line":3,"column":22}},"loc":{"start":{"line":3,"column":34},"end":{"line":10,"column":1}},"line":3},"1":{"name":"showOneByName","decl":{"start":{"line":12,"column":15},"end":{"line":12,"column":28}},"loc":{"start":{"line":12,"column":40},"end":{"line":21,"column":1}},"line":12},"2":{"name":"showOneById","decl":{"start":{"line":23,"column":15},"end":{"line":23,"column":26}},"loc":{"start":{"line":23,"column":38},"end":{"line":32,"column":1}},"line":23},"3":{"name":"create","decl":{"start":{"line":34,"column":15},"end":{"line":34,"column":21}},"loc":{"start":{"line":34,"column":33},"end":{"line":42,"column":1}},"line":34},"4":{"name":"destroy","decl":{"start":{"line":44,"column":15},"end":{"line":44,"column":22}},"loc":{"start":{"line":44,"column":34},"end":{"line":53,"column":1}},"line":44},"5":{"name":"update","decl":{"start":{"line":55,"column":15},"end":{"line":55,"column":21}},"loc":{"start":{"line":55,"column":33},"end":{"line":65,"column":1}},"line":55}},"branchMap":{},"s":{"0":1,"1":1,"2":1,"3":1,"4":0,"5":1,"6":1,"7":1,"8":1,"9":1,"10":0,"11":1,"12":1,"13":1,"14":1,"15":1,"16":0,"17":1,"18":1,"19":1,"20":1,"21":0,"22":1,"23":1,"24":1,"25":1,"26":1,"27":0,"28":1,"29":1,"30":1,"31":1,"32":1,"33":1,"34":0,"35":1},"f":{"0":1,"1":1,"2":1,"3":1,"4":1,"5":1},"b":{},"_coverageSchema":"1a1c01bbd47fc00a2c39e90264f33305004495a9","hash":"61a5e7d1dbff61f78757456f11d3cb6968809099"}
,"C:\\Users\\ioptyu2\\Desktop\\liskov\\lap2\\RecycleBin\\api\\database\\connect.js": {"path":"C:\\Users\\ioptyu2\\Desktop\\liskov\\lap2\\RecycleBin\\api\\database\\connect.js","statementMap":{"0":{"start":{"line":1,"column":17},"end":{"line":1,"column":30}},"1":{"start":{"line":2,"column":0},"end":{"line":2,"column":27}},"2":{"start":{"line":5,"column":11},"end":{"line":7,"column":2}},"3":{"start":{"line":9,"column":0},"end":{"line":9,"column":41}},"4":{"start":{"line":11,"column":0},"end":{"line":11,"column":20}}},"fnMap":{},"branchMap":{},"s":{"0":1,"1":1,"2":1,"3":1,"4":1},"f":{},"b":{},"_coverageSchema":"1a1c01bbd47fc00a2c39e90264f33305004495a9","hash":"5699960e87eaaaa216021fd3675bdf37042861ba"}
,"C:\\Users\\ioptyu2\\Desktop\\liskov\\lap2\\RecycleBin\\api\\middleware\\authenticator.js": {"path":"C:\\Users\\ioptyu2\\Desktop\\liskov\\lap2\\RecycleBin\\api\\middleware\\authenticator.js","statementMap":{"0":{"start":{"line":1,"column":14},"end":{"line":1,"column":40}},"1":{"start":{"line":4,"column":4},"end":{"line":15,"column":5}},"2":{"start":{"line":5,"column":26},"end":{"line":5,"column":54}},"3":{"start":{"line":6,"column":8},"end":{"line":11,"column":9}},"4":{"start":{"line":7,"column":12},"end":{"line":7,"column":55}},"5":{"start":{"line":9,"column":31},"end":{"line":9,"column":56}},"6":{"start":{"line":10,"column":12},"end":{"line":10,"column":19}},"7":{"start":{"line":14,"column":8},"end":{"line":14,"column":53}},"8":{"start":{"line":18,"column":0},"end":{"line":18,"column":31}}},"fnMap":{"0":{"name":"authenticator","decl":{"start":{"line":3,"column":15},"end":{"line":3,"column":28}},"loc":{"start":{"line":3,"column":45},"end":{"line":16,"column":1}},"line":3}},"branchMap":{"0":{"loc":{"start":{"line":6,"column":8},"end":{"line":11,"column":9}},"type":"if","locations":[{"start":{"line":6,"column":8},"end":{"line":11,"column":9}},{"start":{"line":8,"column":15},"end":{"line":11,"column":9}}],"line":6}},"s":{"0":1,"1":3,"2":3,"3":3,"4":0,"5":3,"6":3,"7":0,"8":1},"f":{"0":3},"b":{"0":[0,3]},"_coverageSchema":"1a1c01bbd47fc00a2c39e90264f33305004495a9","hash":"6733a9cf92a230b8e185f4bbc835d8b9a619a818"}
,"C:\\Users\\ioptyu2\\Desktop\\liskov\\lap2\\RecycleBin\\api\\middleware\\logger.js": {"path":"C:\\Users\\ioptyu2\\Desktop\\liskov\\lap2\\RecycleBin\\api\\middleware\\logger.js","statementMap":{"0":{"start":{"line":2,"column":4},"end":{"line":2,"column":45}},"1":{"start":{"line":3,"column":4},"end":{"line":3,"column":11}},"2":{"start":{"line":6,"column":0},"end":{"line":6,"column":27}}},"fnMap":{"0":{"name":"logRoutes","decl":{"start":{"line":1,"column":9},"end":{"line":1,"column":18}},"loc":{"start":{"line":1,"column":35},"end":{"line":4,"column":1}},"line":1}},"branchMap":{},"s":{"0":48,"1":48,"2":1},"f":{"0":48},"b":{},"_coverageSchema":"1a1c01bbd47fc00a2c39e90264f33305004495a9","hash":"6c0cf39f042e6d13ff4dd5db4f4c86b474c0bdf3"}
,"C:\\Users\\ioptyu2\\Desktop\\liskov\\lap2\\RecycleBin\\api\\models\\Address.js": {"path":"C:\\Users\\ioptyu2\\Desktop\\liskov\\lap2\\RecycleBin\\api\\models\\Address.js","statementMap":{"0":{"start":{"line":1,"column":12},"end":{"line":1,"column":42}},"1":{"start":{"line":5,"column":8},"end":{"line":5,"column":29}},"2":{"start":{"line":6,"column":8},"end":{"line":6,"column":39}},"3":{"start":{"line":7,"column":8},"end":{"line":7,"column":41}},"4":{"start":{"line":8,"column":8},"end":{"line":8,"column":33}},"5":{"start":{"line":9,"column":8},"end":{"line":9,"column":31}},"6":{"start":{"line":13,"column":25},"end":{"line":13,"column":73}},"7":{"start":{"line":14,"column":8},"end":{"line":14,"column":54}},"8":{"start":{"line":14,"column":38},"end":{"line":14,"column":52}},"9":{"start":{"line":18,"column":25},"end":{"line":18,"column":101}},"10":{"start":{"line":19,"column":8},"end":{"line":21,"column":9}},"11":{"start":{"line":20,"column":12},"end":{"line":20,"column":57}},"12":{"start":{"line":22,"column":8},"end":{"line":22,"column":45}},"13":{"start":{"line":26,"column":29},"end":{"line":26,"column":57}},"14":{"start":{"line":27,"column":25},"end":{"line":27,"column":39}},"15":{"start":{"line":28,"column":25},"end":{"line":28,"column":141}},"16":{"start":{"line":29,"column":8},"end":{"line":31,"column":9}},"17":{"start":{"line":30,"column":12},"end":{"line":30,"column":57}},"18":{"start":{"line":32,"column":8},"end":{"line":32,"column":45}},"19":{"start":{"line":36,"column":64},"end":{"line":36,"column":68}},"20":{"start":{"line":37,"column":23},"end":{"line":37,"column":200}},"21":{"start":{"line":38,"column":8},"end":{"line":38,"column":45}},"22":{"start":{"line":42,"column":23},"end":{"line":42,"column":124}},"23":{"start":{"line":43,"column":8},"end":{"line":43,"column":45}},"24":{"start":{"line":47,"column":54},"end":{"line":47,"column":58}},"25":{"start":{"line":48,"column":25},"end":{"line":48,"column":204}},"26":{"start":{"line":49,"column":8},"end":{"line":49,"column":45}},"27":{"start":{"line":52,"column":0},"end":{"line":52,"column":25}}},"fnMap":{"0":{"name":"(anonymous_0)","decl":{"start":{"line":4,"column":4},"end":{"line":4,"column":5}},"loc":{"start":{"line":4,"column":77},"end":{"line":10,"column":5}},"line":4},"1":{"name":"(anonymous_1)","decl":{"start":{"line":12,"column":4},"end":{"line":12,"column":5}},"loc":{"start":{"line":12,"column":26},"end":{"line":15,"column":5}},"line":12},"2":{"name":"(anonymous_2)","decl":{"start":{"line":14,"column":33},"end":{"line":14,"column":34}},"loc":{"start":{"line":14,"column":38},"end":{"line":14,"column":52}},"line":14},"3":{"name":"(anonymous_3)","decl":{"start":{"line":17,"column":4},"end":{"line":17,"column":5}},"loc":{"start":{"line":17,"column":32},"end":{"line":23,"column":5}},"line":17},"4":{"name":"(anonymous_4)","decl":{"start":{"line":25,"column":4},"end":{"line":25,"column":5}},"loc":{"start":{"line":25,"column":42},"end":{"line":33,"column":5}},"line":25},"5":{"name":"(anonymous_5)","decl":{"start":{"line":35,"column":4},"end":{"line":35,"column":5}},"loc":{"start":{"line":35,"column":30},"end":{"line":39,"column":5}},"line":35},"6":{"name":"(anonymous_6)","decl":{"start":{"line":41,"column":4},"end":{"line":41,"column":5}},"loc":{"start":{"line":41,"column":20},"end":{"line":44,"column":5}},"line":41},"7":{"name":"(anonymous_7)","decl":{"start":{"line":46,"column":4},"end":{"line":46,"column":5}},"loc":{"start":{"line":46,"column":23},"end":{"line":50,"column":5}},"line":46}},"branchMap":{"0":{"loc":{"start":{"line":19,"column":8},"end":{"line":21,"column":9}},"type":"if","locations":[{"start":{"line":19,"column":8},"end":{"line":21,"column":9}},{"start":{},"end":{}}],"line":19},"1":{"loc":{"start":{"line":29,"column":8},"end":{"line":31,"column":9}},"type":"if","locations":[{"start":{"line":29,"column":8},"end":{"line":31,"column":9}},{"start":{},"end":{}}],"line":29}},"s":{"0":1,"1":145,"2":145,"3":145,"4":145,"5":145,"6":1,"7":1,"8":137,"9":3,"10":3,"11":0,"12":3,"13":2,"14":2,"15":2,"16":2,"17":0,"18":2,"19":1,"20":1,"21":1,"22":1,"23":1,"24":1,"25":1,"26":1,"27":1},"f":{"0":145,"1":1,"2":137,"3":3,"4":2,"5":1,"6":1,"7":1},"b":{"0":[0,3],"1":[0,2]},"_coverageSchema":"1a1c01bbd47fc00a2c39e90264f33305004495a9","hash":"8a438205fb5570e89dc3e99a42deb266a8ca861d"}
,"C:\\Users\\ioptyu2\\Desktop\\liskov\\lap2\\RecycleBin\\api\\models\\AddressZone.js": {"path":"C:\\Users\\ioptyu2\\Desktop\\liskov\\lap2\\RecycleBin\\api\\models\\AddressZone.js","statementMap":{"0":{"start":{"line":1,"column":12},"end":{"line":1,"column":42}},"1":{"start":{"line":5,"column":8},"end":{"line":5,"column":26}},"2":{"start":{"line":6,"column":8},"end":{"line":6,"column":39}},"3":{"start":{"line":10,"column":25},"end":{"line":10,"column":70}},"4":{"start":{"line":11,"column":8},"end":{"line":11,"column":58}},"5":{"start":{"line":11,"column":38},"end":{"line":11,"column":56}},"6":{"start":{"line":15,"column":25},"end":{"line":15,"column":108}},"7":{"start":{"line":16,"column":8},"end":{"line":18,"column":9}},"8":{"start":{"line":17,"column":12},"end":{"line":17,"column":54}},"9":{"start":{"line":19,"column":8},"end":{"line":19,"column":49}},"10":{"start":{"line":23,"column":25},"end":{"line":23,"column":95}},"11":{"start":{"line":24,"column":8},"end":{"line":26,"column":9}},"12":{"start":{"line":25,"column":12},"end":{"line":25,"column":54}},"13":{"start":{"line":27,"column":8},"end":{"line":27,"column":49}},"14":{"start":{"line":31,"column":31},"end":{"line":31,"column":35}},"15":{"start":{"line":32,"column":23},"end":{"line":32,"column":120}},"16":{"start":{"line":33,"column":8},"end":{"line":33,"column":49}},"17":{"start":{"line":37,"column":8},"end":{"line":37,"column":113}},"18":{"start":{"line":38,"column":8},"end":{"line":38,"column":109}},"19":{"start":{"line":39,"column":25},"end":{"line":39,"column":111}},"20":{"start":{"line":40,"column":8},"end":{"line":40,"column":49}},"21":{"start":{"line":44,"column":30},"end":{"line":44,"column":34}},"22":{"start":{"line":45,"column":25},"end":{"line":45,"column":140}},"23":{"start":{"line":46,"column":8},"end":{"line":46,"column":49}},"24":{"start":{"line":49,"column":0},"end":{"line":49,"column":29}}},"fnMap":{"0":{"name":"(anonymous_0)","decl":{"start":{"line":4,"column":4},"end":{"line":4,"column":5}},"loc":{"start":{"line":4,"column":41},"end":{"line":7,"column":5}},"line":4},"1":{"name":"(anonymous_1)","decl":{"start":{"line":9,"column":4},"end":{"line":9,"column":5}},"loc":{"start":{"line":9,"column":26},"end":{"line":12,"column":5}},"line":9},"2":{"name":"(anonymous_2)","decl":{"start":{"line":11,"column":33},"end":{"line":11,"column":34}},"loc":{"start":{"line":11,"column":38},"end":{"line":11,"column":56}},"line":11},"3":{"name":"(anonymous_3)","decl":{"start":{"line":14,"column":4},"end":{"line":14,"column":5}},"loc":{"start":{"line":14,"column":40},"end":{"line":20,"column":5}},"line":14},"4":{"name":"(anonymous_4)","decl":{"start":{"line":22,"column":4},"end":{"line":22,"column":5}},"loc":{"start":{"line":22,"column":32},"end":{"line":28,"column":5}},"line":22},"5":{"name":"(anonymous_5)","decl":{"start":{"line":30,"column":4},"end":{"line":30,"column":5}},"loc":{"start":{"line":30,"column":30},"end":{"line":34,"column":5}},"line":30},"6":{"name":"(anonymous_6)","decl":{"start":{"line":36,"column":4},"end":{"line":36,"column":5}},"loc":{"start":{"line":36,"column":20},"end":{"line":41,"column":5}},"line":36},"7":{"name":"(anonymous_7)","decl":{"start":{"line":43,"column":4},"end":{"line":43,"column":5}},"loc":{"start":{"line":43,"column":23},"end":{"line":47,"column":5}},"line":43}},"branchMap":{"0":{"loc":{"start":{"line":16,"column":8},"end":{"line":18,"column":9}},"type":"if","locations":[{"start":{"line":16,"column":8},"end":{"line":18,"column":9}},{"start":{},"end":{}}],"line":16},"1":{"loc":{"start":{"line":24,"column":8},"end":{"line":26,"column":9}},"type":"if","locations":[{"start":{"line":24,"column":8},"end":{"line":26,"column":9}},{"start":{},"end":{}}],"line":24}},"s":{"0":1,"1":0,"2":0,"3":0,"4":0,"5":0,"6":0,"7":0,"8":0,"9":0,"10":0,"11":0,"12":0,"13":0,"14":0,"15":0,"16":0,"17":0,"18":0,"19":0,"20":0,"21":0,"22":0,"23":0,"24":1},"f":{"0":0,"1":0,"2":0,"3":0,"4":0,"5":0,"6":0,"7":0},"b":{"0":[0,0],"1":[0,0]},"_coverageSchema":"1a1c01bbd47fc00a2c39e90264f33305004495a9","hash":"2f8233cb36289b76b2d5f4f3b5160ff1e9377555"}
,"C:\\Users\\ioptyu2\\Desktop\\liskov\\lap2\\RecycleBin\\api\\models\\Appointment.js": {"path":"C:\\Users\\ioptyu2\\Desktop\\liskov\\lap2\\RecycleBin\\api\\models\\Appointment.js","statementMap":{"0":{"start":{"line":1,"column":12},"end":{"line":1,"column":42}},"1":{"start":{"line":5,"column":8},"end":{"line":5,"column":33}},"2":{"start":{"line":6,"column":8},"end":{"line":6,"column":31}},"3":{"start":{"line":7,"column":8},"end":{"line":7,"column":39}},"4":{"start":{"line":8,"column":8},"end":{"line":8,"column":35}},"5":{"start":{"line":9,"column":8},"end":{"line":9,"column":37}},"6":{"start":{"line":13,"column":25},"end":{"line":13,"column":69}},"7":{"start":{"line":14,"column":8},"end":{"line":14,"column":58}},"8":{"start":{"line":14,"column":38},"end":{"line":14,"column":56}},"9":{"start":{"line":18,"column":25},"end":{"line":18,"column":101}},"10":{"start":{"line":19,"column":8},"end":{"line":21,"column":9}},"11":{"start":{"line":20,"column":12},"end":{"line":20,"column":64}},"12":{"start":{"line":22,"column":8},"end":{"line":22,"column":49}},"13":{"start":{"line":26,"column":64},"end":{"line":26,"column":68}},"14":{"start":{"line":27,"column":23},"end":{"line":27,"column":195}},"15":{"start":{"line":28,"column":8},"end":{"line":28,"column":49}},"16":{"start":{"line":32,"column":23},"end":{"line":32,"column":115}},"17":{"start":{"line":33,"column":8},"end":{"line":33,"column":49}},"18":{"start":{"line":37,"column":62},"end":{"line":37,"column":66}},"19":{"start":{"line":38,"column":25},"end":{"line":38,"column":225}},"20":{"start":{"line":39,"column":8},"end":{"line":39,"column":49}},"21":{"start":{"line":42,"column":0},"end":{"line":42,"column":29}}},"fnMap":{"0":{"name":"(anonymous_0)","decl":{"start":{"line":4,"column":4},"end":{"line":4,"column":5}},"loc":{"start":{"line":4,"column":80},"end":{"line":10,"column":5}},"line":4},"1":{"name":"(anonymous_1)","decl":{"start":{"line":12,"column":4},"end":{"line":12,"column":5}},"loc":{"start":{"line":12,"column":26},"end":{"line":15,"column":5}},"line":12},"2":{"name":"(anonymous_2)","decl":{"start":{"line":14,"column":33},"end":{"line":14,"column":34}},"loc":{"start":{"line":14,"column":38},"end":{"line":14,"column":56}},"line":14},"3":{"name":"(anonymous_3)","decl":{"start":{"line":17,"column":4},"end":{"line":17,"column":5}},"loc":{"start":{"line":17,"column":32},"end":{"line":23,"column":5}},"line":17},"4":{"name":"(anonymous_4)","decl":{"start":{"line":25,"column":4},"end":{"line":25,"column":5}},"loc":{"start":{"line":25,"column":30},"end":{"line":29,"column":5}},"line":25},"5":{"name":"(anonymous_5)","decl":{"start":{"line":31,"column":4},"end":{"line":31,"column":5}},"loc":{"start":{"line":31,"column":20},"end":{"line":34,"column":5}},"line":31},"6":{"name":"(anonymous_6)","decl":{"start":{"line":36,"column":4},"end":{"line":36,"column":5}},"loc":{"start":{"line":36,"column":23},"end":{"line":40,"column":5}},"line":36}},"branchMap":{"0":{"loc":{"start":{"line":19,"column":8},"end":{"line":21,"column":9}},"type":"if","locations":[{"start":{"line":19,"column":8},"end":{"line":21,"column":9}},{"start":{},"end":{}}],"line":19}},"s":{"0":1,"1":7,"2":7,"3":7,"4":7,"5":7,"6":1,"7":1,"8":1,"9":3,"10":3,"11":0,"12":3,"13":1,"14":1,"15":1,"16":1,"17":1,"18":1,"19":1,"20":1,"21":1},"f":{"0":7,"1":1,"2":1,"3":3,"4":1,"5":1,"6":1},"b":{"0":[0,3]},"_coverageSchema":"1a1c01bbd47fc00a2c39e90264f33305004495a9","hash":"e8fd2e3c764450b9e41ea6853169187f2d177d57"}
,"C:\\Users\\ioptyu2\\Desktop\\liskov\\lap2\\RecycleBin\\api\\models\\Bin.js": {"path":"C:\\Users\\ioptyu2\\Desktop\\liskov\\lap2\\RecycleBin\\api\\models\\Bin.js","statementMap":{"0":{"start":{"line":1,"column":12},"end":{"line":1,"column":42}},"1":{"start":{"line":5,"column":8},"end":{"line":5,"column":39}},"2":{"start":{"line":6,"column":8},"end":{"line":6,"column":43}},"3":{"start":{"line":10,"column":25},"end":{"line":10,"column":66}},"4":{"start":{"line":11,"column":8},"end":{"line":11,"column":50}},"5":{"start":{"line":11,"column":38},"end":{"line":11,"column":48}},"6":{"start":{"line":15,"column":25},"end":{"line":15,"column":99}},"7":{"start":{"line":16,"column":8},"end":{"line":18,"column":9}},"8":{"start":{"line":17,"column":12},"end":{"line":17,"column":53}},"9":{"start":{"line":19,"column":8},"end":{"line":19,"column":41}},"10":{"start":{"line":23,"column":25},"end":{"line":23,"column":95}},"11":{"start":{"line":24,"column":8},"end":{"line":26,"column":9}},"12":{"start":{"line":25,"column":12},"end":{"line":25,"column":53}},"13":{"start":{"line":27,"column":8},"end":{"line":27,"column":41}},"14":{"start":{"line":31,"column":33},"end":{"line":31,"column":37}},"15":{"start":{"line":32,"column":23},"end":{"line":32,"column":120}},"16":{"start":{"line":33,"column":8},"end":{"line":33,"column":41}},"17":{"start":{"line":37,"column":8},"end":{"line":37,"column":107}},"18":{"start":{"line":38,"column":8},"end":{"line":38,"column":89}},"19":{"start":{"line":39,"column":25},"end":{"line":39,"column":120}},"20":{"start":{"line":40,"column":8},"end":{"line":40,"column":41}},"21":{"start":{"line":44,"column":32},"end":{"line":44,"column":36}},"22":{"start":{"line":45,"column":25},"end":{"line":45,"column":153}},"23":{"start":{"line":46,"column":8},"end":{"line":46,"column":41}},"24":{"start":{"line":49,"column":0},"end":{"line":49,"column":21}}},"fnMap":{"0":{"name":"(anonymous_0)","decl":{"start":{"line":4,"column":4},"end":{"line":4,"column":5}},"loc":{"start":{"line":4,"column":47},"end":{"line":7,"column":5}},"line":4},"1":{"name":"(anonymous_1)","decl":{"start":{"line":9,"column":4},"end":{"line":9,"column":5}},"loc":{"start":{"line":9,"column":26},"end":{"line":12,"column":5}},"line":9},"2":{"name":"(anonymous_2)","decl":{"start":{"line":11,"column":33},"end":{"line":11,"column":34}},"loc":{"start":{"line":11,"column":38},"end":{"line":11,"column":48}},"line":11},"3":{"name":"(anonymous_3)","decl":{"start":{"line":14,"column":4},"end":{"line":14,"column":5}},"loc":{"start":{"line":14,"column":36},"end":{"line":20,"column":5}},"line":14},"4":{"name":"(anonymous_4)","decl":{"start":{"line":22,"column":4},"end":{"line":22,"column":5}},"loc":{"start":{"line":22,"column":32},"end":{"line":28,"column":5}},"line":22},"5":{"name":"(anonymous_5)","decl":{"start":{"line":30,"column":4},"end":{"line":30,"column":5}},"loc":{"start":{"line":30,"column":30},"end":{"line":34,"column":5}},"line":30},"6":{"name":"(anonymous_6)","decl":{"start":{"line":36,"column":4},"end":{"line":36,"column":5}},"loc":{"start":{"line":36,"column":20},"end":{"line":41,"column":5}},"line":36},"7":{"name":"(anonymous_7)","decl":{"start":{"line":43,"column":4},"end":{"line":43,"column":5}},"loc":{"start":{"line":43,"column":23},"end":{"line":47,"column":5}},"line":43}},"branchMap":{"0":{"loc":{"start":{"line":16,"column":8},"end":{"line":18,"column":9}},"type":"if","locations":[{"start":{"line":16,"column":8},"end":{"line":18,"column":9}},{"start":{},"end":{}}],"line":16},"1":{"loc":{"start":{"line":24,"column":8},"end":{"line":26,"column":9}},"type":"if","locations":[{"start":{"line":24,"column":8},"end":{"line":26,"column":9}},{"start":{},"end":{}}],"line":24}},"s":{"0":1,"1":14,"2":14,"3":1,"4":1,"5":8,"6":0,"7":0,"8":0,"9":0,"10":3,"11":3,"12":0,"13":3,"14":1,"15":1,"16":1,"17":1,"18":1,"19":1,"20":1,"21":1,"22":1,"23":1,"24":1},"f":{"0":14,"1":1,"2":8,"3":0,"4":3,"5":1,"6":1,"7":1},"b":{"0":[0,0],"1":[0,3]},"_coverageSchema":"1a1c01bbd47fc00a2c39e90264f33305004495a9","hash":"6a4a925e3f3686f3297df18c277c5131dea742ad"}
,"C:\\Users\\ioptyu2\\Desktop\\liskov\\lap2\\RecycleBin\\api\\models\\CollectBulkyWaste.js": {"path":"C:\\Users\\ioptyu2\\Desktop\\liskov\\lap2\\RecycleBin\\api\\models\\CollectBulkyWaste.js","statementMap":{"0":{"start":{"line":1,"column":12},"end":{"line":1,"column":42}},"1":{"start":{"line":5,"column":8},"end":{"line":5,"column":33}},"2":{"start":{"line":6,"column":8},"end":{"line":6,"column":35}},"3":{"start":{"line":7,"column":8},"end":{"line":7,"column":27}},"4":{"start":{"line":11,"column":25},"end":{"line":11,"column":76}},"5":{"start":{"line":12,"column":8},"end":{"line":12,"column":64}},"6":{"start":{"line":12,"column":38},"end":{"line":12,"column":62}},"7":{"start":{"line":16,"column":25},"end":{"line":16,"column":108}},"8":{"start":{"line":17,"column":8},"end":{"line":19,"column":9}},"9":{"start":{"line":18,"column":12},"end":{"line":18,"column":72}},"10":{"start":{"line":20,"column":8},"end":{"line":20,"column":55}},"11":{"start":{"line":24,"column":37},"end":{"line":24,"column":41}},"12":{"start":{"line":25,"column":23},"end":{"line":25,"column":140}},"13":{"start":{"line":26,"column":8},"end":{"line":26,"column":55}},"14":{"start":{"line":30,"column":23},"end":{"line":30,"column":122}},"15":{"start":{"line":31,"column":8},"end":{"line":31,"column":55}},"16":{"start":{"line":35,"column":35},"end":{"line":35,"column":39}},"17":{"start":{"line":36,"column":25},"end":{"line":36,"column":168}},"18":{"start":{"line":37,"column":8},"end":{"line":37,"column":55}},"19":{"start":{"line":40,"column":0},"end":{"line":40,"column":35}}},"fnMap":{"0":{"name":"(anonymous_0)","decl":{"start":{"line":4,"column":4},"end":{"line":4,"column":5}},"loc":{"start":{"line":4,"column":53},"end":{"line":8,"column":5}},"line":4},"1":{"name":"(anonymous_1)","decl":{"start":{"line":10,"column":4},"end":{"line":10,"column":5}},"loc":{"start":{"line":10,"column":26},"end":{"line":13,"column":5}},"line":10},"2":{"name":"(anonymous_2)","decl":{"start":{"line":12,"column":33},"end":{"line":12,"column":34}},"loc":{"start":{"line":12,"column":38},"end":{"line":12,"column":62}},"line":12},"3":{"name":"(anonymous_3)","decl":{"start":{"line":15,"column":4},"end":{"line":15,"column":5}},"loc":{"start":{"line":15,"column":32},"end":{"line":21,"column":5}},"line":15},"4":{"name":"(anonymous_4)","decl":{"start":{"line":23,"column":4},"end":{"line":23,"column":5}},"loc":{"start":{"line":23,"column":30},"end":{"line":27,"column":5}},"line":23},"5":{"name":"(anonymous_5)","decl":{"start":{"line":29,"column":4},"end":{"line":29,"column":5}},"loc":{"start":{"line":29,"column":20},"end":{"line":32,"column":5}},"line":29},"6":{"name":"(anonymous_6)","decl":{"start":{"line":34,"column":4},"end":{"line":34,"column":5}},"loc":{"start":{"line":34,"column":23},"end":{"line":38,"column":5}},"line":34}},"branchMap":{"0":{"loc":{"start":{"line":17,"column":8},"end":{"line":19,"column":9}},"type":"if","locations":[{"start":{"line":17,"column":8},"end":{"line":19,"column":9}},{"start":{},"end":{}}],"line":17}},"s":{"0":1,"1":7,"2":7,"3":7,"4":1,"5":1,"6":1,"7":3,"8":3,"9":0,"10":3,"11":1,"12":1,"13":1,"14":1,"15":1,"16":1,"17":1,"18":1,"19":1},"f":{"0":7,"1":1,"2":1,"3":3,"4":1,"5":1,"6":1},"b":{"0":[0,3]},"_coverageSchema":"1a1c01bbd47fc00a2c39e90264f33305004495a9","hash":"64d09d6fd1e5fab33c7271c35860791a4765fc36"}
,"C:\\Users\\ioptyu2\\Desktop\\liskov\\lap2\\RecycleBin\\api\\models\\CollectDays.js": {"path":"C:\\Users\\ioptyu2\\Desktop\\liskov\\lap2\\RecycleBin\\api\\models\\CollectDays.js","statementMap":{"0":{"start":{"line":1,"column":12},"end":{"line":1,"column":42}},"1":{"start":{"line":5,"column":8},"end":{"line":5,"column":33}},"2":{"start":{"line":6,"column":8},"end":{"line":6,"column":31}},"3":{"start":{"line":7,"column":8},"end":{"line":7,"column":39}},"4":{"start":{"line":8,"column":8},"end":{"line":8,"column":37}},"5":{"start":{"line":12,"column":25},"end":{"line":12,"column":69}},"6":{"start":{"line":13,"column":8},"end":{"line":13,"column":58}},"7":{"start":{"line":13,"column":38},"end":{"line":13,"column":56}},"8":{"start":{"line":17,"column":25},"end":{"line":17,"column":101}},"9":{"start":{"line":18,"column":8},"end":{"line":20,"column":9}},"10":{"start":{"line":19,"column":12},"end":{"line":19,"column":61}},"11":{"start":{"line":21,"column":8},"end":{"line":21,"column":49}},"12":{"start":{"line":25,"column":25},"end":{"line":25,"column":99}},"13":{"start":{"line":26,"column":8},"end":{"line":28,"column":9}},"14":{"start":{"line":27,"column":12},"end":{"line":27,"column":61}},"15":{"start":{"line":29,"column":8},"end":{"line":29,"column":29}},"16":{"start":{"line":33,"column":53},"end":{"line":33,"column":57}},"17":{"start":{"line":34,"column":23},"end":{"line":34,"column":169}},"18":{"start":{"line":35,"column":8},"end":{"line":35,"column":49}},"19":{"start":{"line":39,"column":23},"end":{"line":39,"column":115}},"20":{"start":{"line":40,"column":8},"end":{"line":40,"column":49}},"21":{"start":{"line":44,"column":51},"end":{"line":44,"column":55}},"22":{"start":{"line":45,"column":25},"end":{"line":45,"column":197}},"23":{"start":{"line":46,"column":8},"end":{"line":46,"column":49}},"24":{"start":{"line":49,"column":0},"end":{"line":49,"column":29}}},"fnMap":{"0":{"name":"(anonymous_0)","decl":{"start":{"line":4,"column":4},"end":{"line":4,"column":5}},"loc":{"start":{"line":4,"column":69},"end":{"line":9,"column":5}},"line":4},"1":{"name":"(anonymous_1)","decl":{"start":{"line":11,"column":4},"end":{"line":11,"column":5}},"loc":{"start":{"line":11,"column":26},"end":{"line":14,"column":5}},"line":11},"2":{"name":"(anonymous_2)","decl":{"start":{"line":13,"column":33},"end":{"line":13,"column":34}},"loc":{"start":{"line":13,"column":38},"end":{"line":13,"column":56}},"line":13},"3":{"name":"(anonymous_3)","decl":{"start":{"line":16,"column":4},"end":{"line":16,"column":5}},"loc":{"start":{"line":16,"column":32},"end":{"line":22,"column":5}},"line":16},"4":{"name":"(anonymous_4)","decl":{"start":{"line":24,"column":4},"end":{"line":24,"column":5}},"loc":{"start":{"line":24,"column":38},"end":{"line":30,"column":5}},"line":24},"5":{"name":"(anonymous_5)","decl":{"start":{"line":32,"column":4},"end":{"line":32,"column":5}},"loc":{"start":{"line":32,"column":30},"end":{"line":36,"column":5}},"line":32},"6":{"name":"(anonymous_6)","decl":{"start":{"line":38,"column":4},"end":{"line":38,"column":5}},"loc":{"start":{"line":38,"column":20},"end":{"line":41,"column":5}},"line":38},"7":{"name":"(anonymous_7)","decl":{"start":{"line":43,"column":4},"end":{"line":43,"column":5}},"loc":{"start":{"line":43,"column":23},"end":{"line":47,"column":5}},"line":43}},"branchMap":{"0":{"loc":{"start":{"line":18,"column":8},"end":{"line":20,"column":9}},"type":"if","locations":[{"start":{"line":18,"column":8},"end":{"line":20,"column":9}},{"start":{},"end":{}}],"line":18},"1":{"loc":{"start":{"line":26,"column":8},"end":{"line":28,"column":9}},"type":"if","locations":[{"start":{"line":26,"column":8},"end":{"line":28,"column":9}},{"start":{},"end":{}}],"line":26}},"s":{"0":1,"1":9,"2":9,"3":9,"4":9,"5":1,"6":1,"7":3,"8":3,"9":3,"10":0,"11":3,"12":0,"13":0,"14":0,"15":0,"16":1,"17":1,"18":1,"19":1,"20":1,"21":1,"22":1,"23":1,"24":1},"f":{"0":9,"1":1,"2":3,"3":3,"4":0,"5":1,"6":1,"7":1},"b":{"0":[0,3],"1":[0,0]},"_coverageSchema":"1a1c01bbd47fc00a2c39e90264f33305004495a9","hash":"0d291a931ab2448840f5595b4c6e244d15f4e498"}
,"C:\\Users\\ioptyu2\\Desktop\\liskov\\lap2\\RecycleBin\\api\\models\\MaterialsType.js": {"path":"C:\\Users\\ioptyu2\\Desktop\\liskov\\lap2\\RecycleBin\\api\\models\\MaterialsType.js","statementMap":{"0":{"start":{"line":1,"column":12},"end":{"line":1,"column":42}},"1":{"start":{"line":5,"column":8},"end":{"line":5,"column":35}},"2":{"start":{"line":6,"column":8},"end":{"line":6,"column":25}},"3":{"start":{"line":10,"column":25},"end":{"line":10,"column":71}},"4":{"start":{"line":11,"column":8},"end":{"line":11,"column":60}},"5":{"start":{"line":11,"column":38},"end":{"line":11,"column":58}},"6":{"start":{"line":15,"column":25},"end":{"line":15,"column":95}},"7":{"start":{"line":16,"column":8},"end":{"line":18,"column":9}},"8":{"start":{"line":17,"column":12},"end":{"line":17,"column":58}},"9":{"start":{"line":19,"column":8},"end":{"line":19,"column":51}},"10":{"start":{"line":23,"column":25},"end":{"line":23,"column":105}},"11":{"start":{"line":24,"column":8},"end":{"line":26,"column":9}},"12":{"start":{"line":25,"column":12},"end":{"line":25,"column":58}},"13":{"start":{"line":27,"column":8},"end":{"line":27,"column":51}},"14":{"start":{"line":31,"column":24},"end":{"line":31,"column":28}},"15":{"start":{"line":32,"column":23},"end":{"line":32,"column":107}},"16":{"start":{"line":33,"column":8},"end":{"line":33,"column":51}},"17":{"start":{"line":37,"column":8},"end":{"line":37,"column":130}},"18":{"start":{"line":38,"column":25},"end":{"line":38,"column":121}},"19":{"start":{"line":39,"column":8},"end":{"line":39,"column":51}},"20":{"start":{"line":43,"column":23},"end":{"line":43,"column":27}},"21":{"start":{"line":44,"column":25},"end":{"line":44,"column":136}},"22":{"start":{"line":45,"column":8},"end":{"line":45,"column":51}},"23":{"start":{"line":48,"column":0},"end":{"line":48,"column":31}}},"fnMap":{"0":{"name":"(anonymous_0)","decl":{"start":{"line":4,"column":4},"end":{"line":4,"column":5}},"loc":{"start":{"line":4,"column":43},"end":{"line":7,"column":5}},"line":4},"1":{"name":"(anonymous_1)","decl":{"start":{"line":9,"column":4},"end":{"line":9,"column":5}},"loc":{"start":{"line":9,"column":26},"end":{"line":12,"column":5}},"line":9},"2":{"name":"(anonymous_2)","decl":{"start":{"line":11,"column":33},"end":{"line":11,"column":34}},"loc":{"start":{"line":11,"column":38},"end":{"line":11,"column":58}},"line":11},"3":{"name":"(anonymous_3)","decl":{"start":{"line":14,"column":4},"end":{"line":14,"column":5}},"loc":{"start":{"line":14,"column":36},"end":{"line":20,"column":5}},"line":14},"4":{"name":"(anonymous_4)","decl":{"start":{"line":22,"column":4},"end":{"line":22,"column":5}},"loc":{"start":{"line":22,"column":32},"end":{"line":28,"column":5}},"line":22},"5":{"name":"(anonymous_5)","decl":{"start":{"line":30,"column":4},"end":{"line":30,"column":5}},"loc":{"start":{"line":30,"column":30},"end":{"line":34,"column":5}},"line":30},"6":{"name":"(anonymous_6)","decl":{"start":{"line":36,"column":4},"end":{"line":36,"column":5}},"loc":{"start":{"line":36,"column":20},"end":{"line":40,"column":5}},"line":36},"7":{"name":"(anonymous_7)","decl":{"start":{"line":42,"column":4},"end":{"line":42,"column":5}},"loc":{"start":{"line":42,"column":23},"end":{"line":46,"column":5}},"line":42}},"branchMap":{"0":{"loc":{"start":{"line":16,"column":8},"end":{"line":18,"column":9}},"type":"if","locations":[{"start":{"line":16,"column":8},"end":{"line":18,"column":9}},{"start":{},"end":{}}],"line":16},"1":{"loc":{"start":{"line":24,"column":8},"end":{"line":26,"column":9}},"type":"if","locations":[{"start":{"line":24,"column":8},"end":{"line":26,"column":9}},{"start":{},"end":{}}],"line":24}},"s":{"0":1,"1":0,"2":0,"3":0,"4":0,"5":0,"6":0,"7":0,"8":0,"9":0,"10":0,"11":0,"12":0,"13":0,"14":0,"15":0,"16":0,"17":0,"18":0,"19":0,"20":0,"21":0,"22":0,"23":1},"f":{"0":0,"1":0,"2":0,"3":0,"4":0,"5":0,"6":0,"7":0},"b":{"0":[0,0],"1":[0,0]},"_coverageSchema":"1a1c01bbd47fc00a2c39e90264f33305004495a9","hash":"0e2d0a178d5ae77930fb2d284a55f5f5ce3f4e79"}
,"C:\\Users\\ioptyu2\\Desktop\\liskov\\lap2\\RecycleBin\\api\\models\\RecyclableObject.js": {"path":"C:\\Users\\ioptyu2\\Desktop\\liskov\\lap2\\RecycleBin\\api\\models\\RecyclableObject.js","statementMap":{"0":{"start":{"line":1,"column":12},"end":{"line":1,"column":42}},"1":{"start":{"line":5,"column":8},"end":{"line":5,"column":28}},"2":{"start":{"line":6,"column":8},"end":{"line":6,"column":25}},"3":{"start":{"line":7,"column":8},"end":{"line":7,"column":38}},"4":{"start":{"line":8,"column":8},"end":{"line":8,"column":49}},"5":{"start":{"line":12,"column":25},"end":{"line":12,"column":73}},"6":{"start":{"line":13,"column":8},"end":{"line":13,"column":63}},"7":{"start":{"line":13,"column":38},"end":{"line":13,"column":61}},"8":{"start":{"line":17,"column":25},"end":{"line":17,"column":100}},"9":{"start":{"line":18,"column":8},"end":{"line":20,"column":9}},"10":{"start":{"line":19,"column":12},"end":{"line":19,"column":56}},"11":{"start":{"line":21,"column":8},"end":{"line":21,"column":54}},"12":{"start":{"line":25,"column":56},"end":{"line":25,"column":60}},"13":{"start":{"line":26,"column":23},"end":{"line":26,"column":179}},"14":{"start":{"line":27,"column":8},"end":{"line":27,"column":54}},"15":{"start":{"line":32,"column":8},"end":{"line":37,"column":9}},"16":{"start":{"line":33,"column":29},"end":{"line":33,"column":120}},"17":{"start":{"line":34,"column":12},"end":{"line":34,"column":33}},"18":{"start":{"line":36,"column":12},"end":{"line":36,"column":31}},"19":{"start":{"line":41,"column":23},"end":{"line":41,"column":114}},"20":{"start":{"line":42,"column":8},"end":{"line":42,"column":54}},"21":{"start":{"line":46,"column":54},"end":{"line":46,"column":58}},"22":{"start":{"line":47,"column":25},"end":{"line":47,"column":202}},"23":{"start":{"line":48,"column":8},"end":{"line":48,"column":54}},"24":{"start":{"line":51,"column":0},"end":{"line":51,"column":34}}},"fnMap":{"0":{"name":"(anonymous_0)","decl":{"start":{"line":4,"column":4},"end":{"line":4,"column":5}},"loc":{"start":{"line":4,"column":67},"end":{"line":9,"column":5}},"line":4},"1":{"name":"(anonymous_1)","decl":{"start":{"line":11,"column":4},"end":{"line":11,"column":5}},"loc":{"start":{"line":11,"column":26},"end":{"line":14,"column":5}},"line":11},"2":{"name":"(anonymous_2)","decl":{"start":{"line":13,"column":33},"end":{"line":13,"column":34}},"loc":{"start":{"line":13,"column":38},"end":{"line":13,"column":61}},"line":13},"3":{"name":"(anonymous_3)","decl":{"start":{"line":16,"column":4},"end":{"line":16,"column":5}},"loc":{"start":{"line":16,"column":32},"end":{"line":22,"column":5}},"line":16},"4":{"name":"(anonymous_4)","decl":{"start":{"line":24,"column":4},"end":{"line":24,"column":5}},"loc":{"start":{"line":24,"column":30},"end":{"line":28,"column":5}},"line":24},"5":{"name":"(anonymous_5)","decl":{"start":{"line":30,"column":4},"end":{"line":30,"column":5}},"loc":{"start":{"line":30,"column":36},"end":{"line":38,"column":5}},"line":30},"6":{"name":"(anonymous_6)","decl":{"start":{"line":40,"column":4},"end":{"line":40,"column":5}},"loc":{"start":{"line":40,"column":20},"end":{"line":43,"column":5}},"line":40},"7":{"name":"(anonymous_7)","decl":{"start":{"line":45,"column":4},"end":{"line":45,"column":5}},"loc":{"start":{"line":45,"column":23},"end":{"line":49,"column":5}},"line":45}},"branchMap":{"0":{"loc":{"start":{"line":18,"column":8},"end":{"line":20,"column":9}},"
[...]
20,"column":9}},"8":{"start":{"line":16,"column":29},"end":{"line":16,"column":98}},"9":{"start":{"line":17,"column":12},"end":{"line":17,"column":46}},"10":{"start":{"line":19,"column":12},"end":{"line":19,"column":31}},"11":{"start":{"line":24,"column":8},"end":{"line":29,"column":9}},"12":{"start":{"line":25,"column":29},"end":{"line":25,"column":105}},"13":{"start":{"line":26,"column":12},"end":{"line":26,"column":46}},"14":{"start":{"line":28,"column":12},"end":{"line":28,"column":31}},"15":{"start":{"line":33,"column":8},"end":{"line":39,"column":9}},"16":{"start":{"line":34,"column":58},"end":{"line":34,"column":62}},"17":{"start":{"line":35,"column":29},"end":{"line":35,"column":192}},"18":{"start":{"line":36,"column":12},"end":{"line":36,"column":46}},"19":{"start":{"line":38,"column":12},"end":{"line":38,"column":31}},"20":{"start":{"line":43,"column":8},"end":{"line":48,"column":9}},"21":{"start":{"line":44,"column":30},"end":{"line":44,"column":133}},"22":{"start":{"line":45,"column":12},"end":{"line":45,"column":46}},"23":{"start":{"line":47,"column":12},"end":{"line":47,"column":31}},"24":{"start":{"line":52,"column":8},"end":{"line":57,"column":9}},"25":{"start":{"line":53,"column":30},"end":{"line":53,"column":132}},"26":{"start":{"line":54,"column":12},"end":{"line":54,"column":46}},"27":{"start":{"line":56,"column":12},"end":{"line":56,"column":31}},"28":{"start":{"line":61,"column":8},"end":{"line":66,"column":9}},"29":{"start":{"line":62,"column":30},"end":{"line":62,"column":136}},"30":{"start":{"line":63,"column":12},"end":{"line":63,"column":46}},"31":{"start":{"line":65,"column":12},"end":{"line":65,"column":31}},"32":{"start":{"line":70,"column":8},"end":{"line":75,"column":9}},"33":{"start":{"line":71,"column":27},"end":{"line":71,"column":112}},"34":{"start":{"line":72,"column":8},"end":{"line":72,"column":42}},"35":{"start":{"line":74,"column":12},"end":{"line":74,"column":30}},"36":{"start":{"line":80,"column":25},"end":{"line":80,"column":69}},"37":{"start":{"line":81,"column":8},"end":{"line":81,"column":51}},"38":{"start":{"line":81,"column":38},"end":{"line":81,"column":49}},"39":{"start":{"line":84,"column":0},"end":{"line":84,"column":22}}},"fnMap":{"0":{"name":"(anonymous_0)","decl":{"start":{"line":4,"column":4},"end":{"line":4,"column":5}},"loc":{"start":{"line":4,"column":75},"end":{"line":11,"column":1}},"line":4},"1":{"name":"(anonymous_1)","decl":{"start":{"line":14,"column":4},"end":{"line":14,"column":5}},"loc":{"start":{"line":14,"column":32},"end":{"line":21,"column":5}},"line":14},"2":{"name":"(anonymous_2)","decl":{"start":{"line":23,"column":4},"end":{"line":23,"column":5}},"loc":{"start":{"line":23,"column":44},"end":{"line":30,"column":5}},"line":23},"3":{"name":"(anonymous_3)","decl":{"start":{"line":32,"column":4},"end":{"line":32,"column":5}},"loc":{"start":{"line":32,"column":42},"end":{"line":40,"column":5}},"line":32},"4":{"name":"(anonymous_4)","decl":{"start":{"line":42,"column":4},"end":{"line":42,"column":5}},"loc":{"start":{"line":42,"column":30},"end":{"line":49,"column":5}},"line":42},"5":{"name":"(anonymous_5)","decl":{"start":{"line":51,"column":4},"end":{"line":51,"column":5}},"loc":{"start":{"line":51,"column":29},"end":{"line":58,"column":5}},"line":51},"6":{"name":"(anonymous_6)","decl":{"start":{"line":60,"column":4},"end":{"line":60,"column":5}},"loc":{"start":{"line":60,"column":32},"end":{"line":67,"column":5}},"line":60},"7":{"name":"(anonymous_7)","decl":{"start":{"line":69,"column":4},"end":{"line":69,"column":5}},"loc":{"start":{"line":69,"column":20},"end":{"line":77,"column":5}},"line":69},"8":{"name":"(anonymous_8)","decl":{"start":{"line":79,"column":4},"end":{"line":79,"column":5}},"loc":{"start":{"line":79,"column":26},"end":{"line":82,"column":5}},"line":79},"9":{"name":"(anonymous_9)","decl":{"start":{"line":81,"column":33},"end":{"line":81,"column":34}},"loc":{"start":{"line":81,"column":38},"end":{"line":81,"column":49}},"line":81}},"branchMap":{"0":{"loc":{"start":{"line":34,"column":39},"end":{"line":34,"column":54}},"type":"default-arg","locations":[{"start":{"line":34,"column":49},"end":{"line":34,"column":54}}],"line":34}},"s":{"0":1,"1":15,"2":15,"3":15,"4":15,"5":15,"6":15,"7":3,"8":3,"9":2,"10":1,"11":5,"12":5,"13":5,"14":0,"15":1,"16":1,"17":1,"18":1,"19":0,"20":1,"21":1,"22":1,"23":0,"24":1,"25":1,"26":1,"27":0,"28":1,"29":1,"30":1,"31":0,"32":1,"33":1,"34":1,"35":0,"36":1,"37":1,"38":3,"39":1},"f":{"0":15,"1":3,"2":5,"3":1,"4":1,"5":1,"6":1,"7":1,"8":1,"9":3},"b":{"0":[1]},"_coverageSchema":"1a1c01bbd47fc00a2c39e90264f33305004495a9","hash":"55e031321597382c08280bc1012190f22631eff3"}
,"C:\\Users\\ioptyu2\\Desktop\\liskov\\lap2\\RecycleBin\\api\\models\\Weekday.js": {"path":"C:\\Users\\ioptyu2\\Desktop\\liskov\\lap2\\RecycleBin\\api\\models\\Weekday.js","statementMap":{"0":{"start":{"line":1,"column":12},"end":{"line":1,"column":42}},"1":{"start":{"line":5,"column":8},"end":{"line":5,"column":29}},"2":{"start":{"line":6,"column":8},"end":{"line":6,"column":31}},"3":{"start":{"line":10,"column":25},"end":{"line":10,"column":65}},"4":{"start":{"line":11,"column":8},"end":{"line":11,"column":54}},"5":{"start":{"line":11,"column":38},"end":{"line":11,"column":52}},"6":{"start":{"line":15,"column":25},"end":{"line":15,"column":92}},"7":{"start":{"line":16,"column":8},"end":{"line":18,"column":9}},"8":{"start":{"line":17,"column":12},"end":{"line":17,"column":57}},"9":{"start":{"line":19,"column":8},"end":{"line":19,"column":45}},"10":{"start":{"line":23,"column":25},"end":{"line":23,"column":93}},"11":{"start":{"line":24,"column":8},"end":{"line":26,"column":9}},"12":{"start":{"line":25,"column":12},"end":{"line":25,"column":57}},"13":{"start":{"line":27,"column":8},"end":{"line":27,"column":45}},"14":{"start":{"line":31,"column":26},"end":{"line":31,"column":30}},"15":{"start":{"line":32,"column":23},"end":{"line":32,"column":107}},"16":{"start":{"line":33,"column":8},"end":{"line":33,"column":45}},"17":{"start":{"line":37,"column":25},"end":{"line":37,"column":109}},"18":{"start":{"line":38,"column":8},"end":{"line":38,"column":45}},"19":{"start":{"line":42,"column":26},"end":{"line":42,"column":30}},"20":{"start":{"line":43,"column":25},"end":{"line":43,"column":130}},"21":{"start":{"line":44,"column":8},"end":{"line":44,"column":45}},"22":{"start":{"line":47,"column":0},"end":{"line":47,"column":25}}},"fnMap":{"0":{"name":"(anonymous_0)","decl":{"start":{"line":4,"column":4},"end":{"line":4,"column":5}},"loc":{"start":{"line":4,"column":40},"end":{"line":7,"column":5}},"line":4},"1":{"name":"(anonymous_1)","decl":{"start":{"line":9,"column":4},"end":{"line":9,"column":5}},"loc":{"start":{"line":9,"column":26},"end":{"line":12,"column":5}},"line":9},"2":{"name":"(anonymous_2)","decl":{"start":{"line":11,"column":33},"end":{"line":11,"column":34}},"loc":{"start":{"line":11,"column":38},"end":{"line":11,"column":52}},"line":11},"3":{"name":"(anonymous_3)","decl":{"start":{"line":14,"column":4},"end":{"line":14,"column":5}},"loc":{"start":{"line":14,"column":36},"end":{"line":20,"column":5}},"line":14},"4":{"name":"(anonymous_4)","decl":{"start":{"line":22,"column":4},"end":{"line":22,"column":5}},"loc":{"start":{"line":22,"column":32},"end":{"line":28,"column":5}},"line":22},"5":{"name":"(anonymous_5)","decl":{"start":{"line":30,"column":4},"end":{"line":30,"column":5}},"loc":{"start":{"line":30,"column":30},"end":{"line":34,"column":5}},"line":30},"6":{"name":"(anonymous_6)","decl":{"start":{"line":36,"column":4},"end":{"line":36,"column":5}},"loc":{"start":{"line":36,"column":20},"end":{"line":39,"column":5}},"line":36},"7":{"name":"(anonymous_7)","decl":{"start":{"line":41,"column":4},"end":{"line":41,"column":5}},"loc":{"start":{"line":41,"column":23},"end":{"line":45,"column":5}},"line":41}},"branchMap":{"0":{"loc":{"start":{"line":16,"column":8},"end":{"line":18,"column":9}},"type":"if","locations":[{"start":{"line":16,"column":8},"end":{"line":18,"column":9}},{"start":{},"end":{}}],"line":16},"1":{"loc":{"start":{"line":24,"column":8},"end":{"line":26,"column":9}},"type":"if","locations":[{"start":{"line":24,"column":8},"end":{"line":26,"column":9}},{"start":{},"end":{}}],"line":24}},"s":{"0":1,"1":15,"2":15,"3":1,"4":1,"5":8,"6":1,"7":1,"8":0,"9":1,"10":3,"11":3,"12":0,"13":3,"14":1,"15":1,"16":1,"17":1,"18":1,"19":1,"20":1,"21":1,"22":1},"f":{"0":15,"1":1,"2":8,"3":1,"4":3,"5":1,"6":1,"7":1},"b":{"0":[0,1],"1":[0,3]},"_coverageSchema":"1a1c01bbd47fc00a2c39e90264f33305004495a9","hash":"b2908993b7e341bacda0ab4d117e49395587bbc5"}
,"C:\\Users\\ioptyu2\\Desktop\\liskov\\lap2\\RecycleBin\\api\\routers\\address.js": {"path":"C:\\Users\\ioptyu2\\Desktop\\liskov\\lap2\\RecycleBin\\api\\routers\\address.js","statementMap":{"0":{"start":{"line":1,"column":16},"end":{"line":1,"column":34}},"1":{"start":{"line":2,"column":26},"end":{"line":2,"column":62}},"2":{"start":{"line":3,"column":22},"end":{"line":3,"column":60}},"3":{"start":{"line":4,"column":22},"end":{"line":4,"column":38}},"4":{"start":{"line":6,"column":0},"end":{"line":6,"column":50}},"5":{"start":{"line":7,"column":0},"end":{"line":7,"column":57}},"6":{"start":{"line":8,"column":0},"end":{"line":8,"column":69}},"7":{"start":{"line":9,"column":0},"end":{"line":9,"column":50}},"8":{"start":{"line":10,"column":0},"end":{"line":10,"column":56}},"9":{"start":{"line":11,"column":0},"end":{"line":11,"column":54}},"10":{"start":{"line":13,"column":0},"end":{"line":13,"column":31}}},"fnMap":{},"branchMap":{},"s":{"0":1,"1":1,"2":1,"3":1,"4":1,"5":1,"6":1,"7":1,"8":1,"9":1,"10":1},"f":{},"b":{},"_coverageSchema":"1a1c01bbd47fc00a2c39e90264f33305004495a9","hash":"8ece344d4a62e7358a963f4363a16a448a1deeae"}
,"C:\\Users\\ioptyu2\\Desktop\\liskov\\lap2\\RecycleBin\\api\\routers\\addressZone.js": {"path":"C:\\Users\\ioptyu2\\Desktop\\liskov\\lap2\\RecycleBin\\api\\routers\\addressZone.js","statementMap":{"0":{"start":{"line":1,"column":16},"end":{"line":1,"column":34}},"1":{"start":{"line":2,"column":30},"end":{"line":2,"column":67}},"2":{"start":{"line":3,"column":22},"end":{"line":3,"column":60}},"3":{"start":{"line":4,"column":26},"end":{"line":4,"column":42}},"4":{"start":{"line":6,"column":0},"end":{"line":6,"column":58}},"5":{"start":{"line":7,"column":0},"end":{"line":7,"column":65}},"6":{"start":{"line":8,"column":0},"end":{"line":8,"column":58}},"7":{"start":{"line":9,"column":0},"end":{"line":9,"column":64}},"8":{"start":{"line":10,"column":0},"end":{"line":10,"column":62}},"9":{"start":{"line":12,"column":0},"end":{"line":12,"column":35}}},"fnMap":{},"branchMap":{},"s":{"0":1,"1":1,"2":1,"3":1,"4":1,"5":1,"6":1,"7":1,"8":1,"9":1},"f":{},"b":{},"_coverageSchema":"1a1c01bbd47fc00a2c39e90264f33305004495a9","hash":"655c162deaea3d0d24c87a6822d0ba40551db797"}
,"C:\\Users\\ioptyu2\\Desktop\\liskov\\lap2\\RecycleBin\\api\\routers\\appointment.js": {"path":"C:\\Users\\ioptyu2\\Desktop\\liskov\\lap2\\RecycleBin\\api\\routers\\appointment.js","statementMap":{"0":{"start":{"line":1,"column":16},"end":{"line":1,"column":34}},"1":{"start":{"line":2,"column":30},"end":{"line":2,"column":67}},"2":{"start":{"line":3,"column":22},"end":{"line":3,"column":60}},"3":{"start":{"line":4,"column":26},"end":{"line":4,"column":42}},"4":{"start":{"line":6,"column":0},"end":{"line":6,"column":73}},"5":{"start":{"line":7,"column":0},"end":{"line":7,"column":61}},"6":{"start":{"line":8,"column":0},"end":{"line":8,"column":58}},"7":{"start":{"line":9,"column":0},"end":{"line":9,"column":64}},"8":{"start":{"line":10,"column":0},"end":{"line":10,"column":62}},"9":{"start":{"line":12,"column":0},"end":{"line":12,"column":35}}},"fnMap":{},"branchMap":{},"s":{"0":1,"1":1,"2":1,"3":1,"4":1,"5":1,"6":1,"7":1,"8":1,"9":1},"f":{},"b":{},"_coverageSchema":"1a1c01bbd47fc00a2c39e90264f33305004495a9","hash":"539ec278bf9cceb50a13bd24633b91b9e369a5bc"}
,"C:\\Users\\ioptyu2\\Desktop\\liskov\\lap2\\RecycleBin\\api\\routers\\bin.js": {"path":"C:\\Users\\ioptyu2\\Desktop\\liskov\\lap2\\RecycleBin\\api\\routers\\bin.js","statementMap":{"0":{"start":{"line":1,"column":16},"end":{"line":1,"column":34}},"1":{"start":{"line":2,"column":22},"end":{"line":2,"column":51}},"2":{"start":{"line":3,"column":22},"end":{"line":3,"column":60}},"3":{"start":{"line":4,"column":18},"end":{"line":4,"column":34}},"4":{"start":{"line":6,"column":0},"end":{"line":6,"column":42}},"5":{"start":{"line":7,"column":0},"end":{"line":7,"column":49}},"6":{"start":{"line":8,"column":0},"end":{"line":8,"column":42}},"7":{"start":{"line":9,"column":0},"end":{"line":9,"column":48}},"8":{"start":{"line":10,"column":0},"end":{"line":10,"column":46}},"9":{"start":{"line":12,"column":0},"end":{"line":12,"column":27}}},"fnMap":{},"branchMap":{},"s":{"0":1,"1":1,"2":1,"3":1,"4":1,"5":1,"6":1,"7":1,"8":1,"9":1},"f":{},"b":{},"_coverageSchema":"1a1c01bbd47fc00a2c39e90264f33305004495a9","hash":"6f4a5f8c9c368210f504f23be8b6c511c6786de1"}
,"C:\\Users\\ioptyu2\\Desktop\\liskov\\lap2\\RecycleBin\\api\\routers\\collectBulkyWaste.js": {"path":"C:\\Users\\ioptyu2\\Desktop\\liskov\\lap2\\RecycleBin\\api\\routers\\collectBulkyWaste.js","statementMap":{"0":{"start":{"line":1,"column":16},"end":{"line":1,"column":34}},"1":{"start":{"line":2,"column":36},"end":{"line":2,"column":79}},"2":{"start":{"line":3,"column":22},"end":{"line":3,"column":60}},"3":{"start":{"line":4,"column":32},"end":{"line":4,"column":48}},"4":{"start":{"line":6,"column":0},"end":{"line":6,"column":70}},"5":{"start":{"line":7,"column":0},"end":{"line":7,"column":73}},"6":{"start":{"line":8,"column":0},"end":{"line":8,"column":70}},"7":{"start":{"line":9,"column":0},"end":{"line":9,"column":76}},"8":{"start":{"line":10,"column":0},"end":{"line":10,"column":74}},"9":{"start":{"line":12,"column":0},"end":{"line":12,"column":41}}},"fnMap":{},"branchMap":{},"s":{"0":1,"1":1,"2":1,"3":1,"4":1,"5":1,"6":1,"7":1,"8":1,"9":1},"f":{},"b":{},"_coverageSchema":"1a1c01bbd47fc00a2c39e90264f33305004495a9","hash":"a21268b690fc7461cf7ff2fa6db4bf2b13d5a7c6"}
,"C:\\Users\\ioptyu2\\Desktop\\liskov\\lap2\\RecycleBin\\api\\routers\\collectDays.js": {"path":"C:\\Users\\ioptyu2\\Desktop\\liskov\\lap2\\RecycleBin\\api\\routers\\collectDays.js","statementMap":{"0":{"start":{"line":1,"column":16},"end":{"line":1,"column":34}},"1":{"start":{"line":2,"column":30},"end":{"line":2,"column":67}},"2":{"start":{"line":3,"column":22},"end":{"line":3,"column":60}},"3":{"start":{"line":4,"column":26},"end":{"line":4,"column":42}},"4":{"start":{"line":6,"column":0},"end":{"line":6,"column":58}},"5":{"start":{"line":7,"column":0},"end":{"line":7,"column":61}},"6":{"start":{"line":8,"column":0},"end":{"line":8,"column":58}},"7":{"start":{"line":9,"column":0},"end":{"line":9,"column":64}},"8":{"start":{"line":10,"column":0},"end":{"line":10,"column":62}},"9":{"start":{"line":11,"column":0},"end":{"line":11,"column":71}},"10":{"start":{"line":13,"column":0},"end":{"line":13,"column":35}}},"fnMap":{},"branchMap":{},"s":{"0":1,"1":1,"2":1,"3":1,"4":1,"5":1,"6":1,"7":1,"8":1,"9":1,"10":1},"f":{},"b":{},"_coverageSchema":"1a1c01bbd47fc00a2c39e90264f33305004495a9","hash":"b730add5614d45bc07b9f96879984f9b6f21d189"}
,"C:\\Users\\ioptyu2\\Desktop\\liskov\\lap2\\RecycleBin\\api\\routers\\materialsType.js": {"path":"C:\\Users\\ioptyu2\\Desktop\\liskov\\lap2\\RecycleBin\\api\\routers\\materialsType.js","statementMap":{"0":{"start":{"line":1,"column":16},"end":{"line":1,"column":34}},"1":{"start":{"line":2,"column":32},"end":{"line":2,"column":71}},"2":{"start":{"line":3,"column":22},"end":{"line":3,"column":60}},"3":{"start":{"line":4,"column":28},"end":{"line":4,"column":44}},"4":{"start":{"line":6,"column":0},"end":{"line":6,"column":62}},"5":{"start":{"line":7,"column":0},"end":{"line":7,"column":69}},"6":{"start":{"line":8,"column":0},"end":{"line":8,"column":62}},"7":{"start":{"line":9,"column":0},"end":{"line":9,"column":68}},"8":{"start":{"line":10,"column":0},"end":{"line":10,"column":66}},"9":{"start":{"line":12,"column":0},"end":{"line":12,"column":37}}},"fnMap":{},"branchMap":{},"s":{"0":1,"1":1,"2":1,"3":1,"4":1,"5":1,"6":1,"7":1,"8":1,"9":1},"f":{},"b":{},"_coverageSchema":"1a1c01bbd47fc00a2c39e90264f33305004495a9","hash":"897c65c479d64906ff4997bb73ce917d0bf810eb"}
,"C:\\Users\\ioptyu2\\Desktop\\liskov\\lap2\\RecycleBin\\api\\routers\\recyclableObject.js": {"path":"C:\\Users\\ioptyu2\\Desktop\\liskov\\lap2\\RecycleBin\\api\\routers\\recyclableObject.js","statementMap":{"0":{"start":{"line":1,"column":16},"end":{"line":1,"column":34}},"1":{"start":{"line":2,"column":25},"end":{"line":2,"column":70}},"2":{"start":{"line":3,"column":22},"end":{"line":3,"column":63}},"3":{"start":{"line":4,"column":21},"end":{"line":4,"column":37}},"4":{"start":{"line":6,"column":0},"end":{"line":6,"column":48}},"5":{"start":{"line":7,"column":0},"end":{"line":7,"column":63}},"6":{"start":{"line":8,"column":0},"end":{"line":8,"column":51}},"7":{"start":{"line":9,"column":0},"end":{"line":9,"column":48}},"8":{"start":{"line":10,"column":0},"end":{"line":10,"column":54}},"9":{"start":{"line":11,"column":0},"end":{"line":11,"column":52}},"10":{"start":{"line":13,"column":0},"end":{"line":13,"column":30}}},"fnMap":{},"branchMap":{},"s":{"0":1,"1":1,"2":1,"3":1,"4":1,"5":1,"6":1,"7":1,"8":1,"9":1,"10":1},"f":{},"b":{},"_coverageSchema":"1a1c01bbd47fc00a2c39e90264f33305004495a9","hash":"bae4d82aedc292f55faf4522bb9867cd7f6ba159"}
,"C:\\Users\\ioptyu2\\Desktop\\liskov\\lap2\\RecycleBin\\api\\routers\\user.js": {"path":"C:\\Users\\ioptyu2\\Desktop\\liskov\\lap2\\RecycleBin\\api\\routers\\user.js","statementMap":{"0":{"start":{"line":1,"column":19},"end":{"line":1,"column":37}},"1":{"start":{"line":3,"column":23},"end":{"line":3,"column":56}},"2":{"start":{"line":4,"column":22},"end":{"line":4,"column":63}},"3":{"start":{"line":5,"column":19},"end":{"line":5,"column":27}},"4":{"start":{"line":7,"column":0},"end":{"line":7,"column":44}},"5":{"start":{"line":8,"column":0},"end":{"line":8,"column":51}},"6":{"start":{"line":9,"column":0},"end":{"line":9,"column":50}},"7":{"start":{"line":10,"column":0},"end":{"line":10,"column":54}},"8":{"start":{"line":11,"column":0},"end":{"line":11,"column":48}},"9":{"start":{"line":12,"column":0},"end":{"line":12,"column":49}},"10":{"start":{"line":13,"column":0},"end":{"line":13,"column":87}},"11":{"start":{"line":14,"column":0},"end":{"line":14,"column":67}},"12":{"start":{"line":15,"column":0},"end":{"line":15,"column":71}},"13":{"start":{"line":16,"column":0},"end":{"line":16,"column":67}},"14":{"start":{"line":18,"column":0},"end":{"line":18,"column":28}}},"fnMap":{},"branchMap":{},"s":{"0":1,"1":1,"2":1,"3":1,"4":1,"5":1,"6":1,"7":1,"8":1,"9":1,"10":1,"11":1,"12":1,"13":1,"14":1},"f":{},"b":{},"_coverageSchema":"1a1c01bbd47fc00a2c39e90264f33305004495a9","hash":"5f29981f7f837e962cb3aae8647c25a0a8916349"}
,"C:\\Users\\ioptyu2\\Desktop\\liskov\\lap2\\RecycleBin\\api\\routers\\weekday.js": {"path":"C:\\Users\\ioptyu2\\Desktop\\liskov\\lap2\\RecycleBin\\api\\routers\\weekday.js","statementMap":{"0":{"start":{"line":1,"column":16},"end":{"line":1,"column":34}},"1":{"start":{"line":2,"column":26},"end":{"line":2,"column":59}},"2":{"start":{"line":3,"column":22},"end":{"line":3,"column":60}},"3":{"start":{"line":4,"column":22},"end":{"line":4,"column":38}},"4":{"start":{"line":6,"column":0},"end":{"line":6,"column":65}},"5":{"start":{"line":7,"column":0},"end":{"line":7,"column":72}},"6":{"start":{"line":8,"column":0},"end":{"line":8,"column":57}},"7":{"start":{"line":9,"column":0},"end":{"line":9,"column":50}},"8":{"start":{"line":10,"column":0},"end":{"line":10,"column":56}},"9":{"start":{"line":11,"column":0},"end":{"line":11,"column":54}},"10":{"start":{"line":13,"column":0},"end":{"line":13,"column":31}}},"fnMap":{},"branchMap":{},"s":{"0":1,"1":1,"2":1,"3":1,"4":1,"5":1,"6":1,"7":1,"8":1,"9":1,"10":1},"f":{},"b":{},"_coverageSchema":"1a1c01bbd47fc00a2c39e90264f33305004495a9","hash":"5a8b90a304ba8a2f359b759ac69e0e6b075d2ebc"}
}
