TN:
SF:api\api.js
FN:22,(anonymous_0)
FNF:1
FNH:0
FNDA:0,(anonymous_0)
DA:1,1
DA:2,1
DA:4,1
DA:5,1
DA:6,1
DA:7,1
DA:8,1
DA:9,1
DA:10,1
DA:11,1
DA:12,1
DA:13,1
DA:14,1
DA:16,1
DA:18,1
DA:19,1
DA:20,1
DA:22,1
DA:23,0
DA:29,1
DA:30,1
DA:31,1
DA:32,1
DA:33,1
DA:34,1
DA:35,1
DA:36,1
DA:37,1
DA:38,1
DA:40,1
LF:30
LH:29
BRF:0
BRH:0
end_of_record
TN:
SF:api\controllers\address.js
FN:3,showAll
FN:12,create
FN:22,showOneById
FN:32,showOneByUserInput
FN:42,destroy
FN:53,update
FNF:6
FNH:6
FNDA:1,showAll
FNDA:1,create
FNDA:1,showOneById
FNDA:1,showOneByUserInput
FNDA:1,destroy
FNDA:1,update
DA:1,1
DA:4,1
DA:5,1
DA:6,1
DA:8,0
DA:13,1
DA:14,1
DA:15,1
DA:16,1
DA:18,0
DA:23,1
DA:24,1
DA:25,1
DA:26,1
DA:28,0
DA:33,1
DA:34,1
DA:35,1
DA:36,1
DA:38,0
DA:43,1
DA:44,1
DA:45,1
DA:46,1
DA:47,1
DA:49,0
DA:54,1
DA:55,1
DA:56,1
DA:57,1
DA:58,1
DA:59,1
DA:61,0
DA:65,1
LF:34
LH:28
BRF:0
BRH:0
end_of_record
TN:
SF:api\controllers\addressZone.js
FN:3,showAll
FN:12,showOneByNumber
FN:22,showOneById
FN:32,create
FN:42,destroy
FN:53,update
FNF:6
FNH:5
FNDA:1,showAll
FNDA:0,showOneByNumber
FNDA:1,showOneById
FNDA:1,create
FNDA:1,destroy
FNDA:1,update
DA:1,1
DA:4,1
DA:5,1
DA:6,1
DA:8,0
DA:13,0
DA:14,0
DA:15,0
DA:16,0
DA:18,0
DA:23,1
DA:24,1
DA:25,1
DA:26,1
DA:28,0
DA:33,1
DA:34,1
DA:35,1
DA:36,1
DA:38,0
DA:43,1
DA:44,1
DA:45,1
DA:46,1
DA:47,1
DA:49,0
DA:54,1
DA:55,1
DA:56,1
DA:57,1
DA:58,1
DA:59,1
DA:61,0
DA:65,1
LF:34
LH:24
BRF:0
BRH:0
end_of_record
TN:
SF:api\controllers\appointment.js
FN:3,showAll
FN:12,create
FN:22,showOne
FN:32,destroy
FN:43,update
FNF:5
FNH:5
FNDA:1,showAll
FNDA:1,create
FNDA:1,showOne
FNDA:1,destroy
FNDA:1,update
DA:1,1
DA:4,1
DA:5,1
DA:6,1
DA:8,0
DA:13,1
DA:14,1
DA:15,1
DA:16,1
DA:18,0
DA:23,1
DA:24,1
DA:25,1
DA:26,1
DA:28,0
DA:33,1
DA:34,1
DA:35,1
DA:36,1
DA:37,1
DA:39,0
DA:44,1
DA:45,1
DA:46,1
DA:47,1
DA:48,1
DA:49,1
DA:51,0
DA:55,1
LF:29
LH:24
BRF:0
BRH:0
end_of_record
TN:
SF:api\controllers\bin.js
FN:3,showAll
FN:12,showOneByName
FN:24,showOneById
FN:34,create
FN:44,destroy
FN:55,update
FNF:6
FNH:5
FNDA:1,showAll
FNDA:0,showOneByName
FNDA:1,showOneById
FNDA:1,create
FNDA:1,destroy
FNDA:1,update
DA:1,1
DA:4,1
DA:5,1
DA:6,1
DA:8,0
DA:13,0
DA:14,0
DA:15,0
DA:16,0
DA:18,0
DA:20,0
DA:25,1
DA:26,1
DA:27,1
DA:28,1
DA:30,0
DA:35,1
DA:36,1
DA:37,1
DA:38,1
DA:40,0
DA:45,1
DA:46,1
DA:47,1
DA:48,1
DA:49,1
DA:51,0
DA:56,1
DA:57,1
DA:58,1
DA:59,1
DA:60,1
DA:61,1
DA:63,0
DA:67,1
LF:35
LH:24
BRF:0
BRH:0
end_of_record
TN:
SF:api\controllers\collectBulkyWaste.js
FN:3,showAll
FN:12,create
FN:22,showOne
FN:32,showOneByWeight
FN:43,destroy
FN:54,update
FNF:6
FNH:5
FNDA:1,showAll
FNDA:1,create
FNDA:1,showOne
FNDA:0,showOneByWeight
FNDA:1,destroy
FNDA:1,update
DA:1,1
DA:4,1
DA:5,1
DA:6,1
DA:8,0
DA:13,1
DA:14,1
DA:15,1
DA:16,1
DA:18,0
DA:23,1
DA:24,1
DA:25,1
DA:26,1
DA:28,0
DA:33,0
DA:34,0
DA:35,0
DA:36,0
DA:37,0
DA:39,0
DA:44,1
DA:45,1
DA:46,1
DA:47,1
DA:48,1
DA:50,0
DA:55,1
DA:56,1
DA:57,1
DA:58,1
DA:59,1
DA:60,1
DA:62,0
DA:66,1
LF:35
LH:24
BRF:0
BRH:0
end_of_record
TN:
SF:api\controllers\collectDays.js
FN:3,showAll
FN:12,create
FN:22,showOne
FN:32,showByZoneId
FN:43,destroy
FN:54,update
FNF:6
FNH:5
FNDA:1,showAll
FNDA:1,create
FNDA:1,showOne
FNDA:0,showByZoneId
FNDA:1,destroy
FNDA:1,update
DA:1,1
DA:4,1
DA:5,1
DA:6,1
DA:8,0
DA:13,1
DA:14,1
DA:15,1
DA:16,1
DA:18,0
DA:23,1
DA:24,1
DA:25,1
DA:26,1
DA:28,0
DA:33,0
DA:34,0
DA:35,0
DA:36,0
DA:37,0
DA:39,0
DA:44,1
DA:45,1
DA:46,1
DA:47,1
DA:48,1
DA:50,0
DA:55,1
DA:56,1
DA:57,1
DA:58,1
DA:59,1
DA:60,1
DA:62,0
DA:66,1
LF:35
LH:24
BRF:0
BRH:0
end_of_record
TN:
SF:api\controllers\materialsType.js
FN:3,showAll
FN:12,showOneByName
FN:22,showOneById
FN:32,create
FN:42,destroy
FN:53,update
FNF:6
FNH:0
FNDA:0,showAll
FNDA:0,showOneByName
FNDA:0,showOneById
FNDA:0,create
FNDA:0,destroy
FNDA:0,update
DA:1,1
DA:4,0
DA:5,0
DA:6,0
DA:8,0
DA:13,0
DA:14,0
DA:15,0
DA:16,0
DA:18,0
DA:23,0
DA:24,0
DA:25,0
DA:26,0
DA:28,0
DA:33,0
DA:34,0
DA:35,0
DA:36,0
DA:38,0
DA:43,0
DA:44,0
DA:45,0
DA:46,0
DA:47,0
DA:49,0
DA:54,0
DA:55,0
DA:56,0
DA:57,0
DA:58,0
DA:59,0
DA:61,0
DA:65,1
LF:34
LH:2
BRF:0
BRH:0
end_of_record
TN:
SF:api\controllers\recyclableObject.js
FN:3,showAll
FN:12,create
FN:22,showOne
FN:32,findInput
FN:42,destroy
FN:53,update
FNF:6
FNH:6
FNDA:1,showAll
FNDA:1,create
FNDA:1,showOne
FNDA:1,findInput
FNDA:1,destroy
FNDA:1,update
DA:1,1
DA:4,1
DA:5,1
DA:6,1
DA:8,0
DA:13,1
DA:14,1
DA:15,1
DA:16,1
DA:18,0
DA:23,1
DA:24,1
DA:25,1
DA:26,1
DA:28,0
DA:33,1
DA:34,1
DA:35,1
DA:36,1
DA:38,0
DA:43,1
DA:44,1
DA:45,1
DA:46,1
DA:47,1
DA:49,0
DA:54,1
DA:55,1
DA:56,1
DA:57,1
DA:58,1
DA:59,1
DA:61,0
DA:65,1
LF:34
LH:28
BRF:0
BRH:0
end_of_record
TN:
SF:api\controllers\user.js
FN:6,register
FN:23,login
FN:40,logout
FN:56,getUserByUsername
FN:66,getUserById
FN:76,updateIsAdmin
FN:88,updatePoints
FN:100,updateUsername
FN:112,updatePassword
FN:128,updateAddressId
FN:142,showAll
FN:151,destroy
FNF:12
FNH:9
FNDA:1,register
FNDA:1,login
FNDA:0,logout
FNDA:1,getUserByUsername
FNDA:1,getUserById
FNDA:1,updateIsAdmin
FNDA:1,updatePoints
FNDA:0,updateUsername
FNDA:0,updatePassword
FNDA:1,updateAddressId
FNDA:1,showAll
FNDA:1,destroy
DA:1,1
DA:2,1
DA:3,1
DA:4,1
DA:7,1
DA:8,1
DA:9,1
DA:10,1
DA:11,1
DA:12,1
DA:13,1
DA:14,1
DA:16,0
DA:19,0
DA:24,1
DA:25,1
DA:26,1
DA:27,1
DA:28,1
DA:29,0
DA:31,1
DA:32,1
DA:33,1
DA:36,0
DA:41,0
DA:42,0
DA:43,0
DA:44,0
DA:45,0
DA:47,0
DA:48,0
DA:49,0
DA:52,0
DA:57,1
DA:58,1
DA:59,1
DA:60,1
DA:62,0
DA:67,1
DA:68,1
DA:69,1
DA:70,1
DA:72,0
DA:77,1
DA:78,1
DA:79,1
DA:80,1
DA:81,1
DA:82,1
DA:84,0
DA:89,1
DA:90,1
DA:91,1
DA:92,1
DA:93,1
DA:94,1
DA:96,0
DA:101,0
DA:102,0
DA:103,0
DA:104,0
DA:105,0
DA:106,0
DA:108,0
DA:113,0
DA:114,0
DA:115,0
DA:116,0
DA:117,0
DA:118,0
DA:119,0
DA:120,0
DA:121,0
DA:122,0
DA:124,0
DA:129,1
DA:130,1
DA:131,1
DA:132,1
DA:133,1
DA:134,1
DA:135,1
DA:136,1
DA:138,0
DA:143,1
DA:144,1
DA:145,1
DA:147,0
DA:152,1
DA:153,1
DA:154,1
DA:155,1
DA:156,1
DA:157,1
DA:158,1
DA:160,0
DA:165,1
LF:97
LH:59
BRDA:10,0,0,1
BRDA:10,0,1,0
BRDA:28,1,0,0
BRDA:28,1,1,1
BRDA:44,2,0,0
BRDA:44,2,1,0
BRF:6
BRH:2
end_of_record
TN:
SF:api\controllers\weekday.js
FN:3,showAll
FN:12,showOneByName
FN:23,showOneById
FN:34,create
FN:44,destroy
FN:55,update
FNF:6
FNH:6
FNDA:1,showAll
FNDA:1,showOneByName
FNDA:1,showOneById
FNDA:1,create
FNDA:1,destroy
FNDA:1,update
DA:1,1
DA:4,1
DA:5,1
DA:6,1
DA:8,0
DA:13,1
DA:14,1
DA:15,1
DA:16,1
DA:17,1
DA:19,0
DA:24,1
DA:25,1
DA:26,1
DA:27,1
DA:28,1
DA:30,0
DA:35,1
DA:36,1
DA:37,1
DA:38,1
DA:40,0
DA:45,1
DA:46,1
DA:47,1
DA:48,1
DA:49,1
DA:51,0
DA:56,1
DA:57,1
DA:58,1
DA:59,1
DA:60,1
DA:61,1
DA:63,0
DA:67,1
LF:36
LH:30
BRF:0
BRH:0
end_of_record
TN:
SF:api\database\connect.js
FNF:0
FNH:0
DA:1,1
DA:2,1
DA:5,1
DA:9,1
DA:11,1
LF:5
LH:5
BRF:0
BRH:0
end_of_record
TN:
SF:api\middleware\authenticator.js
FN:3,authenticator
FNF:1
FNH:1
FNDA:3,authenticator
DA:1,1
DA:4,3
DA:5,3
DA:6,3
DA:7,0
DA:9,3
DA:10,3
DA:14,0
DA:18,1
LF:9
LH:7
BRDA:6,0,0,0
BRDA:6,0,1,3
BRF:2
BRH:1
end_of_record
TN:
SF:api\middleware\logger.js
FN:1,logRoutes
FNF:1
FNH:1
FNDA:52,logRoutes
DA:2,52
DA:3,52
DA:6,1
LF:3
LH:3
BRF:0
BRH:0
end_of_record
TN:
SF:api\models\Address.js
FN:4,(anonymous_0)
FN:12,(anonymous_1)
FN:14,(anonymous_2)
FN:17,(anonymous_3)
FN:25,(anonymous_4)
FN:35,(anonymous_5)
FN:41,(anonymous_6)
FN:46,(anonymous_7)
FNF:8
FNH:8
FNDA:145,(anonymous_0)
FNDA:1,(anonymous_1)
FNDA:137,(anonymous_2)
FNDA:3,(anonymous_3)
FNDA:2,(anonymous_4)
FNDA:1,(anonymous_5)
FNDA:1,(anonymous_6)
FNDA:1,(anonymous_7)
DA:1,1
DA:5,145
DA:6,145
DA:7,145
DA:8,145
DA:9,145
DA:13,1
DA:14,137
DA:18,3
DA:19,3
DA:20,0
DA:22,3
DA:26,2
DA:27,2
DA:28,2
DA:29,2
DA:30,0
DA:32,2
DA:36,1
DA:37,1
DA:38,1
DA:42,1
DA:43,1
DA:47,1
DA:48,1
DA:49,1
DA:52,1
LF:27
LH:25
BRDA:19,0,0,0
BRDA:19,0,1,3
BRDA:29,1,0,0
BRDA:29,1,1,2
BRF:4
BRH:2
end_of_record
TN:
SF:api\models\AddressZone.js
FN:4,(anonymous_0)
FN:9,(anonymous_1)
FN:11,(anonymous_2)
FN:14,(anonymous_3)
FN:22,(anonymous_4)
FN:30,(anonymous_5)
FN:36,(anonymous_6)
FN:43,(anonymous_7)
FNF:8
FNH:7
FNDA:17,(anonymous_0)
FNDA:1,(anonymous_1)
FNDA:11,(anonymous_2)
FNDA:0,(anonymous_3)
FNDA:3,(anonymous_4)
FNDA:1,(anonymous_5)
FNDA:1,(anonymous_6)
FNDA:1,(anonymous_7)
DA:1,1
DA:5,17
DA:6,17
DA:10,1
DA:11,11
DA:15,0
DA:16,0
DA:17,0
DA:19,0
DA:23,3
DA:24,3
DA:25,0
DA:27,3
DA:31,1
DA:32,1
DA:33,1
DA:37,1
DA:38,1
DA:39,1
DA:40,1
DA:44,1
DA:45,1
DA:46,1
DA:49,1
LF:24
LH:19
BRDA:16,0,0,0
BRDA:16,0,1,0
BRDA:24,1,0,0
BRDA:24,1,1,3
BRF:4
BRH:1
end_of_record
TN:
SF:api\models\Appointment.js
FN:4,(anonymous_0)
FN:12,(anonymous_1)
FN:14,(anonymous_2)
FN:17,(anonymous_3)
FN:25,(anonymous_4)
FN:31,(anonymous_5)
FN:36,(anonymous_6)
FNF:7
FNH:7
FNDA:7,(anonymous_0)
FNDA:1,(anonymous_1)
FNDA:1,(anonymous_2)
FNDA:3,(anonymous_3)
FNDA:1,(anonymous_4)
FNDA:1,(anonymous_5)
FNDA:1,(anonymous_6)
DA:1,1
DA:5,7
DA:6,7
DA:7,7
DA:8,7
DA:9,7
DA:13,1
DA:14,1
DA:18,3
DA:19,3
DA:20,0
DA:22,3
DA:26,1
DA:27,1
DA:28,1
DA:32,1
DA:33,1
DA:37,1
DA:38,1
DA:39,1
DA:42,1
LF:21
LH:20
BRDA:19,0,0,0
BRDA:19,0,1,3
BRF:2
BRH:1
end_of_record
TN:
SF:api\models\Bin.js
FN:4,(anonymous_0)
FN:9,(anonymous_1)
FN:11,(anonymous_2)
FN:14,(anonymous_3)
FN:22,(anonymous_4)
FN:30,(anonymous_5)
FN:36,(anonymous_6)
FN:43,(anonymous_7)
FNF:8
FNH:7
FNDA:14,(anonymous_0)
FNDA:1,(anonymous_1)
FNDA:8,(anonymous_2)
FNDA:0,(anonymous_3)
FNDA:3,(anonymous_4)
FNDA:1,(anonymous_5)
FNDA:1,(anonymous_6)
FNDA:1,(anonymous_7)
DA:1,1
DA:5,14
DA:6,14
DA:10,1
DA:11,8
DA:15,0
DA:16,0
DA:17,0
DA:19,0
DA:23,3
DA:24,3
DA:25,0
DA:27,3
DA:31,1
DA:32,1
DA:33,1
DA:37,1
DA:38,1
DA:39,1
DA:40,1
DA:44,1
DA:45,1
DA:46,1
DA:49,1
LF:24
LH:19
BRDA:16,0,0,0
BRDA:16,0,1,0
BRDA:24,1,0,0
BRDA:24,1,1,3
BRF:4
BRH:1
end_of_record
TN:
SF:api\models\CollectBulkyWaste.js
FN:4,(anonymous_0)
FN:10,(anonymous_1)
FN:12,(anonymous_2)
FN:15,(anonymous_3)
FN:23,(anonymous_4)
FN:32,(anonymous_5)
FN:38,(anonymous_6)
FN:43,(anonymous_7)
FNF:8
FNH:7
FNDA:10,(anonymous_0)
FNDA:1,(anonymous_1)
FNDA:4,(anonymous_2)
FNDA:3,(anonymous_3)
FNDA:0,(anonymous_4)
FNDA:1,(anonymous_5)
FNDA:1,(anonymous_6)
FNDA:1,(anonymous_7)
DA:1,1
DA:5,10
DA:6,10
DA:7,10
DA:11,1
DA:12,4
DA:16,3
DA:17,3
DA:18,0
DA:20,3
DA:24,0
DA:25,0
DA:26,0
DA:28,0
DA:33,1
DA:34,1
DA:35,1
DA:39,1
DA:40,1
DA:44,1
DA:45,1
DA:46,1
DA:49,1
LF:23
LH:18
BRDA:17,0,0,0
BRDA:17,0,1,3
BRDA:25,1,0,0
BRDA:25,1,1,0
BRF:4
BRH:1
end_of_record
TN:
SF:api\models\CollectDays.js
FN:4,(anonymous_0)
FN:11,(anonymous_1)
FN:13,(anonymous_2)
FN:16,(anonymous_3)
FN:24,(anonymous_4)
FN:32,(anonymous_5)
FN:38,(anonymous_6)
FN:43,(anonymous_7)
FNF:8
FNH:7
FNDA:9,(anonymous_0)
FNDA:1,(anonymous_1)
FNDA:3,(anonymous_2)
FNDA:3,(anonymous_3)
FNDA:0,(anonymous_4)
FNDA:1,(anonymous_5)
FNDA:1,(anonymous_6)
FNDA:1,(anonymous_7)
DA:1,1
DA:5,9
DA:6,9
DA:7,9
DA:8,9
DA:12,1
DA:13,3
DA:17,3
DA:18,3
DA:19,0
DA:21,3
DA:25,0
DA:26,0
DA:27,0
DA:29,0
DA:33,1
DA:34,1
DA:35,1
DA:39,1
DA:40,1
DA:44,1
DA:45,1
DA:46,1
DA:49,1
LF:24
LH:19
BRDA:18,0,0,0
BRDA:18,0,1,3
BRDA:26,1,0,0
BRDA:26,1,1,0
BRF:4
BRH:1
end_of_record
TN:
SF:api\models\MaterialsType.js
FN:4,(anonymous_0)
FN:9,(anonymous_1)
FN:11,(anonymous_2)
FN:14,(anonymous_3)
FN:22,(anonymous_4)
FN:30,(anonymous_5)
FN:36,(anonymous_6)
FN:42,(anonymous_7)
FNF:8
FNH:0
FNDA:0,(anonymous_0)
FNDA:0,(anonymous_1)
FNDA:0,(anonymous_2)
FNDA:0,(anonymous_3)
FNDA:0,(anonymous_4)
FNDA:0,(anonymous_5)
FNDA:0,(anonymous_6)
FNDA:0,(anonymous_7)
DA:1,1
DA:5,0
DA:6,0
DA:10,0
DA:11,0
DA:15,0
DA:16,0
DA:17,0
DA:19,0
DA:23,0
DA:24,0
DA:25,0
DA:27,0
DA:31,0
DA:32,0
DA:33,0
DA:37,0
DA:38,0
DA:39,0
DA:43,0
DA:44,0
DA:45,0
DA:48,1
LF:23
LH:2
BRDA:16,0,0,0
BRDA:16,0,1,0
BRDA:24,1,0,0
BRDA:24,1,1,0
BRF:4
BRH:0
end_of_record
TN:
SF:api\models\RecyclableObject.js
FN:4,(anonymous_0)
FN:11,(anonymous_1)
FN:13,(anonymous_2)
FN:16,(anonymous_3)
FN:24,(anonymous_4)
FN:30,(anonymous_5)
FN:40,(anonymous_6)
FN:45,(anonymous_7)
FNF:8
FNH:8
FNDA:115,(anonymous_0)
FNDA:1,(anonymous_1)
FNDA:109,(anonymous_2)
FNDA:3,(anonymous_3)
FNDA:1,(anonymous_4)
FNDA:1,(anonymous_5)
FNDA:1,(anonymous_6)
FNDA:1,(anonymous_7)
DA:1,1
DA:5,115
DA:6,115
DA:7,115
DA:8,115
DA:12,1
DA:13,109
DA:17,3
DA:18,3
DA:19,0
DA:21,3
DA:25,1
DA:26,1
DA:27,1
DA:32,1
DA:33,1
DA:34,1
DA:36,0
DA:41,1
DA:42,1
DA:46,1
DA:47,1
DA:48,1
DA:51,1
LF:24
LH:22
BRDA:18,0,0,0
BRDA:18,0,1,3
BRF:2
BRH:1
end_of_record
TN:
SF:api\models\Token.js
FN:5,(anonymous_0)
FN:11,(anonymous_1)
FN:21,(anonymous_2)
FN:30,(anonymous_3)
FN:40,(anonymous_4)
FN:49,(anonymous_5)
FNF:6
FNH:4
FNDA:2,(anonymous_0)
FNDA:1,(anonymous_1)
FNDA:0,(anonymous_2)
FNDA:1,(anonymous_3)
FNDA:0,(anonymous_4)
FNDA:1,(anonymous_5)
DA:1,1
DA:2,1
DA:6,2
DA:7,2
DA:8,2
DA:12,1
DA:13,1
DA:14,1
DA:15,1
DA:17,0
DA:22,0
DA:23,0
DA:24,0
DA:26,0
DA:31,1
DA:32,1
DA:33,1
DA:35,0
DA:41,0
DA:42,0
DA:43,0
DA:45,0
DA:50,1
DA:51,1
DA:52,1
DA:53,1
DA:56,0
DA:61,1
LF:28
LH:17
BRF:0
BRH:0
end_of_record
TN:
SF:api\models\User.js
FN:4,(anonymous_0)
FN:14,(anonymous_1)
FN:23,(anonymous_2)
FN:32,(anonymous_3)
FN:42,(anonymous_4)
FN:51,(anonymous_5)
FN:60,(anonymous_6)
FN:69,(anonymous_7)
FN:78,(anonymous_8)
FN:87,(anonymous_9)
FN:97,(anonymous_10)
FN:99,(anonymous_11)
FNF:12
FNH:10
FNDA:15,(anonymous_0)
FNDA:2,(anonymous_1)
FNDA:5,(anonymous_2)
FNDA:1,(anonymous_3)
FNDA:1,(anonymous_4)
FNDA:1,(anonymous_5)
FNDA:1,(anonymous_6)
FNDA:0,(anonymous_7)
FNDA:0,(anonymous_8)
FNDA:1,(anonymous_9)
FNDA:1,(anonymous_10)
FNDA:3,(anonymous_11)
DA:1,1
DA:5,15
DA:6,15
DA:7,15
DA:8,15
DA:9,15
DA:10,15
DA:15,2
DA:16,2
DA:17,2
DA:19,0
DA:24,5
DA:25,5
DA:26,5
DA:28,0
DA:33,1
DA:34,1
DA:35,1
DA:36,1
DA:38,0
DA:43,1
DA:44,1
DA:45,1
DA:47,0
DA:52,1
DA:53,1
DA:54,1
DA:56,0
DA:61,1
DA:62,1
DA:63,1
DA:65,0
DA:70,0
DA:71,0
DA:72,0
DA:74,0
DA:79,0
DA:80,0
DA:81,0
DA:83,0
DA:88,1
DA:89,1
DA:90,1
DA:92,0
DA:98,1
DA:99,3
DA:102,1
LF:47
LH:32
BRDA:34,0,0,1
BRF:1
BRH:1
end_of_record
TN:
SF:api\models\Weekday.js
FN:4,(anonymous_0)
FN:9,(anonymous_1)
FN:11,(anonymous_2)
FN:14,(anonymous_3)
FN:22,(anonymous_4)
FN:30,(anonymous_5)
FN:36,(anonymous_6)
FN:41,(anonymous_7)
FNF:8
FNH:8
FNDA:15,(anonymous_0)
FNDA:1,(anonymous_1)
FNDA:8,(anonymous_2)
FNDA:1,(anonymous_3)
FNDA:3,(anonymous_4)
FNDA:1,(anonymous_5)
FNDA:1,(anonymous_6)
FNDA:1,(anonymous_7)
DA:1,1
DA:5,15
DA:6,15
DA:10,1
DA:11,8
DA:15,1
DA:16,1
DA:17,0
DA:19,1
DA:23,3
DA:24,3
DA:25,0
DA:27,3
DA:31,1
DA:32,1
DA:33,1
DA:37,1
DA:38,1
DA:42,1
DA:43,1
DA:44,1
DA:47,1
LF:22
LH:20
BRDA:16,0,0,0
BRDA:16,0,1,1
BRDA:24,1,0,0
BRDA:24,1,1,3
BRF:4
BRH:2
end_of_record
TN:
SF:api\routers\address.js
FNF:0
FNH:0
DA:1,1
DA:2,1
DA:3,1
DA:4,1
DA:6,1
DA:7,1
DA:8,1
DA:9,1
DA:10,1
DA:11,1
DA:13,1
LF:11
LH:11
BRF:0
BRH:0
end_of_record
TN:
SF:api\routers\addressZone.js
FNF:0
FNH:0
DA:1,1
DA:2,1
DA:3,1
DA:4,1
DA:6,1
DA:7,1
DA:8,1
DA:9,1
DA:10,1
DA:12,1
LF:10
LH:10
BRF:0
BRH:0
end_of_record
TN:
SF:api\routers\appointment.js
FNF:0
FNH:0
DA:1,1
DA:2,1
DA:3,1
DA:4,1
DA:6,1
DA:7,1
DA:8,1
DA:9,1
DA:10,1
DA:12,1
LF:10
LH:10
BRF:0
BRH:0
end_of_record
TN:
SF:api\routers\bin.js
FNF:0
FNH:0
DA:1,1
DA:2,1
DA:3,1
DA:4,1
DA:6,1
DA:7,1
DA:8,1
DA:9,1
DA:10,1
DA:11,1
DA:13,1
LF:11
LH:11
BRF:0
BRH:0
end_of_record
TN:
SF:api\routers\collectBulkyWaste.js
FNF:0
FNH:0
DA:1,1
DA:2,1
DA:3,1
DA:4,1
DA:6,1
DA:7,1
DA:8,1
DA:9,1
DA:10,1
DA:11,1
DA:13,1
LF:11
LH:11
BRF:0
BRH:0
end_of_record
TN:
SF:api\routers\collectDays.js
FNF:0
FNH:0
DA:1,1
DA:2,1
DA:3,1
DA:4,1
DA:6,1
DA:7,1
DA:8,1
DA:9,1
DA:10,1
DA:11,1
DA:13,1
LF:11
LH:11
BRF:0
BRH:0
end_of_record
TN:
SF:api\routers\materialsType.js
FNF:0
FNH:0
DA:1,1
DA:2,1
DA:3,1
DA:4,1
DA:6,1
DA:7,1
DA:8,1
DA:9,1
DA:10,1
DA:12,1
LF:10
LH:10
BRF:0
BRH:0
end_of_record
TN:
SF:api\routers\recyclableObject.js
FNF:0
FNH:0
DA:1,1
DA:2,1
DA:3,1
DA:4,1
DA:6,1
DA:7,1
DA:8,1
DA:9,1
DA:10,1
DA:11,1
DA:13,1
LF:11
LH:11
BRF:0
BRH:0
end_of_record
TN:
SF:api\routers\user.js
FNF:0
FNH:0
DA:1,1
DA:3,1
DA:4,1
DA:5,1
DA:7,1
DA:8,1
DA:9,1
DA:10,1
DA:11,1
DA:12,1
DA:13,1
DA:14,1
DA:15,1
DA:16,1
DA:17,1
DA:18,1
DA:20,1
LF:17
LH:17
BRF:0
BRH:0
end_of_record
TN:
SF:api\routers\weekday.js
FNF:0
FNH:0
DA:1,1
DA:2,1
DA:3,1
DA:4,1
DA:6,1
DA:7,1
DA:8,1
DA:9,1
DA:10,1
DA:11,1
DA:13,1
LF:11
LH:11
BRF:0
BRH:0
end_of_record
